
[ ‚Äâ‚Äâ‚ÄÖ‚ÄÖUTC‚ÄÖ‚ÄÖ‚Äâ‚Äâ ] Logs for clare-ai-ta-mvp.streamlit.app/
‚îÄ‚îÄ‚îÄ‚îÄ‚îÄ‚îÄ‚îÄ‚îÄ‚îÄ‚îÄ‚îÄ‚îÄ‚îÄ‚îÄ‚îÄ‚îÄ‚îÄ‚îÄ‚îÄ‚îÄ‚îÄ‚îÄ‚îÄ‚îÄ‚îÄ‚îÄ‚îÄ‚îÄ‚îÄ‚îÄ‚îÄ‚îÄ‚îÄ‚îÄ‚îÄ‚îÄ‚îÄ‚îÄ‚îÄ‚îÄ‚îÄ‚îÄ‚îÄ‚îÄ‚îÄ‚îÄ‚îÄ‚îÄ‚îÄ‚îÄ‚îÄ‚îÄ‚îÄ‚îÄ‚îÄ‚îÄ‚îÄ‚îÄ‚îÄ‚îÄ‚îÄ‚îÄ‚îÄ‚îÄ‚îÄ‚îÄ‚îÄ‚îÄ‚îÄ‚îÄ‚îÄ‚îÄ‚îÄ‚îÄ‚îÄ‚îÄ‚îÄ‚îÄ‚îÄ‚îÄ‚îÄ‚îÄ‚îÄ‚îÄ‚îÄ‚îÄ‚îÄ‚îÄ
[23:00:19] üöÄ Starting up repository: 'clare-mvp-public', branch: 'main', main module: 'main.py'
[23:00:19] üêô Cloning repository...
[23:00:23] üêô Cloning into '/mount/src/clare-mvp-public'...
Updating files:  77% (132/171)Updating files:  78% (134/171)Updating files:  79% (136/171)Updating files:  80% (137/171)Updating files:  81% (139/171)Updating files:  82% (141/171)Updating files:  83% (142/171)Updating files:  84% (144/171)Updating files:  85% (146/171)Updating files:  86% (148/171)Updating files:  87% (149/171)Updating files:  88% (151/171)Updating files:  89% (153/171)Updating files:  90% (154/171)Updating files:  91% (156/171)Updating files:  92% (158/171)Updating files:  93% (160/171)Updating files:  94% (161/171)Updating files:  95% (163/171)Updating files:  96% (165/171)Updating files:  97% (166/171)Updating files:  98% (168/171)Updating files:  99% (170/171)Updating files: 100% (171/171)Updating files: 100% (171/171), done.

[23:00:23] üêô Cloned repository!
[23:00:23] üêô Pulling code changes from Github...
[23:00:24] üì¶ Processing dependencies...
Check if streamlit is installed

‚îÄ‚îÄ‚îÄ‚îÄ‚îÄ‚îÄ‚îÄ‚îÄ‚îÄ‚îÄ‚îÄ‚îÄ‚îÄ‚îÄ‚îÄ‚îÄ‚îÄ‚îÄ‚îÄ‚îÄ‚îÄ‚îÄ‚îÄ‚îÄ‚îÄ‚îÄ‚îÄ‚îÄ‚îÄ‚îÄ‚îÄ‚îÄ Installing Streamlit ‚îÄ‚îÄ‚îÄ‚îÄ‚îÄ‚îÄ‚îÄ‚îÄ‚îÄ‚îÄ‚îÄ‚îÄ‚îÄ‚îÄ‚îÄ‚îÄ‚îÄ‚îÄ‚îÄ‚îÄ‚îÄ‚îÄ‚îÄ‚îÄ‚îÄ‚îÄ‚îÄ‚îÄ‚îÄ‚îÄ‚îÄ‚îÄ‚îÄ‚îÄ

cat: /mount/admin/install_path: No such file or directory
Using uv pip install.
Using Python 3.12.11 environment at /home/adminuser/venv
Resolved 37 packages in 672ms
Prepared 37 packages in 2.30s
Installed 37 packages in 121ms
 + altair==5.5.0[2025-09-21 23:00:28.303402] 
 + attrs==25.3.0
 + blinker==1.9.0
 + cachetools==6.2.0
 + certifi==2025.8.3
 + charset-normalizer==3.4.3
 + click==8.3.0
 + gitdb==4.0.12
 + gitpython==3.1.45
 + idna==3.10
 + jinja2==3.1.6
 + jsonschema==4.25.1
 + jsonschema-specifications==2025.9.1
 + markupsafe==3.0.2
 + narwhals==2.5.0
 + numpy==2.3.3[2025-09-21 23:00:28.303744] 
 + packaging==25.0
 + pandas==2.3.2
 + pillow==11.3.0
 + protobuf==6.32.1
 + pyarrow==21.0.0
 + pydeck==0.9.1
 + python-dateutil[2025-09-21 23:00:28.304005] ==2.9.0.post0
 + pytz==2025.2
 + referencing==0.36.2
 + requests==2.32.5
 + rpds-py==0.27.1
 + six==1.17.0
 + smmap==5.0.2
 + streamlit==1.49.1
 +[2025-09-21 23:00:28.304256]  tenacity==9.1.2
 + toml==0.10.2
 + tornado==6.5.2
 + typing-extensions==4.15.0
 + tzdata==2025.2
 + urllib3==2.5.0
 + watchdog==6.0.0

‚îÄ‚îÄ‚îÄ‚îÄ‚îÄ‚îÄ‚îÄ‚îÄ‚îÄ‚îÄ‚îÄ‚îÄ‚îÄ‚îÄ‚îÄ‚îÄ‚îÄ‚îÄ‚îÄ‚îÄ‚îÄ‚îÄ‚îÄ‚îÄ‚îÄ‚îÄ‚îÄ‚îÄ‚îÄ‚îÄ‚îÄ‚îÄ‚îÄ‚îÄ‚îÄ‚îÄ‚îÄ‚îÄ‚îÄ‚îÄ‚îÄ‚îÄ‚îÄ‚îÄ‚îÄ‚îÄ‚îÄ‚îÄ‚îÄ‚îÄ‚îÄ‚îÄ‚îÄ‚îÄ‚îÄ‚îÄ‚îÄ‚îÄ‚îÄ‚îÄ‚îÄ‚îÄ‚îÄ‚îÄ‚îÄ‚îÄ‚îÄ‚îÄ‚îÄ‚îÄ‚îÄ‚îÄ‚îÄ‚îÄ‚îÄ‚îÄ‚îÄ‚îÄ‚îÄ‚îÄ‚îÄ‚îÄ‚îÄ‚îÄ‚îÄ‚îÄ‚îÄ‚îÄ

[23:00:28] üì¶ Processed dependencies!
cat: /mount/admin/install_path: No such file or directory



2025-09-21 23:00:34.567 Uncaught app execution
Traceback (most recent call last):
  File "/home/adminuser/venv/lib/python3.12/site-packages/streamlit/runtime/scriptrunner/exec_code.py", line 128, in exec_func_with_error_handling
    result = func()
             ^^^^^^
  File "/home/adminuser/venv/lib/python3.12/site-packages/streamlit/runtime/scriptrunner/script_runner.py", line 669, in code_to_exec
    exec(code, module.__dict__)  # noqa: S102
    ^^^^^^^^^^^^^^^^^^^^^^^^^^^
  File "/mount/src/clare-mvp-public/main.py", line 12, in <module>
    from src.database.config import validate_env_vars, create_tables
  File "/mount/src/clare-mvp-public/src/database/config.py", line 7, in <module>
    from dotenv import load_dotenv
ModuleNotFoundError: No module named 'dotenv'
2025-09-21 23:00:42.610 Uncaught app execution
Traceback (most recent call last):
  File "/home/adminuser/venv/lib/python3.12/site-packages/streamlit/runtime/scriptrunner/exec_code.py", line 128, in exec_func_with_error_handling
    result = func()
             ^^^^^^
  File "/home/adminuser/venv/lib/python3.12/site-packages/streamlit/runtime/scriptrunner/script_runner.py", line 669, in code_to_exec
    exec(code, module.__dict__)  # noqa: S102
    ^^^^^^^^^^^^^^^^^^^^^^^^^^^
  File "/mount/src/clare-mvp-public/main.py", line 12, in <module>
    from src.database.config import validate_env_vars, create_tables
  File "/mount/src/clare-mvp-public/src/database/config.py", line 7, in <module>
    from dotenv import load_dotenv
ModuleNotFoundError: No module named 'dotenv'
2025-09-21 23:05:22.379 Uncaught app execution
Traceback (most recent call last):
  File "/home/adminuser/venv/lib/python3.12/site-packages/streamlit/runtime/scriptrunner/exec_code.py", line 128, in exec_func_with_error_handling
    result = func()
             ^^^^^^
  File "/home/adminuser/venv/lib/python3.12/site-packages/streamlit/runtime/scriptrunner/script_runner.py", line 669, in code_to_exec
    exec(code, module.__dict__)  # noqa: S102
    ^^^^^^^^^^^^^^^^^^^^^^^^^^^
  File "/mount/src/clare-mvp-public/main.py", line 12, in <module>
    from src.database.config import validate_env_vars, create_tables
  File "/mount/src/clare-mvp-public/src/database/config.py", line 7, in <module>
    from dotenv import load_dotenv
ModuleNotFoundError: No module named 'dotenv'
[23:05:22] ‚ùóÔ∏è 
2025-09-21 23:05:22.554 503 GET /script-health-check (127.0.0.1) 178.33ms
2025-09-21 23:05:27.383 Uncaught app execution
Traceback (most recent call last):
  File "/home/adminuser/venv/lib/python3.12/site-packages/streamlit/runtime/scriptrunner/exec_code.py", line 128, in exec_func_with_error_handling
    result = func()
             ^^^^^^
  File "/home/adminuser/venv/lib/python3.12/site-packages/streamlit/runtime/scriptrunner/script_runner.py", line 669, in code_to_exec
    exec(code, module.__dict__)  # noqa: S102
    ^^^^^^^^^^^^^^^^^^^^^^^^^^^
  File "/mount/src/clare-mvp-public/main.py", line 12, in <module>
    from src.database.config import validate_env_vars, create_tables
  File "/mount/src/clare-mvp-public/src/database/config.py", line 7, in <module>
    from dotenv import load_dotenv
ModuleNotFoundError: No module named 'dotenv'
2025-09-21 23:05:27.570 503 GET /script-health-check (127.0.0.1) 190.36ms
2025-09-21 23:05:32.370 Uncaught app execution
Traceback (most recent call last):
  File "/home/adminuser/venv/lib/python3.12/site-packages/streamlit/runtime/scriptrunner/exec_code.py", line 128, in exec_func_with_error_handling
    result = func()
             ^^^^^^
  File "/home/adminuser/venv/lib/python3.12/site-packages/streamlit/runtime/scriptrunner/script_runner.py", line 669, in code_to_exec
    exec(code, module.__dict__)  # noqa: S102
    ^^^^^^^^^^^^^^^^^^^^^^^^^^^
  File "/mount/src/clare-mvp-public/main.py", line 12, in <module>
    from src.database.config import validate_env_vars, create_tables
  File "/mount/src/clare-mvp-public/src/database/config.py", line 7, in <module>
    from dotenv import load_dotenv
ModuleNotFoundError: No module named 'dotenv'
2025-09-21 23:05:32.560 503 GET /script-health-check (127.0.0.1) 192.82ms
2025-09-21 23:05:37.397 Uncaught app execution
Traceback (most recent call last):
  File "/home/adminuser/venv/lib/python3.12/site-packages/streamlit/runtime/scriptrunner/exec_code.py", line 128, in exec_func_with_error_handling
    result = func()
             ^^^^^^
  File "/home/adminuser/venv/lib/python3.12/site-packages/streamlit/runtime/scriptrunner/script_runner.py", line 669, in code_to_exec
    exec(code, module.__dict__)  # noqa: S102
    ^^^^^^^^^^^^^^^^^^^^^^^^^^^
  File "/mount/src/clare-mvp-public/main.py", line 12, in <module>
    from src.database.config import validate_env_vars, create_tables
  File "/mount/src/clare-mvp-public/src/database/config.py", line 7, in <module>
    from dotenv import load_dotenv
ModuleNotFoundError: No module named 'dotenv'
2025-09-21 23:05:37.594 503 GET /script-health-check (127.0.0.1) 200.75ms
2025-09-21 23:05:42.379 Uncaught app execution
Traceback (most recent call last):
  File "/home/adminuser/venv/lib/python3.12/site-packages/streamlit/runtime/scriptrunner/exec_code.py", line 128, in exec_func_with_error_handling
    result = func()
             ^^^^^^
  File "/home/adminuser/venv/lib/python3.12/site-packages/streamlit/runtime/scriptrunner/script_runner.py", line 669, in code_to_exec
    exec(code, module.__dict__)  # noqa: S102
    ^^^^^^^^^^^^^^^^^^^^^^^^^^^
  File "/mount/src/clare-mvp-public/main.py", line 12, in <module>
    from src.database.config import validate_env_vars, create_tables
  File "/mount/src/clare-mvp-public/src/database/config.py", line 7, in <module>
    from dotenv import load_dotenv
ModuleNotFoundError: No module named 'dotenv'
2025-09-21 23:05:42.552 503 GET /script-health-check (127.0.0.1) 176.86ms
2025-09-21 23:05:47.381 Uncaught app execution
Traceback (most recent call last):
  File "/home/adminuser/venv/lib/python3.12/site-packages/streamlit/runtime/scriptrunner/exec_code.py", line 128, in exec_func_with_error_handling
    result = func()
             ^^^^^^
  File "/home/adminuser/venv/lib/python3.12/site-packages/streamlit/runtime/scriptrunner/script_runner.py", line 669, in code_to_exec
    exec(code, module.__dict__)  # noqa: S102
    ^^^^^^^^^^^^^^^^^^^^^^^^^^^
  File "/mount/src/clare-mvp-public/main.py", line 12, in <module>
    from src.database.config import validate_env_vars, create_tables
  File "/mount/src/clare-mvp-public/src/database/config.py", line 7, in <module>
    from dotenv import load_dotenv
ModuleNotFoundError: No module named 'dotenv'
2025-09-21 23:05:47.565 503 GET /script-health-check (127.0.0.1) 187.52ms
2025-09-21 23:05:52.398 Uncaught app execution
Traceback (most recent call last):
  File "/home/adminuser/venv/lib/python3.12/site-packages/streamlit/runtime/scriptrunner/exec_code.py", line 128, in exec_func_with_error_handling
    result = func()
             ^^^^^^
  File "/home/adminuser/venv/lib/python3.12/site-packages/streamlit/runtime/scriptrunner/script_runner.py", line 669, in code_to_exec
    exec(code, module.__dict__)  # noqa: S102
    ^^^^^^^^^^^^^^^^^^^^^^^^^^^
  File "/mount/src/clare-mvp-public/main.py", line 12, in <module>
    from src.database.config import validate_env_vars, create_tables
  File "/mount/src/clare-mvp-public/src/database/config.py", line 7, in <module>
    from dotenv import load_dotenv
ModuleNotFoundError: No module named 'dotenv'
2025-09-21 23:05:52.661 503 GET /script-health-check (127.0.0.1) 267.25ms
2025-09-21 23:05:57.369 Uncaught app execution
Traceback (most recent call last):
  File "/home/adminuser/venv/lib/python3.12/site-packages/streamlit/runtime/scriptrunner/exec_code.py", line 128, in exec_func_with_error_handling
    result = func()
             ^^^^^^
  File "/home/adminuser/venv/lib/python3.12/site-packages/streamlit/runtime/scriptrunner/script_runner.py", line 669, in code_to_exec
    exec(code, module.__dict__)  # noqa: S102
    ^^^^^^^^^^^^^^^^^^^^^^^^^^^
  File "/mount/src/clare-mvp-public/main.py", line 12, in <module>
    from src.database.config import validate_env_vars, create_tables
  File "/mount/src/clare-mvp-public/src/database/config.py", line 7, in <module>
    from dotenv import load_dotenv
ModuleNotFoundError: No module named 'dotenv'
2025-09-21 23:05:57.536 503 GET /script-health-check (127.0.0.1) 170.45ms
2025-09-21 23:06:02.376 Uncaught app execution
Traceback (most recent call last):
  File "/home/adminuser/venv/lib/python3.12/site-packages/streamlit/runtime/scriptrunner/exec_code.py", line 128, in exec_func_with_error_handling
    result = func()
             ^^^^^^
  File "/home/adminuser/venv/lib/python3.12/site-packages/streamlit/runtime/scriptrunner/script_runner.py", line 669, in code_to_exec
    exec(code, module.__dict__)  # noqa: S102
    ^^^^^^^^^^^^^^^^^^^^^^^^^^^
  File "/mount/src/clare-mvp-public/main.py", line 12, in <module>
    from src.database.config import validate_env_vars, create_tables
  File "/mount/src/clare-mvp-public/src/database/config.py", line 7, in <module>
    from dotenv import load_dotenv
ModuleNotFoundError: No module named 'dotenv'
2025-09-21 23:06:02.563 503 GET /script-health-check (127.0.0.1) 190.40ms
2025-09-21 23:06:07.369 Uncaught app execution
Traceback (most recent call last):
  File "/home/adminuser/venv/lib/python3.12/site-packages/streamlit/runtime/scriptrunner/exec_code.py", line 128, in exec_func_with_error_handling
    result = func()
             ^^^^^^
  File "/home/adminuser/venv/lib/python3.12/site-packages/streamlit/runtime/scriptrunner/script_runner.py", line 669, in code_to_exec
    exec(code, module.__dict__)  # noqa: S102
    ^^^^^^^^^^^^^^^^^^^^^^^^^^^
  File "/mount/src/clare-mvp-public/main.py", line 12, in <module>
    from src.database.config import validate_env_vars, create_tables
  File "/mount/src/clare-mvp-public/src/database/config.py", line 7, in <module>
    from dotenv import load_dotenv
ModuleNotFoundError: No module named 'dotenv'
2025-09-21 23:06:07.544 503 GET /script-health-check (127.0.0.1) 178.04ms
2025-09-21 23:06:12.441 Uncaught app execution
Traceback (most recent call last):
  File "/home/adminuser/venv/lib/python3.12/site-packages/streamlit/runtime/scriptrunner/exec_code.py", line 128, in exec_func_with_error_handling
    result = func()
             ^^^^^^
  File "/home/adminuser/venv/lib/python3.12/site-packages/streamlit/runtime/scriptrunner/script_runner.py", line 669, in code_to_exec
    exec(code, module.__dict__)  # noqa: S102
    ^^^^^^^^^^^^^^^^^^^^^^^^^^^
  File "/mount/src/clare-mvp-public/main.py", line 12, in <module>
    from src.database.config import validate_env_vars, create_tables
  File "/mount/src/clare-mvp-public/src/database/config.py", line 7, in <module>
    from dotenv import load_dotenv
ModuleNotFoundError: No module named 'dotenv'
2025-09-21 23:06:12.470 503 GET /script-health-check (127.0.0.1) 30.52ms
2025-09-21 23:06:17.379 Uncaught app execution
Traceback (most recent call last):
  File "/home/adminuser/venv/lib/python3.12/site-packages/streamlit/runtime/scriptrunner/exec_code.py", line 128, in exec_func_with_error_handling
    result = func()
             ^^^^^^
  File "/home/adminuser/venv/lib/python3.12/site-packages/streamlit/runtime/scriptrunner/script_runner.py", line 669, in code_to_exec
    exec(code, module.__dict__)  # noqa: S102
    ^^^^^^^^^^^^^^^^^^^^^^^^^^^
  File "/mount/src/clare-mvp-public/main.py", line 12, in <module>
    from src.database.config import validate_env_vars, create_tables
  File "/mount/src/clare-mvp-public/src/database/config.py", line 7, in <module>
    from dotenv import load_dotenv
ModuleNotFoundError: No module named 'dotenv'
2025-09-21 23:06:17.546 503 GET /script-health-check (127.0.0.1) 171.74ms
2025-09-21 23:06:22.364 Uncaught app execution
Traceback (most recent call last):
  File "/home/adminuser/venv/lib/python3.12/site-packages/streamlit/runtime/scriptrunner/exec_code.py", line 128, in exec_func_with_error_handling
    result = func()
             ^^^^^^
  File "/home/adminuser/venv/lib/python3.12/site-packages/streamlit/runtime/scriptrunner/script_runner.py", line 669, in code_to_exec
    exec(code, module.__dict__)  # noqa: S102
    ^^^^^^^^^^^^^^^^^^^^^^^^^^^
  File "/mount/src/clare-mvp-public/main.py", line 12, in <module>
    from src.database.config import validate_env_vars, create_tables
  File "/mount/src/clare-mvp-public/src/database/config.py", line 7, in <module>
    from dotenv import load_dotenv
ModuleNotFoundError: No module named 'dotenv'
2025-09-21 23:06:22.566 503 GET /script-health-check (127.0.0.1) 205.55ms
2025-09-21 23:06:27.367 Uncaught app execution
Traceback (most recent call last):
  File "/home/adminuser/venv/lib/python3.12/site-packages/streamlit/runtime/scriptrunner/exec_code.py", line 128, in exec_func_with_error_handling
    result = func()
             ^^^^^^
  File "/home/adminuser/venv/lib/python3.12/site-packages/streamlit/runtime/scriptrunner/script_runner.py", line 669, in code_to_exec
    exec(code, module.__dict__)  # noqa: S102
    ^^^^^^^^^^^^^^^^^^^^^^^^^^^
  File "/mount/src/clare-mvp-public/main.py", line 12, in <module>
    from src.database.config import validate_env_vars, create_tables
  File "/mount/src/clare-mvp-public/src/database/config.py", line 7, in <module>
    from dotenv import load_dotenv
ModuleNotFoundError: No module named 'dotenv'
2025-09-21 23:06:27.530 503 GET /script-health-check (127.0.0.1) 167.21ms
2025-09-21 23:06:32.368 Uncaught app execution
Traceback (most recent call last):
  File "/home/adminuser/venv/lib/python3.12/site-packages/streamlit/runtime/scriptrunner/exec_code.py", line 128, in exec_func_with_error_handling
    result = func()
             ^^^^^^
  File "/home/adminuser/venv/lib/python3.12/site-packages/streamlit/runtime/scriptrunner/script_runner.py", line 669, in code_to_exec
    exec(code, module.__dict__)  # noqa: S102
    ^^^^^^^^^^^^^^^^^^^^^^^^^^^
  File "/mount/src/clare-mvp-public/main.py", line 12, in <module>
    from src.database.config import validate_env_vars, create_tables
  File "/mount/src/clare-mvp-public/src/database/config.py", line 7, in <module>
    from dotenv import load_dotenv
ModuleNotFoundError: No module named 'dotenv'
2025-09-21 23:06:32.570 503 GET /script-health-check (127.0.0.1) 205.94ms
2025-09-21 23:06:37.404 Uncaught app execution
Traceback (most recent call last):
  File "/home/adminuser/venv/lib/python3.12/site-packages/streamlit/runtime/scriptrunner/exec_code.py", line 128, in exec_func_with_error_handling
    result = func()
             ^^^^^^
  File "/home/adminuser/venv/lib/python3.12/site-packages/streamlit/runtime/scriptrunner/script_runner.py", line 669, in code_to_exec
    exec(code, module.__dict__)  # noqa: S102
    ^^^^^^^^^^^^^^^^^^^^^^^^^^^
  File "/mount/src/clare-mvp-public/main.py", line 12, in <module>
    from src.database.config import validate_env_vars, create_tables
  File "/mount/src/clare-mvp-public/src/database/config.py", line 7, in <module>
    from dotenv import load_dotenv
ModuleNotFoundError: No module named 'dotenv'
2025-09-21 23:06:37.430 503 GET /script-health-check (127.0.0.1) 30.87ms
2025-09-21 23:06:42.374 Uncaught app execution
Traceback (most recent call last):
  File "/home/adminuser/venv/lib/python3.12/site-packages/streamlit/runtime/scriptrunner/exec_code.py", line 128, in exec_func_with_error_handling
    result = func()
             ^^^^^^
  File "/home/adminuser/venv/lib/python3.12/site-packages/streamlit/runtime/scriptrunner/script_runner.py", line 669, in code_to_exec
    exec(code, module.__dict__)  # noqa: S102
    ^^^^^^^^^^^^^^^^^^^^^^^^^^^
  File "/mount/src/clare-mvp-public/main.py", line 12, in <module>
    from src.database.config import validate_env_vars, create_tables
  File "/mount/src/clare-mvp-public/src/database/config.py", line 7, in <module>
    from dotenv import load_dotenv
ModuleNotFoundError: No module named 'dotenv'
2025-09-21 23:06:42.559 503 GET /script-health-check (127.0.0.1) 188.88ms
2025-09-21 23:06:47.367 Uncaught app execution
Traceback (most recent call last):
  File "/home/adminuser/venv/lib/python3.12/site-packages/streamlit/runtime/scriptrunner/exec_code.py", line 128, in exec_func_with_error_handling
    result = func()
             ^^^^^^
  File "/home/adminuser/venv/lib/python3.12/site-packages/streamlit/runtime/scriptrunner/script_runner.py", line 669, in code_to_exec
    exec(code, module.__dict__)  # noqa: S102
    ^^^^^^^^^^^^^^^^^^^^^^^^^^^
  File "/mount/src/clare-mvp-public/main.py", line 12, in <module>
    from src.database.config import validate_env_vars, create_tables
  File "/mount/src/clare-mvp-public/src/database/config.py", line 7, in <module>
    from dotenv import load_dotenv
ModuleNotFoundError: No module named 'dotenv'
2025-09-21 23:06:47.520 503 GET /script-health-check (127.0.0.1) 156.86ms
2025-09-21 23:06:52.366 Uncaught app execution
Traceback (most recent call last):
  File "/home/adminuser/venv/lib/python3.12/site-packages/streamlit/runtime/scriptrunner/exec_code.py", line 128, in exec_func_with_error_handling
    result = func()
             ^^^^^^
  File "/home/adminuser/venv/lib/python3.12/site-packages/streamlit/runtime/scriptrunner/script_runner.py", line 669, in code_to_exec
    exec(code, module.__dict__)  # noqa: S102
    ^^^^^^^^^^^^^^^^^^^^^^^^^^^
  File "/mount/src/clare-mvp-public/main.py", line 12, in <module>
    from src.database.config import validate_env_vars, create_tables
  File "/mount/src/clare-mvp-public/src/database/config.py", line 7, in <module>
    from dotenv import load_dotenv
ModuleNotFoundError: No module named 'dotenv'
2025-09-21 23:06:52.538 503 GET /script-health-check (127.0.0.1) 174.51ms
2025-09-21 23:06:57.385 Uncaught app execution
Traceback (most recent call last):
  File "/home/adminuser/venv/lib/python3.12/site-packages/streamlit/runtime/scriptrunner/exec_code.py", line 128, in exec_func_with_error_handling
    result = func()
             ^^^^^^
  File "/home/adminuser/venv/lib/python3.12/site-packages/streamlit/runtime/scriptrunner/script_runner.py", line 669, in code_to_exec
    exec(code, module.__dict__)  # noqa: S102
    ^^^^^^^^^^^^^^^^^^^^^^^^^^^
  File "/mount/src/clare-mvp-public/main.py", line 12, in <module>
    from src.database.config import validate_env_vars, create_tables
  File "/mount/src/clare-mvp-public/src/database/config.py", line 7, in <module>
    from dotenv import load_dotenv
ModuleNotFoundError: No module named 'dotenv'
2025-09-21 23:06:57.611 503 GET /script-health-check (127.0.0.1) 238.07ms
2025-09-21 23:07:02.372 Uncaught app execution
Traceback (most recent call last):
  File "/home/adminuser/venv/lib/python3.12/site-packages/streamlit/runtime/scriptrunner/exec_code.py", line 128, in exec_func_with_error_handling
    result = func()
             ^^^^^^
  File "/home/adminuser/venv/lib/python3.12/site-packages/streamlit/runtime/scriptrunner/script_runner.py", line 669, in code_to_exec
    exec(code, module.__dict__)  # noqa: S102
    ^^^^^^^^^^^^^^^^^^^^^^^^^^^
  File "/mount/src/clare-mvp-public/main.py", line 12, in <module>
    from src.database.config import validate_env_vars, create_tables
  File "/mount/src/clare-mvp-public/src/database/config.py", line 7, in <module>
    from dotenv import load_dotenv
ModuleNotFoundError: No module named 'dotenv'
2025-09-21 23:07:02.540 503 GET /script-health-check (127.0.0.1) 171.45ms
2025-09-21 23:07:07.364 Uncaught app execution
Traceback (most recent call last):
  File "/home/adminuser/venv/lib/python3.12/site-packages/streamlit/runtime/scriptrunner/exec_code.py", line 128, in exec_func_with_error_handling
    result = func()
             ^^^^^^
  File "/home/adminuser/venv/lib/python3.12/site-packages/streamlit/runtime/scriptrunner/script_runner.py", line 669, in code_to_exec
    exec(code, module.__dict__)  # noqa: S102
    ^^^^^^^^^^^^^^^^^^^^^^^^^^^
  File "/mount/src/clare-mvp-public/main.py", line 12, in <module>
    from src.database.config import validate_env_vars, create_tables
  File "/mount/src/clare-mvp-public/src/database/config.py", line 7, in <module>
    from dotenv import load_dotenv
ModuleNotFoundError: No module named 'dotenv'
2025-09-21 23:07:07.529 503 GET /script-health-check (127.0.0.1) 167.72ms
2025-09-21 23:07:12.363 Uncaught app execution
Traceback (most recent call last):
  File "/home/adminuser/venv/lib/python3.12/site-packages/streamlit/runtime/scriptrunner/exec_code.py", line 128, in exec_func_with_error_handling
    result = func()
             ^^^^^^
  File "/home/adminuser/venv/lib/python3.12/site-packages/streamlit/runtime/scriptrunner/script_runner.py", line 669, in code_to_exec
    exec(code, module.__dict__)  # noqa: S102
    ^^^^^^^^^^^^^^^^^^^^^^^^^^^
  File "/mount/src/clare-mvp-public/main.py", line 12, in <module>
    from src.database.config import validate_env_vars, create_tables
  File "/mount/src/clare-mvp-public/src/database/config.py", line 7, in <module>
    from dotenv import load_dotenv
ModuleNotFoundError: No module named 'dotenv'
2025-09-21 23:07:12.571 503 GET /script-health-check (127.0.0.1) 211.41ms
2025-09-21 23:07:17.380 Uncaught app execution
Traceback (most recent call last):
  File "/home/adminuser/venv/lib/python3.12/site-packages/streamlit/runtime/scriptrunner/exec_code.py", line 128, in exec_func_with_error_handling
    result = func()
             ^^^^^^
  File "/home/adminuser/venv/lib/python3.12/site-packages/streamlit/runtime/scriptrunner/script_runner.py", line 669, in code_to_exec
    exec(code, module.__dict__)  # noqa: S102
    ^^^^^^^^^^^^^^^^^^^^^^^^^^^
  File "/mount/src/clare-mvp-public/main.py", line 12, in <module>
    from src.database.config import validate_env_vars, create_tables
  File "/mount/src/clare-mvp-public/src/database/config.py", line 7, in <module>
    from dotenv import load_dotenv
ModuleNotFoundError: No module named 'dotenv'
2025-09-21 23:07:17.569 503 GET /script-health-check (127.0.0.1) 193.21ms
2025-09-21 23:07:22.397 Uncaught app execution
Traceback (most recent call last):
  File "/home/adminuser/venv/lib/python3.12/site-packages/streamlit/runtime/scriptrunner/exec_code.py", line 128, in exec_func_with_error_handling
    result = func()
             ^^^^^^
  File "/home/adminuser/venv/lib/python3.12/site-packages/streamlit/runtime/scriptrunner/script_runner.py", line 669, in code_to_exec
    exec(code, module.__dict__)  # noqa: S102
    ^^^^^^^^^^^^^^^^^^^^^^^^^^^
  File "/mount/src/clare-mvp-public/main.py", line 12, in <module>
    from src.database.config import validate_env_vars, create_tables
  File "/mount/src/clare-mvp-public/src/database/config.py", line 7, in <module>
    from dotenv import load_dotenv
ModuleNotFoundError: No module named 'dotenv'
2025-09-21 23:07:22.639 503 GET /script-health-check (127.0.0.1) 245.51ms
2025-09-21 23:07:27.372 Uncaught app execution
Traceback (most recent call last):
  File "/home/adminuser/venv/lib/python3.12/site-packages/streamlit/runtime/scriptrunner/exec_code.py", line 128, in exec_func_with_error_handling
    result = func()
             ^^^^^^
  File "/home/adminuser/venv/lib/python3.12/site-packages/streamlit/runtime/scriptrunner/script_runner.py", line 669, in code_to_exec
    exec(code, module.__dict__)  # noqa: S102
    ^^^^^^^^^^^^^^^^^^^^^^^^^^^
  File "/mount/src/clare-mvp-public/main.py", line 12, in <module>
    from src.database.config import validate_env_vars, create_tables
  File "/mount/src/clare-mvp-public/src/database/config.py", line 7, in <module>
    from dotenv import load_dotenv
ModuleNotFoundError: No module named 'dotenv'
2025-09-21 23:07:27.569 503 GET /script-health-check (127.0.0.1) 200.47ms
2025-09-21 23:07:32.379 Uncaught app execution
Traceback (most recent call last):
  File "/home/adminuser/venv/lib/python3.12/site-packages/streamlit/runtime/scriptrunner/exec_code.py", line 128, in exec_func_with_error_handling
    result = func()
             ^^^^^^
  File "/home/adminuser/venv/lib/python3.12/site-packages/streamlit/runtime/scriptrunner/script_runner.py", line 669, in code_to_exec
    exec(code, module.__dict__)  # noqa: S102
    ^^^^^^^^^^^^^^^^^^^^^^^^^^^
  File "/mount/src/clare-mvp-public/main.py", line 12, in <module>
    from src.database.config import validate_env_vars, create_tables
  File "/mount/src/clare-mvp-public/src/database/config.py", line 7, in <module>
    from dotenv import load_dotenv
ModuleNotFoundError: No module named 'dotenv'
2025-09-21 23:07:32.553 503 GET /script-health-check (127.0.0.1) 177.78ms
2025-09-21 23:07:37.398 Uncaught app execution
Traceback (most recent call last):
  File "/home/adminuser/venv/lib/python3.12/site-packages/streamlit/runtime/scriptrunner/exec_code.py", line 128, in exec_func_with_error_handling
    result = func()
             ^^^^^^
  File "/home/adminuser/venv/lib/python3.12/site-packages/streamlit/runtime/scriptrunner/script_runner.py", line 669, in code_to_exec
    exec(code, module.__dict__)  # noqa: S102
    ^^^^^^^^^^^^^^^^^^^^^^^^^^^
  File "/mount/src/clare-mvp-public/main.py", line 12, in <module>
    from src.database.config import validate_env_vars, create_tables
  File "/mount/src/clare-mvp-public/src/database/config.py", line 7, in <module>
    from dotenv import load_dotenv
ModuleNotFoundError: No module named 'dotenv'
2025-09-21 23:07:37.589 503 GET /script-health-check (127.0.0.1) 195.41ms
2025-09-21 23:07:42.384 Uncaught app execution
Traceback (most recent call last):
  File "/home/adminuser/venv/lib/python3.12/site-packages/streamlit/runtime/scriptrunner/exec_code.py", line 128, in exec_func_with_error_handling
    result = func()
             ^^^^^^
  File "/home/adminuser/venv/lib/python3.12/site-packages/streamlit/runtime/scriptrunner/script_runner.py", line 669, in code_to_exec
    exec(code, module.__dict__)  # noqa: S102
    ^^^^^^^^^^^^^^^^^^^^^^^^^^^
  File "/mount/src/clare-mvp-public/main.py", line 12, in <module>
    from src.database.config import validate_env_vars, create_tables
  File "/mount/src/clare-mvp-public/src/database/config.py", line 7, in <module>
    from dotenv import load_dotenv
ModuleNotFoundError: No module named 'dotenv'
2025-09-21 23:07:42.557 503 GET /script-health-check (127.0.0.1) 175.99ms
2025-09-21 23:07:47.372 Uncaught app execution
Traceback (most recent call last):
  File "/home/adminuser/venv/lib/python3.12/site-packages/streamlit/runtime/scriptrunner/exec_code.py", line 128, in exec_func_with_error_handling
    result = func()
             ^^^^^^
  File "/home/adminuser/venv/lib/python3.12/site-packages/streamlit/runtime/scriptrunner/script_runner.py", line 669, in code_to_exec
    exec(code, module.__dict__)  # noqa: S102
    ^^^^^^^^^^^^^^^^^^^^^^^^^^^
  File "/mount/src/clare-mvp-public/main.py", line 12, in <module>
    from src.database.config import validate_env_vars, create_tables
  File "/mount/src/clare-mvp-public/src/database/config.py", line 7, in <module>
    from dotenv import load_dotenv
ModuleNotFoundError: No module named 'dotenv'
2025-09-21 23:07:47.575 503 GET /script-health-check (127.0.0.1) 206.79ms
2025-09-21 23:07:52.369 Uncaught app execution
Traceback (most recent call last):
  File "/home/adminuser/venv/lib/python3.12/site-packages/streamlit/runtime/scriptrunner/exec_code.py", line 128, in exec_func_with_error_handling
    result = func()
             ^^^^^^
  File "/home/adminuser/venv/lib/python3.12/site-packages/streamlit/runtime/scriptrunner/script_runner.py", line 669, in code_to_exec
    exec(code, module.__dict__)  # noqa: S102
    ^^^^^^^^^^^^^^^^^^^^^^^^^^^
  File "/mount/src/clare-mvp-public/main.py", line 12, in <module>
    from src.database.config import validate_env_vars, create_tables
  File "/mount/src/clare-mvp-public/src/database/config.py", line 7, in <module>
    from dotenv import load_dotenv
ModuleNotFoundError: No module named 'dotenv'
2025-09-21 23:07:52.559 503 GET /script-health-check (127.0.0.1) 192.68ms
2025-09-21 23:07:57.375 Uncaught app execution
Traceback (most recent call last):
  File "/home/adminuser/venv/lib/python3.12/site-packages/streamlit/runtime/scriptrunner/exec_code.py", line 128, in exec_func_with_error_handling
    result = func()
             ^^^^^^
  File "/home/adminuser/venv/lib/python3.12/site-packages/streamlit/runtime/scriptrunner/script_runner.py", line 669, in code_to_exec
    exec(code, module.__dict__)  # noqa: S102
    ^^^^^^^^^^^^^^^^^^^^^^^^^^^
  File "/mount/src/clare-mvp-public/main.py", line 12, in <module>
    from src.database.config import validate_env_vars, create_tables
  File "/mount/src/clare-mvp-public/src/database/config.py", line 7, in <module>
    from dotenv import load_dotenv
ModuleNotFoundError: No module named 'dotenv'
2025-09-21 23:07:57.533 503 GET /script-health-check (127.0.0.1) 161.26ms
2025-09-21 23:08:02.382 Uncaught app execution
Traceback (most recent call last):
  File "/home/adminuser/venv/lib/python3.12/site-packages/streamlit/runtime/scriptrunner/exec_code.py", line 128, in exec_func_with_error_handling
    result = func()
             ^^^^^^
  File "/home/adminuser/venv/lib/python3.12/site-packages/streamlit/runtime/scriptrunner/script_runner.py", line 669, in code_to_exec
    exec(code, module.__dict__)  # noqa: S102
    ^^^^^^^^^^^^^^^^^^^^^^^^^^^
  File "/mount/src/clare-mvp-public/main.py", line 12, in <module>
    from src.database.config import validate_env_vars, create_tables
  File "/mount/src/clare-mvp-public/src/database/config.py", line 7, in <module>
    from dotenv import load_dotenv
ModuleNotFoundError: No module named 'dotenv'
2025-09-21 23:08:02.550 503 GET /script-health-check (127.0.0.1) 173.19ms
2025-09-21 23:08:07.368 Uncaught app execution
Traceback (most recent call last):
  File "/home/adminuser/venv/lib/python3.12/site-packages/streamlit/runtime/scriptrunner/exec_code.py", line 128, in exec_func_with_error_handling
    result = func()
             ^^^^^^
  File "/home/adminuser/venv/lib/python3.12/site-packages/streamlit/runtime/scriptrunner/script_runner.py", line 669, in code_to_exec
    exec(code, module.__dict__)  # noqa: S102
    ^^^^^^^^^^^^^^^^^^^^^^^^^^^
  File "/mount/src/clare-mvp-public/main.py", line 12, in <module>
    from src.database.config import validate_env_vars, create_tables
  File "/mount/src/clare-mvp-public/src/database/config.py", line 7, in <module>
    from dotenv import load_dotenv
ModuleNotFoundError: No module named 'dotenv'
2025-09-21 23:08:07.584 503 GET /script-health-check (127.0.0.1) 219.60ms
2025-09-21 23:08:12.372 Uncaught app execution
Traceback (most recent call last):
  File "/home/adminuser/venv/lib/python3.12/site-packages/streamlit/runtime/scriptrunner/exec_code.py", line 128, in exec_func_with_error_handling
    result = func()
             ^^^^^^
  File "/home/adminuser/venv/lib/python3.12/site-packages/streamlit/runtime/scriptrunner/script_runner.py", line 669, in code_to_exec
    exec(code, module.__dict__)  # noqa: S102
    ^^^^^^^^^^^^^^^^^^^^^^^^^^^
  File "/mount/src/clare-mvp-public/main.py", line 12, in <module>
    from src.database.config import validate_env_vars, create_tables
  File "/mount/src/clare-mvp-public/src/database/config.py", line 7, in <module>
    from dotenv import load_dotenv
ModuleNotFoundError: No module named 'dotenv'
2025-09-21 23:08:12.535 503 GET /script-health-check (127.0.0.1) 166.32ms
2025-09-21 23:08:17.375 Uncaught app execution
Traceback (most recent call last):
  File "/home/adminuser/venv/lib/python3.12/site-packages/streamlit/runtime/scriptrunner/exec_code.py", line 128, in exec_func_with_error_handling
    result = func()
             ^^^^^^
  File "/home/adminuser/venv/lib/python3.12/site-packages/streamlit/runtime/scriptrunner/script_runner.py", line 669, in code_to_exec
    exec(code, module.__dict__)  # noqa: S102
    ^^^^^^^^^^^^^^^^^^^^^^^^^^^
  File "/mount/src/clare-mvp-public/main.py", line 12, in <module>
    from src.database.config import validate_env_vars, create_tables
  File "/mount/src/clare-mvp-public/src/database/config.py", line 7, in <module>
    from dotenv import load_dotenv
ModuleNotFoundError: No module named 'dotenv'
2025-09-21 23:08:17.553 503 GET /script-health-check (127.0.0.1) 182.27ms
2025-09-21 23:08:22.389 Uncaught app execution
Traceback (most recent call last):
  File "/home/adminuser/venv/lib/python3.12/site-packages/streamlit/runtime/scriptrunner/exec_code.py", line 128, in exec_func_with_error_handling
    result = func()
             ^^^^^^
  File "/home/adminuser/venv/lib/python3.12/site-packages/streamlit/runtime/scriptrunner/script_runner.py", line 669, in code_to_exec
    exec(code, module.__dict__)  # noqa: S102
    ^^^^^^^^^^^^^^^^^^^^^^^^^^^
  File "/mount/src/clare-mvp-public/main.py", line 12, in <module>
    from src.database.config import validate_env_vars, create_tables
  File "/mount/src/clare-mvp-public/src/database/config.py", line 7, in <module>
    from dotenv import load_dotenv
ModuleNotFoundError: No module named 'dotenv'
2025-09-21 23:08:22.578 503 GET /script-health-check (127.0.0.1) 192.62ms
2025-09-21 23:08:27.377 Uncaught app execution
Traceback (most recent call last):
  File "/home/adminuser/venv/lib/python3.12/site-packages/streamlit/runtime/scriptrunner/exec_code.py", line 128, in exec_func_with_error_handling
    result = func()
             ^^^^^^
  File "/home/adminuser/venv/lib/python3.12/site-packages/streamlit/runtime/scriptrunner/script_runner.py", line 669, in code_to_exec
    exec(code, module.__dict__)  # noqa: S102
    ^^^^^^^^^^^^^^^^^^^^^^^^^^^
  File "/mount/src/clare-mvp-public/main.py", line 12, in <module>
    from src.database.config import validate_env_vars, create_tables
  File "/mount/src/clare-mvp-public/src/database/config.py", line 7, in <module>
    from dotenv import load_dotenv
ModuleNotFoundError: No module named 'dotenv'
2025-09-21 23:08:27.532 503 GET /script-health-check (127.0.0.1) 158.51ms
2025-09-21 23:08:32.368 Uncaught app execution
Traceback (most recent call last):
  File "/home/adminuser/venv/lib/python3.12/site-packages/streamlit/runtime/scriptrunner/exec_code.py", line 128, in exec_func_with_error_handling
    result = func()
             ^^^^^^
  File "/home/adminuser/venv/lib/python3.12/site-packages/streamlit/runtime/scriptrunner/script_runner.py", line 669, in code_to_exec
    exec(code, module.__dict__)  # noqa: S102
    ^^^^^^^^^^^^^^^^^^^^^^^^^^^
  File "/mount/src/clare-mvp-public/main.py", line 12, in <module>
    from src.database.config import validate_env_vars, create_tables
  File "/mount/src/clare-mvp-public/src/database/config.py", line 7, in <module>
    from dotenv import load_dotenv
ModuleNotFoundError: No module named 'dotenv'
2025-09-21 23:08:32.558 503 GET /script-health-check (127.0.0.1) 193.53ms
2025-09-21 23:08:37.411 Uncaught app execution
Traceback (most recent call last):
  File "/home/adminuser/venv/lib/python3.12/site-packages/streamlit/runtime/scriptrunner/exec_code.py", line 128, in exec_func_with_error_handling
    result = func()
             ^^^^^^
  File "/home/adminuser/venv/lib/python3.12/site-packages/streamlit/runtime/scriptrunner/script_runner.py", line 669, in code_to_exec
    exec(code, module.__dict__)  # noqa: S102
    ^^^^^^^^^^^^^^^^^^^^^^^^^^^
  File "/mount/src/clare-mvp-public/main.py", line 12, in <module>
    from src.database.config import validate_env_vars, create_tables
  File "/mount/src/clare-mvp-public/src/database/config.py", line 7, in <module>
    from dotenv import load_dotenv
ModuleNotFoundError: No module named 'dotenv'
2025-09-21 23:08:37.473 503 GET /script-health-check (127.0.0.1) 66.60ms
2025-09-21 23:08:42.370 Uncaught app execution
Traceback (most recent call last):
  File "/home/adminuser/venv/lib/python3.12/site-packages/streamlit/runtime/scriptrunner/exec_code.py", line 128, in exec_func_with_error_handling
    result = func()
             ^^^^^^
  File "/home/adminuser/venv/lib/python3.12/site-packages/streamlit/runtime/scriptrunner/script_runner.py", line 669, in code_to_exec
    exec(code, module.__dict__)  # noqa: S102
    ^^^^^^^^^^^^^^^^^^^^^^^^^^^
  File "/mount/src/clare-mvp-public/main.py", line 12, in <module>
    from src.database.config import validate_env_vars, create_tables
  File "/mount/src/clare-mvp-public/src/database/config.py", line 7, in <module>
    from dotenv import load_dotenv
ModuleNotFoundError: No module named 'dotenv'
2025-09-21 23:08:42.541 503 GET /script-health-check (127.0.0.1) 173.48ms
2025-09-21 23:08:47.372 Uncaught app execution
Traceback (most recent call last):
  File "/home/adminuser/venv/lib/python3.12/site-packages/streamlit/runtime/scriptrunner/exec_code.py", line 128, in exec_func_with_error_handling
    result = func()
             ^^^^^^
  File "/home/adminuser/venv/lib/python3.12/site-packages/streamlit/runtime/scriptrunner/script_runner.py", line 669, in code_to_exec
    exec(code, module.__dict__)  # noqa: S102
    ^^^^^^^^^^^^^^^^^^^^^^^^^^^
  File "/mount/src/clare-mvp-public/main.py", line 12, in <module>
    from src.database.config import validate_env_vars, create_tables
  File "/mount/src/clare-mvp-public/src/database/config.py", line 7, in <module>
    from dotenv import load_dotenv
ModuleNotFoundError: No module named 'dotenv'
2025-09-21 23:08:47.565 503 GET /script-health-check (127.0.0.1) 197.07ms
2025-09-21 23:08:52.384 Uncaught app execution
Traceback (most recent call last):
  File "/home/adminuser/venv/lib/python3.12/site-packages/streamlit/runtime/scriptrunner/exec_code.py", line 128, in exec_func_with_error_handling
    result = func()
             ^^^^^^
  File "/home/adminuser/venv/lib/python3.12/site-packages/streamlit/runtime/scriptrunner/script_runner.py", line 669, in code_to_exec
    exec(code, module.__dict__)  # noqa: S102
    ^^^^^^^^^^^^^^^^^^^^^^^^^^^
  File "/mount/src/clare-mvp-public/main.py", line 12, in <module>
    from src.database.config import validate_env_vars, create_tables
  File "/mount/src/clare-mvp-public/src/database/config.py", line 7, in <module>
    from dotenv import load_dotenv
ModuleNotFoundError: No module named 'dotenv'
2025-09-21 23:08:52.558 503 GET /script-health-check (127.0.0.1) 177.51ms
2025-09-21 23:08:57.376 Uncaught app execution
Traceback (most recent call last):
  File "/home/adminuser/venv/lib/python3.12/site-packages/streamlit/runtime/scriptrunner/exec_code.py", line 128, in exec_func_with_error_handling
    result = func()
             ^^^^^^
  File "/home/adminuser/venv/lib/python3.12/site-packages/streamlit/runtime/scriptrunner/script_runner.py", line 669, in code_to_exec
    exec(code, module.__dict__)  # noqa: S102
    ^^^^^^^^^^^^^^^^^^^^^^^^^^^
  File "/mount/src/clare-mvp-public/main.py", line 12, in <module>
    from src.database.config import validate_env_vars, create_tables
  File "/mount/src/clare-mvp-public/src/database/config.py", line 7, in <module>
    from dotenv import load_dotenv
ModuleNotFoundError: No module named 'dotenv'
2025-09-21 23:08:57.546 503 GET /script-health-check (127.0.0.1) 173.81ms
2025-09-21 23:09:02.371 Uncaught app execution
Traceback (most recent call last):
  File "/home/adminuser/venv/lib/python3.12/site-packages/streamlit/runtime/scriptrunner/exec_code.py", line 128, in exec_func_with_error_handling
    result = func()
             ^^^^^^
  File "/home/adminuser/venv/lib/python3.12/site-packages/streamlit/runtime/scriptrunner/script_runner.py", line 669, in code_to_exec
    exec(code, module.__dict__)  # noqa: S102
    ^^^^^^^^^^^^^^^^^^^^^^^^^^^
  File "/mount/src/clare-mvp-public/main.py", line 12, in <module>
    from src.database.config import validate_env_vars, create_tables
  File "/mount/src/clare-mvp-public/src/database/config.py", line 7, in <module>
    from dotenv import load_dotenv
ModuleNotFoundError: No module named 'dotenv'
2025-09-21 23:09:02.548 503 GET /script-health-check (127.0.0.1) 180.00ms
2025-09-21 23:09:07.377 Uncaught app execution
Traceback (most recent call last):
  File "/home/adminuser/venv/lib/python3.12/site-packages/streamlit/runtime/scriptrunner/exec_code.py", line 128, in exec_func_with_error_handling
    result = func()
             ^^^^^^
  File "/home/adminuser/venv/lib/python3.12/site-packages/streamlit/runtime/scriptrunner/script_runner.py", line 669, in code_to_exec
    exec(code, module.__dict__)  # noqa: S102
    ^^^^^^^^^^^^^^^^^^^^^^^^^^^
  File "/mount/src/clare-mvp-public/main.py", line 12, in <module>
    from src.database.config import validate_env_vars, create_tables
  File "/mount/src/clare-mvp-public/src/database/config.py", line 7, in <module>
    from dotenv import load_dotenv
ModuleNotFoundError: No module named 'dotenv'
2025-09-21 23:09:07.567 503 GET /script-health-check (127.0.0.1) 193.95ms
2025-09-21 23:09:12.370 Uncaught app execution
Traceback (most recent call last):
  File "/home/adminuser/venv/lib/python3.12/site-packages/streamlit/runtime/scriptrunner/exec_code.py", line 128, in exec_func_with_error_handling
    result = func()
             ^^^^^^
  File "/home/adminuser/venv/lib/python3.12/site-packages/streamlit/runtime/scriptrunner/script_runner.py", line 669, in code_to_exec
    exec(code, module.__dict__)  # noqa: S102
    ^^^^^^^^^^^^^^^^^^^^^^^^^^^
  File "/mount/src/clare-mvp-public/main.py", line 12, in <module>
    from src.database.config import validate_env_vars, create_tables
  File "/mount/src/clare-mvp-public/src/database/config.py", line 7, in <module>
    from dotenv import load_dotenv
ModuleNotFoundError: No module named 'dotenv'
2025-09-21 23:09:12.564 503 GET /script-health-check (127.0.0.1) 197.39ms
2025-09-21 23:09:17.379 Uncaught app execution
Traceback (most recent call last):
  File "/home/adminuser/venv/lib/python3.12/site-packages/streamlit/runtime/scriptrunner/exec_code.py", line 128, in exec_func_with_error_handling
    result = func()
             ^^^^^^
  File "/home/adminuser/venv/lib/python3.12/site-packages/streamlit/runtime/scriptrunner/script_runner.py", line 669, in code_to_exec
    exec(code, module.__dict__)  # noqa: S102
    ^^^^^^^^^^^^^^^^^^^^^^^^^^^
  File "/mount/src/clare-mvp-public/main.py", line 12, in <module>
    from src.database.config import validate_env_vars, create_tables
  File "/mount/src/clare-mvp-public/src/database/config.py", line 7, in <module>
    from dotenv import load_dotenv
ModuleNotFoundError: No module named 'dotenv'
2025-09-21 23:09:17.572 503 GET /script-health-check (127.0.0.1) 209.99ms
2025-09-21 23:09:22.373 Uncaught app execution
Traceback (most recent call last):
  File "/home/adminuser/venv/lib/python3.12/site-packages/streamlit/runtime/scriptrunner/exec_code.py", line 128, in exec_func_with_error_handling
    result = func()
             ^^^^^^
  File "/home/adminuser/venv/lib/python3.12/site-packages/streamlit/runtime/scriptrunner/script_runner.py", line 669, in code_to_exec
    exec(code, module.__dict__)  # noqa: S102
    ^^^^^^^^^^^^^^^^^^^^^^^^^^^
  File "/mount/src/clare-mvp-public/main.py", line 12, in <module>
    from src.database.config import validate_env_vars, create_tables
  File "/mount/src/clare-mvp-public/src/database/config.py", line 7, in <module>
    from dotenv import load_dotenv
ModuleNotFoundError: No module named 'dotenv'
2025-09-21 23:09:22.558 503 GET /script-health-check (127.0.0.1) 193.13ms
2025-09-21 23:09:27.369 Uncaught app execution
Traceback (most recent call last):
  File "/home/adminuser/venv/lib/python3.12/site-packages/streamlit/runtime/scriptrunner/exec_code.py", line 128, in exec_func_with_error_handling
    result = func()
             ^^^^^^
  File "/home/adminuser/venv/lib/python3.12/site-packages/streamlit/runtime/scriptrunner/script_runner.py", line 669, in code_to_exec
    exec(code, module.__dict__)  # noqa: S102
    ^^^^^^^^^^^^^^^^^^^^^^^^^^^
  File "/mount/src/clare-mvp-public/main.py", line 12, in <module>
    from src.database.config import validate_env_vars, create_tables
  File "/mount/src/clare-mvp-public/src/database/config.py", line 7, in <module>
    from dotenv import load_dotenv
ModuleNotFoundError: No module named 'dotenv'
2025-09-21 23:09:27.546 503 GET /script-health-check (127.0.0.1) 184.59ms
2025-09-21 23:09:32.368 Uncaught app execution
Traceback (most recent call last):
  File "/home/adminuser/venv/lib/python3.12/site-packages/streamlit/runtime/scriptrunner/exec_code.py", line 128, in exec_func_with_error_handling
    result = func()
             ^^^^^^
  File "/home/adminuser/venv/lib/python3.12/site-packages/streamlit/runtime/scriptrunner/script_runner.py", line 669, in code_to_exec
    exec(code, module.__dict__)  # noqa: S102
    ^^^^^^^^^^^^^^^^^^^^^^^^^^^
  File "/mount/src/clare-mvp-public/main.py", line 12, in <module>
    from src.database.config import validate_env_vars, create_tables
  File "/mount/src/clare-mvp-public/src/database/config.py", line 7, in <module>
    from dotenv import load_dotenv
ModuleNotFoundError: No module named 'dotenv'
2025-09-21 23:09:32.551 503 GET /script-health-check (127.0.0.1) 190.01ms
2025-09-21 23:09:37.383 Uncaught app execution
Traceback (most recent call last):
  File "/home/adminuser/venv/lib/python3.12/site-packages/streamlit/runtime/scriptrunner/exec_code.py", line 128, in exec_func_with_error_handling
    result = func()
             ^^^^^^
  File "/home/adminuser/venv/lib/python3.12/site-packages/streamlit/runtime/scriptrunner/script_runner.py", line 669, in code_to_exec
    exec(code, module.__dict__)  # noqa: S102
    ^^^^^^^^^^^^^^^^^^^^^^^^^^^
  File "/mount/src/clare-mvp-public/main.py", line 12, in <module>
    from src.database.config import validate_env_vars, create_tables
  File "/mount/src/clare-mvp-public/src/database/config.py", line 7, in <module>
    from dotenv import load_dotenv
ModuleNotFoundError: No module named 'dotenv'
2025-09-21 23:09:37.624 503 GET /script-health-check (127.0.0.1) 250.84ms
2025-09-21 23:09:42.369 Uncaught app execution
Traceback (most recent call last):
  File "/home/adminuser/venv/lib/python3.12/site-packages/streamlit/runtime/scriptrunner/exec_code.py", line 128, in exec_func_with_error_handling
    result = func()
             ^^^^^^
  File "/home/adminuser/venv/lib/python3.12/site-packages/streamlit/runtime/scriptrunner/script_runner.py", line 669, in code_to_exec
    exec(code, module.__dict__)  # noqa: S102
    ^^^^^^^^^^^^^^^^^^^^^^^^^^^
  File "/mount/src/clare-mvp-public/main.py", line 12, in <module>
    from src.database.config import validate_env_vars, create_tables
  File "/mount/src/clare-mvp-public/src/database/config.py", line 7, in <module>
    from dotenv import load_dotenv
ModuleNotFoundError: No module named 'dotenv'
2025-09-21 23:09:42.553 503 GET /script-health-check (127.0.0.1) 191.99ms
2025-09-21 23:09:47.383 Uncaught app execution
Traceback (most recent call last):
  File "/home/adminuser/venv/lib/python3.12/site-packages/streamlit/runtime/scriptrunner/exec_code.py", line 128, in exec_func_with_error_handling
    result = func()
             ^^^^^^
  File "/home/adminuser/venv/lib/python3.12/site-packages/streamlit/runtime/scriptrunner/script_runner.py", line 669, in code_to_exec
    exec(code, module.__dict__)  # noqa: S102
    ^^^^^^^^^^^^^^^^^^^^^^^^^^^
  File "/mount/src/clare-mvp-public/main.py", line 12, in <module>
    from src.database.config import validate_env_vars, create_tables
  File "/mount/src/clare-mvp-public/src/database/config.py", line 7, in <module>
    from dotenv import load_dotenv
ModuleNotFoundError: No module named 'dotenv'
2025-09-21 23:09:47.587 503 GET /script-health-check (127.0.0.1) 212.74ms
2025-09-21 23:09:52.391 Uncaught app execution
Traceback (most recent call last):
  File "/home/adminuser/venv/lib/python3.12/site-packages/streamlit/runtime/scriptrunner/exec_code.py", line 128, in exec_func_with_error_handling
    result = func()
             ^^^^^^
  File "/home/adminuser/venv/lib/python3.12/site-packages/streamlit/runtime/scriptrunner/script_runner.py", line 669, in code_to_exec
    exec(code, module.__dict__)  # noqa: S102
    ^^^^^^^^^^^^^^^^^^^^^^^^^^^
  File "/mount/src/clare-mvp-public/main.py", line 12, in <module>
    from src.database.config import validate_env_vars, create_tables
  File "/mount/src/clare-mvp-public/src/database/config.py", line 7, in <module>
    from dotenv import load_dotenv
ModuleNotFoundError: No module named 'dotenv'
2025-09-21 23:09:52.575 503 GET /script-health-check (127.0.0.1) 191.59ms
2025-09-21 23:09:57.382 Uncaught app execution
Traceback (most recent call last):
  File "/home/adminuser/venv/lib/python3.12/site-packages/streamlit/runtime/scriptrunner/exec_code.py", line 128, in exec_func_with_error_handling
    result = func()
             ^^^^^^
  File "/home/adminuser/venv/lib/python3.12/site-packages/streamlit/runtime/scriptrunner/script_runner.py", line 669, in code_to_exec
    exec(code, module.__dict__)  # noqa: S102
    ^^^^^^^^^^^^^^^^^^^^^^^^^^^
  File "/mount/src/clare-mvp-public/main.py", line 12, in <module>
    from src.database.config import validate_env_vars, create_tables
  File "/mount/src/clare-mvp-public/src/database/config.py", line 7, in <module>
    from dotenv import load_dotenv
ModuleNotFoundError: No module named 'dotenv'
2025-09-21 23:09:57.566 503 GET /script-health-check (127.0.0.1) 191.10ms
2025-09-21 23:10:02.414 Uncaught app execution
Traceback (most recent call last):
  File "/home/adminuser/venv/lib/python3.12/site-packages/streamlit/runtime/scriptrunner/exec_code.py", line 128, in exec_func_with_error_handling
    result = func()
             ^^^^^^
  File "/home/adminuser/venv/lib/python3.12/site-packages/streamlit/runtime/scriptrunner/script_runner.py", line 669, in code_to_exec
    exec(code, module.__dict__)  # noqa: S102
    ^^^^^^^^^^^^^^^^^^^^^^^^^^^
  File "/mount/src/clare-mvp-public/main.py", line 12, in <module>
    from src.database.config import validate_env_vars, create_tables
  File "/mount/src/clare-mvp-public/src/database/config.py", line 7, in <module>
    from dotenv import load_dotenv
ModuleNotFoundError: No module named 'dotenv'
2025-09-21 23:10:02.627 503 GET /script-health-check (127.0.0.1) 222.06ms
2025-09-21 23:10:07.360 Uncaught app execution
Traceback (most recent call last):
  File "/home/adminuser/venv/lib/python3.12/site-packages/streamlit/runtime/scriptrunner/exec_code.py", line 128, in exec_func_with_error_handling
    result = func()
             ^^^^^^
  File "/home/adminuser/venv/lib/python3.12/site-packages/streamlit/runtime/scriptrunner/script_runner.py", line 669, in code_to_exec
    exec(code, module.__dict__)  # noqa: S102
    ^^^^^^^^^^^^^^^^^^^^^^^^^^^
  File "/mount/src/clare-mvp-public/main.py", line 12, in <module>
    from src.database.config import validate_env_vars, create_tables
  File "/mount/src/clare-mvp-public/src/database/config.py", line 7, in <module>
    from dotenv import load_dotenv
ModuleNotFoundError: No module named 'dotenv'
2025-09-21 23:10:07.556 503 GET /script-health-check (127.0.0.1) 203.65ms
2025-09-21 23:10:12.366 Uncaught app execution
Traceback (most recent call last):
  File "/home/adminuser/venv/lib/python3.12/site-packages/streamlit/runtime/scriptrunner/exec_code.py", line 128, in exec_func_with_error_handling
    result = func()
             ^^^^^^
  File "/home/adminuser/venv/lib/python3.12/site-packages/streamlit/runtime/scriptrunner/script_runner.py", line 669, in code_to_exec
    exec(code, module.__dict__)  # noqa: S102
    ^^^^^^^^^^^^^^^^^^^^^^^^^^^
  File "/mount/src/clare-mvp-public/main.py", line 12, in <module>
    from src.database.config import validate_env_vars, create_tables
  File "/mount/src/clare-mvp-public/src/database/config.py", line 7, in <module>
    from dotenv import load_dotenv
ModuleNotFoundError: No module named 'dotenv'
2025-09-21 23:10:12.573 503 GET /script-health-check (127.0.0.1) 217.20ms
2025-09-21 23:10:17.397 Uncaught app execution
Traceback (most recent call last):
  File "/home/adminuser/venv/lib/python3.12/site-packages/streamlit/runtime/scriptrunner/exec_code.py", line 128, in exec_func_with_error_handling
    result = func()
             ^^^^^^
  File "/home/adminuser/venv/lib/python3.12/site-packages/streamlit/runtime/scriptrunner/script_runner.py", line 669, in code_to_exec
    exec(code, module.__dict__)  # noqa: S102
    ^^^^^^^^^^^^^^^^^^^^^^^^^^^
  File "/mount/src/clare-mvp-public/main.py", line 12, in <module>
    from src.database.config import validate_env_vars, create_tables
  File "/mount/src/clare-mvp-public/src/database/config.py", line 7, in <module>
    from dotenv import load_dotenv
ModuleNotFoundError: No module named 'dotenv'
2025-09-21 23:10:17.596 503 GET /script-health-check (127.0.0.1) 207.59ms
2025-09-21 23:10:22.377 Uncaught app execution
Traceback (most recent call last):
  File "/home/adminuser/venv/lib/python3.12/site-packages/streamlit/runtime/scriptrunner/exec_code.py", line 128, in exec_func_with_error_handling
    result = func()
             ^^^^^^
  File "/home/adminuser/venv/lib/python3.12/site-packages/streamlit/runtime/scriptrunner/script_runner.py", line 669, in code_to_exec
    exec(code, module.__dict__)  # noqa: S102
    ^^^^^^^^^^^^^^^^^^^^^^^^^^^
  File "/mount/src/clare-mvp-public/main.py", line 12, in <module>
    from src.database.config import validate_env_vars, create_tables
  File "/mount/src/clare-mvp-public/src/database/config.py", line 7, in <module>
    from dotenv import load_dotenv
ModuleNotFoundError: No module named 'dotenv'
2025-09-21 23:10:22.570 503 GET /script-health-check (127.0.0.1) 200.68ms
2025-09-21 23:10:27.373 Uncaught app execution
Traceback (most recent call last):
  File "/home/adminuser/venv/lib/python3.12/site-packages/streamlit/runtime/scriptrunner/exec_code.py", line 128, in exec_func_with_error_handling
    result = func()
             ^^^^^^
  File "/home/adminuser/venv/lib/python3.12/site-packages/streamlit/runtime/scriptrunner/script_runner.py", line 669, in code_to_exec
    exec(code, module.__dict__)  # noqa: S102
    ^^^^^^^^^^^^^^^^^^^^^^^^^^^
  File "/mount/src/clare-mvp-public/main.py", line 12, in <module>
    from src.database.config import validate_env_vars, create_tables
  File "/mount/src/clare-mvp-public/src/database/config.py", line 7, in <module>
    from dotenv import load_dotenv
ModuleNotFoundError: No module named 'dotenv'
2025-09-21 23:10:27.557 503 GET /script-health-check (127.0.0.1) 191.68ms
2025-09-21 23:10:32.368 Uncaught app execution
Traceback (most recent call last):
  File "/home/adminuser/venv/lib/python3.12/site-packages/streamlit/runtime/scriptrunner/exec_code.py", line 128, in exec_func_with_error_handling
    result = func()
             ^^^^^^
  File "/home/adminuser/venv/lib/python3.12/site-packages/streamlit/runtime/scriptrunner/script_runner.py", line 669, in code_to_exec
    exec(code, module.__dict__)  # noqa: S102
    ^^^^^^^^^^^^^^^^^^^^^^^^^^^
  File "/mount/src/clare-mvp-public/main.py", line 12, in <module>
    from src.database.config import validate_env_vars, create_tables
  File "/mount/src/clare-mvp-public/src/database/config.py", line 7, in <module>
    from dotenv import load_dotenv
ModuleNotFoundError: No module named 'dotenv'
2025-09-21 23:10:32.547 503 GET /script-health-check (127.0.0.1) 185.40ms
2025-09-21 23:10:37.374 Uncaught app execution
Traceback (most recent call last):
  File "/home/adminuser/venv/lib/python3.12/site-packages/streamlit/runtime/scriptrunner/exec_code.py", line 128, in exec_func_with_error_handling
    result = func()
             ^^^^^^
  File "/home/adminuser/venv/lib/python3.12/site-packages/streamlit/runtime/scriptrunner/script_runner.py", line 669, in code_to_exec
    exec(code, module.__dict__)  # noqa: S102
    ^^^^^^^^^^^^^^^^^^^^^^^^^^^
  File "/mount/src/clare-mvp-public/main.py", line 12, in <module>
    from src.database.config import validate_env_vars, create_tables
  File "/mount/src/clare-mvp-public/src/database/config.py", line 7, in <module>
    from dotenv import load_dotenv
ModuleNotFoundError: No module named 'dotenv'
2025-09-21 23:10:37.570 503 GET /script-health-check (127.0.0.1) 204.02ms
2025-09-21 23:10:42.383 Uncaught app execution
Traceback (most recent call last):
  File "/home/adminuser/venv/lib/python3.12/site-packages/streamlit/runtime/scriptrunner/exec_code.py", line 128, in exec_func_with_error_handling
    result = func()
             ^^^^^^
  File "/home/adminuser/venv/lib/python3.12/site-packages/streamlit/runtime/scriptrunner/script_runner.py", line 669, in code_to_exec
    exec(code, module.__dict__)  # noqa: S102
    ^^^^^^^^^^^^^^^^^^^^^^^^^^^
  File "/mount/src/clare-mvp-public/main.py", line 12, in <module>
    from src.database.config import validate_env_vars, create_tables
  File "/mount/src/clare-mvp-public/src/database/config.py", line 7, in <module>
    from dotenv import load_dotenv
ModuleNotFoundError: No module named 'dotenv'
2025-09-21 23:10:42.558 503 GET /script-health-check (127.0.0.1) 183.83ms
2025-09-21 23:10:47.369 Uncaught app execution
Traceback (most recent call last):
  File "/home/adminuser/venv/lib/python3.12/site-packages/streamlit/runtime/scriptrunner/exec_code.py", line 128, in exec_func_with_error_handling
    result = func()
             ^^^^^^
  File "/home/adminuser/venv/lib/python3.12/site-packages/streamlit/runtime/scriptrunner/script_runner.py", line 669, in code_to_exec
    exec(code, module.__dict__)  # noqa: S102
    ^^^^^^^^^^^^^^^^^^^^^^^^^^^
  File "/mount/src/clare-mvp-public/main.py", line 12, in <module>
    from src.database.config import validate_env_vars, create_tables
  File "/mount/src/clare-mvp-public/src/database/config.py", line 7, in <module>
    from dotenv import load_dotenv
ModuleNotFoundError: No module named 'dotenv'
2025-09-21 23:10:47.568 503 GET /script-health-check (127.0.0.1) 205.16ms
2025-09-21 23:10:52.374 Uncaught app execution
Traceback (most recent call last):
  File "/home/adminuser/venv/lib/python3.12/site-packages/streamlit/runtime/scriptrunner/exec_code.py", line 128, in exec_func_with_error_handling
    result = func()
             ^^^^^^
  File "/home/adminuser/venv/lib/python3.12/site-packages/streamlit/runtime/scriptrunner/script_runner.py", line 669, in code_to_exec
    exec(code, module.__dict__)  # noqa: S102
    ^^^^^^^^^^^^^^^^^^^^^^^^^^^
  File "/mount/src/clare-mvp-public/main.py", line 12, in <module>
    from src.database.config import validate_env_vars, create_tables
  File "/mount/src/clare-mvp-public/src/database/config.py", line 7, in <module>
    from dotenv import load_dotenv
ModuleNotFoundError: No module named 'dotenv'
2025-09-21 23:10:52.558 503 GET /script-health-check (127.0.0.1) 191.35ms
2025-09-21 23:10:57.389 Uncaught app execution
Traceback (most recent call last):
  File "/home/adminuser/venv/lib/python3.12/site-packages/streamlit/runtime/scriptrunner/exec_code.py", line 128, in exec_func_with_error_handling
    result = func()
             ^^^^^^
  File "/home/adminuser/venv/lib/python3.12/site-packages/streamlit/runtime/scriptrunner/script_runner.py", line 669, in code_to_exec
    exec(code, module.__dict__)  # noqa: S102
    ^^^^^^^^^^^^^^^^^^^^^^^^^^^
  File "/mount/src/clare-mvp-public/main.py", line 12, in <module>
    from src.database.config import validate_env_vars, create_tables
  File "/mount/src/clare-mvp-public/src/database/config.py", line 7, in <module>
    from dotenv import load_dotenv
ModuleNotFoundError: No module named 'dotenv'
2025-09-21 23:10:57.557 503 GET /script-health-check (127.0.0.1) 176.17ms
2025-09-21 23:11:02.374 Uncaught app execution
Traceback (most recent call last):
  File "/home/adminuser/venv/lib/python3.12/site-packages/streamlit/runtime/scriptrunner/exec_code.py", line 128, in exec_func_with_error_handling
    result = func()
             ^^^^^^
  File "/home/adminuser/venv/lib/python3.12/site-packages/streamlit/runtime/scriptrunner/script_runner.py", line 669, in code_to_exec
    exec(code, module.__dict__)  # noqa: S102
    ^^^^^^^^^^^^^^^^^^^^^^^^^^^
  File "/mount/src/clare-mvp-public/main.py", line 12, in <module>
    from src.database.config import validate_env_vars, create_tables
  File "/mount/src/clare-mvp-public/src/database/config.py", line 7, in <module>
    from dotenv import load_dotenv
ModuleNotFoundError: No module named 'dotenv'
2025-09-21 23:11:02.568 503 GET /script-health-check (127.0.0.1) 202.82ms
2025-09-21 23:11:07.377 Uncaught app execution
Traceback (most recent call last):
  File "/home/adminuser/venv/lib/python3.12/site-packages/streamlit/runtime/scriptrunner/exec_code.py", line 128, in exec_func_with_error_handling
    result = func()
             ^^^^^^
  File "/home/adminuser/venv/lib/python3.12/site-packages/streamlit/runtime/scriptrunner/script_runner.py", line 669, in code_to_exec
    exec(code, module.__dict__)  # noqa: S102
    ^^^^^^^^^^^^^^^^^^^^^^^^^^^
  File "/mount/src/clare-mvp-public/main.py", line 12, in <module>
    from src.database.config import validate_env_vars, create_tables
  File "/mount/src/clare-mvp-public/src/database/config.py", line 7, in <module>
    from dotenv import load_dotenv
ModuleNotFoundError: No module named 'dotenv'
2025-09-21 23:11:07.554 503 GET /script-health-check (127.0.0.1) 184.30ms
2025-09-21 23:11:12.374 Uncaught app execution
Traceback (most recent call last):
  File "/home/adminuser/venv/lib/python3.12/site-packages/streamlit/runtime/scriptrunner/exec_code.py", line 128, in exec_func_with_error_handling
    result = func()
             ^^^^^^
  File "/home/adminuser/venv/lib/python3.12/site-packages/streamlit/runtime/scriptrunner/script_runner.py", line 669, in code_to_exec
    exec(code, module.__dict__)  # noqa: S102
    ^^^^^^^^^^^^^^^^^^^^^^^^^^^
  File "/mount/src/clare-mvp-public/main.py", line 12, in <module>
    from src.database.config import validate_env_vars, create_tables
  File "/mount/src/clare-mvp-public/src/database/config.py", line 7, in <module>
    from dotenv import load_dotenv
ModuleNotFoundError: No module named 'dotenv'
2025-09-21 23:11:12.574 503 GET /script-health-check (127.0.0.1) 207.78ms
2025-09-21 23:11:17.370 Uncaught app execution
Traceback (most recent call last):
  File "/home/adminuser/venv/lib/python3.12/site-packages/streamlit/runtime/scriptrunner/exec_code.py", line 128, in exec_func_with_error_handling
    result = func()
             ^^^^^^
  File "/home/adminuser/venv/lib/python3.12/site-packages/streamlit/runtime/scriptrunner/script_runner.py", line 669, in code_to_exec
    exec(code, module.__dict__)  # noqa: S102
    ^^^^^^^^^^^^^^^^^^^^^^^^^^^
  File "/mount/src/clare-mvp-public/main.py", line 12, in <module>
    from src.database.config import validate_env_vars, create_tables
  File "/mount/src/clare-mvp-public/src/database/config.py", line 7, in <module>
    from dotenv import load_dotenv
ModuleNotFoundError: No module named 'dotenv'
2025-09-21 23:11:17.596 503 GET /script-health-check (127.0.0.1) 231.95ms
2025-09-21 23:11:22.370 Uncaught app execution
Traceback (most recent call last):
  File "/home/adminuser/venv/lib/python3.12/site-packages/streamlit/runtime/scriptrunner/exec_code.py", line 128, in exec_func_with_error_handling
    result = func()
             ^^^^^^
  File "/home/adminuser/venv/lib/python3.12/site-packages/streamlit/runtime/scriptrunner/script_runner.py", line 669, in code_to_exec
    exec(code, module.__dict__)  # noqa: S102
    ^^^^^^^^^^^^^^^^^^^^^^^^^^^
  File "/mount/src/clare-mvp-public/main.py", line 12, in <module>
    from src.database.config import validate_env_vars, create_tables
  File "/mount/src/clare-mvp-public/src/database/config.py", line 7, in <module>
    from dotenv import load_dotenv
ModuleNotFoundError: No module named 'dotenv'
2025-09-21 23:11:22.571 503 GET /script-health-check (127.0.0.1) 207.02ms
2025-09-21 23:11:27.381 Uncaught app execution
Traceback (most recent call last):
  File "/home/adminuser/venv/lib/python3.12/site-packages/streamlit/runtime/scriptrunner/exec_code.py", line 128, in exec_func_with_error_handling
    result = func()
             ^^^^^^
  File "/home/adminuser/venv/lib/python3.12/site-packages/streamlit/runtime/scriptrunner/script_runner.py", line 669, in code_to_exec
    exec(code, module.__dict__)  # noqa: S102
    ^^^^^^^^^^^^^^^^^^^^^^^^^^^
  File "/mount/src/clare-mvp-public/main.py", line 12, in <module>
    from src.database.config import validate_env_vars, create_tables
  File "/mount/src/clare-mvp-public/src/database/config.py", line 7, in <module>
    from dotenv import load_dotenv
ModuleNotFoundError: No module named 'dotenv'
2025-09-21 23:11:27.583 503 GET /script-health-check (127.0.0.1) 209.03ms
2025-09-21 23:11:32.373 Uncaught app execution
Traceback (most recent call last):
  File "/home/adminuser/venv/lib/python3.12/site-packages/streamlit/runtime/scriptrunner/exec_code.py", line 128, in exec_func_with_error_handling
    result = func()
             ^^^^^^
  File "/home/adminuser/venv/lib/python3.12/site-packages/streamlit/runtime/scriptrunner/script_runner.py", line 669, in code_to_exec
    exec(code, module.__dict__)  # noqa: S102
    ^^^^^^^^^^^^^^^^^^^^^^^^^^^
  File "/mount/src/clare-mvp-public/main.py", line 12, in <module>
    from src.database.config import validate_env_vars, create_tables
  File "/mount/src/clare-mvp-public/src/database/config.py", line 7, in <module>
    from dotenv import load_dotenv
ModuleNotFoundError: No module named 'dotenv'
2025-09-21 23:11:32.556 503 GET /script-health-check (127.0.0.1) 191.54ms
2025-09-21 23:11:37.386 Uncaught app execution
Traceback (most recent call last):
  File "/home/adminuser/venv/lib/python3.12/site-packages/streamlit/runtime/scriptrunner/exec_code.py", line 128, in exec_func_with_error_handling
    result = func()
             ^^^^^^
  File "/home/adminuser/venv/lib/python3.12/site-packages/streamlit/runtime/scriptrunner/script_runner.py", line 669, in code_to_exec
    exec(code, module.__dict__)  # noqa: S102
    ^^^^^^^^^^^^^^^^^^^^^^^^^^^
  File "/mount/src/clare-mvp-public/main.py", line 12, in <module>
    from src.database.config import validate_env_vars, create_tables
  File "/mount/src/clare-mvp-public/src/database/config.py", line 7, in <module>
    from dotenv import load_dotenv
ModuleNotFoundError: No module named 'dotenv'
2025-09-21 23:11:37.606 503 GET /script-health-check (127.0.0.1) 227.78ms
2025-09-21 23:11:42.431 Uncaught app execution
Traceback (most recent call last):
  File "/home/adminuser/venv/lib/python3.12/site-packages/streamlit/runtime/scriptrunner/exec_code.py", line 128, in exec_func_with_error_handling
    result = func()
             ^^^^^^
  File "/home/adminuser/venv/lib/python3.12/site-packages/streamlit/runtime/scriptrunner/script_runner.py", line 669, in code_to_exec
    exec(code, module.__dict__)  # noqa: S102
    ^^^^^^^^^^^^^^^^^^^^^^^^^^^
  File "/mount/src/clare-mvp-public/main.py", line 12, in <module>
    from src.database.config import validate_env_vars, create_tables
  File "/mount/src/clare-mvp-public/src/database/config.py", line 7, in <module>
    from dotenv import load_dotenv
ModuleNotFoundError: No module named 'dotenv'
2025-09-21 23:11:42.687 503 GET /script-health-check (127.0.0.1) 268.15ms
2025-09-21 23:11:47.417 Uncaught app execution
Traceback (most recent call last):
  File "/home/adminuser/venv/lib/python3.12/site-packages/streamlit/runtime/scriptrunner/exec_code.py", line 128, in exec_func_with_error_handling
    result = func()
             ^^^^^^
  File "/home/adminuser/venv/lib/python3.12/site-packages/streamlit/runtime/scriptrunner/script_runner.py", line 669, in code_to_exec
    exec(code, module.__dict__)  # noqa: S102
    ^^^^^^^^^^^^^^^^^^^^^^^^^^^
  File "/mount/src/clare-mvp-public/main.py", line 12, in <module>
    from src.database.config import validate_env_vars, create_tables
  File "/mount/src/clare-mvp-public/src/database/config.py", line 7, in <module>
    from dotenv import load_dotenv
ModuleNotFoundError: No module named 'dotenv'
2025-09-21 23:11:47.453 503 GET /script-health-check (127.0.0.1) 45.96ms
2025-09-21 23:11:52.382 Uncaught app execution
Traceback (most recent call last):
  File "/home/adminuser/venv/lib/python3.12/site-packages/streamlit/runtime/scriptrunner/exec_code.py", line 128, in exec_func_with_error_handling
    result = func()
             ^^^^^^
  File "/home/adminuser/venv/lib/python3.12/site-packages/streamlit/runtime/scriptrunner/script_runner.py", line 669, in code_to_exec
    exec(code, module.__dict__)  # noqa: S102
    ^^^^^^^^^^^^^^^^^^^^^^^^^^^
  File "/mount/src/clare-mvp-public/main.py", line 12, in <module>
    from src.database.config import validate_env_vars, create_tables
  File "/mount/src/clare-mvp-public/src/database/config.py", line 7, in <module>
    from dotenv import load_dotenv
ModuleNotFoundError: No module named 'dotenv'
2025-09-21 23:11:52.559 503 GET /script-health-check (127.0.0.1) 185.14ms
2025-09-21 23:11:57.373 Uncaught app execution
Traceback (most recent call last):
  File "/home/adminuser/venv/lib/python3.12/site-packages/streamlit/runtime/scriptrunner/exec_code.py", line 128, in exec_func_with_error_handling
    result = func()
             ^^^^^^
  File "/home/adminuser/venv/lib/python3.12/site-packages/streamlit/runtime/scriptrunner/script_runner.py", line 669, in code_to_exec
    exec(code, module.__dict__)  # noqa: S102
    ^^^^^^^^^^^^^^^^^^^^^^^^^^^
  File "/mount/src/clare-mvp-public/main.py", line 12, in <module>
    from src.database.config import validate_env_vars, create_tables
  File "/mount/src/clare-mvp-public/src/database/config.py", line 7, in <module>
    from dotenv import load_dotenv
ModuleNotFoundError: No module named 'dotenv'
2025-09-21 23:11:57.600 503 GET /script-health-check (127.0.0.1) 233.68ms
2025-09-21 23:12:02.396 Uncaught app execution
Traceback (most recent call last):
  File "/home/adminuser/venv/lib/python3.12/site-packages/streamlit/runtime/scriptrunner/exec_code.py", line 128, in exec_func_with_error_handling
    result = func()
             ^^^^^^
  File "/home/adminuser/venv/lib/python3.12/site-packages/streamlit/runtime/scriptrunner/script_runner.py", line 669, in code_to_exec
    exec(code, module.__dict__)  # noqa: S102
    ^^^^^^^^^^^^^^^^^^^^^^^^^^^
  File "/mount/src/clare-mvp-public/main.py", line 12, in <module>
    from src.database.config import validate_env_vars, create_tables
  File "/mount/src/clare-mvp-public/src/database/config.py", line 7, in <module>
    from dotenv import load_dotenv
ModuleNotFoundError: No module named 'dotenv'
2025-09-21 23:12:02.618 503 GET /script-health-check (127.0.0.1) 229.72ms
2025-09-21 23:12:07.379 Uncaught app execution
Traceback (most recent call last):
  File "/home/adminuser/venv/lib/python3.12/site-packages/streamlit/runtime/scriptrunner/exec_code.py", line 128, in exec_func_with_error_handling
    result = func()
             ^^^^^^
  File "/home/adminuser/venv/lib/python3.12/site-packages/streamlit/runtime/scriptrunner/script_runner.py", line 669, in code_to_exec
    exec(code, module.__dict__)  # noqa: S102
    ^^^^^^^^^^^^^^^^^^^^^^^^^^^
  File "/mount/src/clare-mvp-public/main.py", line 12, in <module>
    from src.database.config import validate_env_vars, create_tables
  File "/mount/src/clare-mvp-public/src/database/config.py", line 7, in <module>
    from dotenv import load_dotenv
ModuleNotFoundError: No module named 'dotenv'
2025-09-21 23:12:07.593 503 GET /script-health-check (127.0.0.1) 222.64ms
2025-09-21 23:12:12.375 Uncaught app execution
Traceback (most recent call last):
  File "/home/adminuser/venv/lib/python3.12/site-packages/streamlit/runtime/scriptrunner/exec_code.py", line 128, in exec_func_with_error_handling
    result = func()
             ^^^^^^
  File "/home/adminuser/venv/lib/python3.12/site-packages/streamlit/runtime/scriptrunner/script_runner.py", line 669, in code_to_exec
    exec(code, module.__dict__)  # noqa: S102
    ^^^^^^^^^^^^^^^^^^^^^^^^^^^
  File "/mount/src/clare-mvp-public/main.py", line 12, in <module>
    from src.database.config import validate_env_vars, create_tables
  File "/mount/src/clare-mvp-public/src/database/config.py", line 7, in <module>
    from dotenv import load_dotenv
ModuleNotFoundError: No module named 'dotenv'
2025-09-21 23:12:12.572 503 GET /script-health-check (127.0.0.1) 205.98ms
2025-09-21 23:12:17.387 Uncaught app execution
Traceback (most recent call last):
  File "/home/adminuser/venv/lib/python3.12/site-packages/streamlit/runtime/scriptrunner/exec_code.py", line 128, in exec_func_with_error_handling
    result = func()
             ^^^^^^
  File "/home/adminuser/venv/lib/python3.12/site-packages/streamlit/runtime/scriptrunner/script_runner.py", line 669, in code_to_exec
    exec(code, module.__dict__)  # noqa: S102
    ^^^^^^^^^^^^^^^^^^^^^^^^^^^
  File "/mount/src/clare-mvp-public/main.py", line 12, in <module>
    from src.database.config import validate_env_vars, create_tables
  File "/mount/src/clare-mvp-public/src/database/config.py", line 7, in <module>
    from dotenv import load_dotenv
ModuleNotFoundError: No module named 'dotenv'
2025-09-21 23:12:17.612 503 GET /script-health-check (127.0.0.1) 232.41ms
2025-09-21 23:12:22.432 Uncaught app execution
Traceback (most recent call last):
  File "/home/adminuser/venv/lib/python3.12/site-packages/streamlit/runtime/scriptrunner/exec_code.py", line 128, in exec_func_with_error_handling
    result = func()
             ^^^^^^
  File "/home/adminuser/venv/lib/python3.12/site-packages/streamlit/runtime/scriptrunner/script_runner.py", line 669, in code_to_exec
    exec(code, module.__dict__)  # noqa: S102
    ^^^^^^^^^^^^^^^^^^^^^^^^^^^
  File "/mount/src/clare-mvp-public/main.py", line 12, in <module>
    from src.database.config import validate_env_vars, create_tables
  File "/mount/src/clare-mvp-public/src/database/config.py", line 7, in <module>
    from dotenv import load_dotenv
ModuleNotFoundError: No module named 'dotenv'
2025-09-21 23:12:22.470 503 GET /script-health-check (127.0.0.1) 62.77ms
2025-09-21 23:12:27.393 Uncaught app execution
Traceback (most recent call last):
  File "/home/adminuser/venv/lib/python3.12/site-packages/streamlit/runtime/scriptrunner/exec_code.py", line 128, in exec_func_with_error_handling
    result = func()
             ^^^^^^
  File "/home/adminuser/venv/lib/python3.12/site-packages/streamlit/runtime/scriptrunner/script_runner.py", line 669, in code_to_exec
    exec(code, module.__dict__)  # noqa: S102
    ^^^^^^^^^^^^^^^^^^^^^^^^^^^
  File "/mount/src/clare-mvp-public/main.py", line 12, in <module>
    from src.database.config import validate_env_vars, create_tables
  File "/mount/src/clare-mvp-public/src/database/config.py", line 7, in <module>
    from dotenv import load_dotenv
ModuleNotFoundError: No module named 'dotenv'
2025-09-21 23:12:27.593 503 GET /script-health-check (127.0.0.1) 207.91ms
2025-09-21 23:12:32.380 Uncaught app execution
Traceback (most recent call last):
  File "/home/adminuser/venv/lib/python3.12/site-packages/streamlit/runtime/scriptrunner/exec_code.py", line 128, in exec_func_with_error_handling
    result = func()
             ^^^^^^
  File "/home/adminuser/venv/lib/python3.12/site-packages/streamlit/runtime/scriptrunner/script_runner.py", line 669, in code_to_exec
    exec(code, module.__dict__)  # noqa: S102
    ^^^^^^^^^^^^^^^^^^^^^^^^^^^
  File "/mount/src/clare-mvp-public/main.py", line 12, in <module>
    from src.database.config import validate_env_vars, create_tables
  File "/mount/src/clare-mvp-public/src/database/config.py", line 7, in <module>
    from dotenv import load_dotenv
ModuleNotFoundError: No module named 'dotenv'
2025-09-21 23:12:32.576 503 GET /script-health-check (127.0.0.1) 204.56ms
2025-09-21 23:12:37.377 Uncaught app execution
Traceback (most recent call last):
  File "/home/adminuser/venv/lib/python3.12/site-packages/streamlit/runtime/scriptrunner/exec_code.py", line 128, in exec_func_with_error_handling
    result = func()
             ^^^^^^
  File "/home/adminuser/venv/lib/python3.12/site-packages/streamlit/runtime/scriptrunner/script_runner.py", line 669, in code_to_exec
    exec(code, module.__dict__)  # noqa: S102
    ^^^^^^^^^^^^^^^^^^^^^^^^^^^
  File "/mount/src/clare-mvp-public/main.py", line 12, in <module>
    from src.database.config import validate_env_vars, create_tables
  File "/mount/src/clare-mvp-public/src/database/config.py", line 7, in <module>
    from dotenv import load_dotenv
ModuleNotFoundError: No module named 'dotenv'
2025-09-21 23:12:37.578 503 GET /script-health-check (127.0.0.1) 207.12ms
2025-09-21 23:12:42.381 Uncaught app execution
Traceback (most recent call last):
  File "/home/adminuser/venv/lib/python3.12/site-packages/streamlit/runtime/scriptrunner/exec_code.py", line 128, in exec_func_with_error_handling
    result = func()
             ^^^^^^
  File "/home/adminuser/venv/lib/python3.12/site-packages/streamlit/runtime/scriptrunner/script_runner.py", line 669, in code_to_exec
    exec(code, module.__dict__)  # noqa: S102
    ^^^^^^^^^^^^^^^^^^^^^^^^^^^
  File "/mount/src/clare-mvp-public/main.py", line 12, in <module>
    from src.database.config import validate_env_vars, create_tables
  File "/mount/src/clare-mvp-public/src/database/config.py", line 7, in <module>
    from dotenv import load_dotenv
ModuleNotFoundError: No module named 'dotenv'
2025-09-21 23:12:42.580 503 GET /script-health-check (127.0.0.1) 206.53ms
2025-09-21 23:12:47.379 Uncaught app execution
Traceback (most recent call last):
  File "/home/adminuser/venv/lib/python3.12/site-packages/streamlit/runtime/scriptrunner/exec_code.py", line 128, in exec_func_with_error_handling
    result = func()
             ^^^^^^
  File "/home/adminuser/venv/lib/python3.12/site-packages/streamlit/runtime/scriptrunner/script_runner.py", line 669, in code_to_exec
    exec(code, module.__dict__)  # noqa: S102
    ^^^^^^^^^^^^^^^^^^^^^^^^^^^
  File "/mount/src/clare-mvp-public/main.py", line 12, in <module>
    from src.database.config import validate_env_vars, create_tables
  File "/mount/src/clare-mvp-public/src/database/config.py", line 7, in <module>
    from dotenv import load_dotenv
ModuleNotFoundError: No module named 'dotenv'
2025-09-21 23:12:47.584 503 GET /script-health-check (127.0.0.1) 211.95ms
2025-09-21 23:12:52.368 Uncaught app execution
Traceback (most recent call last):
  File "/home/adminuser/venv/lib/python3.12/site-packages/streamlit/runtime/scriptrunner/exec_code.py", line 128, in exec_func_with_error_handling
    result = func()
             ^^^^^^
  File "/home/adminuser/venv/lib/python3.12/site-packages/streamlit/runtime/scriptrunner/script_runner.py", line 669, in code_to_exec
    exec(code, module.__dict__)  # noqa: S102
    ^^^^^^^^^^^^^^^^^^^^^^^^^^^
  File "/mount/src/clare-mvp-public/main.py", line 12, in <module>
    from src.database.config import validate_env_vars, create_tables
  File "/mount/src/clare-mvp-public/src/database/config.py", line 7, in <module>
    from dotenv import load_dotenv
ModuleNotFoundError: No module named 'dotenv'
2025-09-21 23:12:52.561 503 GET /script-health-check (127.0.0.1) 201.64ms
2025-09-21 23:12:57.388 Uncaught app execution
Traceback (most recent call last):
  File "/home/adminuser/venv/lib/python3.12/site-packages/streamlit/runtime/scriptrunner/exec_code.py", line 128, in exec_func_with_error_handling
    result = func()
             ^^^^^^
  File "/home/adminuser/venv/lib/python3.12/site-packages/streamlit/runtime/scriptrunner/script_runner.py", line 669, in code_to_exec
    exec(code, module.__dict__)  # noqa: S102
    ^^^^^^^^^^^^^^^^^^^^^^^^^^^
  File "/mount/src/clare-mvp-public/main.py", line 12, in <module>
    from src.database.config import validate_env_vars, create_tables
  File "/mount/src/clare-mvp-public/src/database/config.py", line 7, in <module>
    from dotenv import load_dotenv
ModuleNotFoundError: No module named 'dotenv'
2025-09-21 23:12:57.625 503 GET /script-health-check (127.0.0.1) 246.74ms
2025-09-21 23:13:02.382 Uncaught app execution
Traceback (most recent call last):
  File "/home/adminuser/venv/lib/python3.12/site-packages/streamlit/runtime/scriptrunner/exec_code.py", line 128, in exec_func_with_error_handling
    result = func()
             ^^^^^^
  File "/home/adminuser/venv/lib/python3.12/site-packages/streamlit/runtime/scriptrunner/script_runner.py", line 669, in code_to_exec
    exec(code, module.__dict__)  # noqa: S102
    ^^^^^^^^^^^^^^^^^^^^^^^^^^^
  File "/mount/src/clare-mvp-public/main.py", line 12, in <module>
    from src.database.config import validate_env_vars, create_tables
  File "/mount/src/clare-mvp-public/src/database/config.py", line 7, in <module>
    from dotenv import load_dotenv
ModuleNotFoundError: No module named 'dotenv'
2025-09-21 23:13:02.600 503 GET /script-health-check (127.0.0.1) 226.79ms
2025-09-21 23:13:07.379 Uncaught app execution
Traceback (most recent call last):
  File "/home/adminuser/venv/lib/python3.12/site-packages/streamlit/runtime/scriptrunner/exec_code.py", line 128, in exec_func_with_error_handling
    result = func()
             ^^^^^^
  File "/home/adminuser/venv/lib/python3.12/site-packages/streamlit/runtime/scriptrunner/script_runner.py", line 669, in code_to_exec
    exec(code, module.__dict__)  # noqa: S102
    ^^^^^^^^^^^^^^^^^^^^^^^^^^^
  File "/mount/src/clare-mvp-public/main.py", line 12, in <module>
    from src.database.config import validate_env_vars, create_tables
  File "/mount/src/clare-mvp-public/src/database/config.py", line 7, in <module>
    from dotenv import load_dotenv
ModuleNotFoundError: No module named 'dotenv'
2025-09-21 23:13:07.574 503 GET /script-health-check (127.0.0.1) 204.86ms
2025-09-21 23:13:12.374 Uncaught app execution
Traceback (most recent call last):
  File "/home/adminuser/venv/lib/python3.12/site-packages/streamlit/runtime/scriptrunner/exec_code.py", line 128, in exec_func_with_error_handling
    result = func()
             ^^^^^^
  File "/home/adminuser/venv/lib/python3.12/site-packages/streamlit/runtime/scriptrunner/script_runner.py", line 669, in code_to_exec
    exec(code, module.__dict__)  # noqa: S102
    ^^^^^^^^^^^^^^^^^^^^^^^^^^^
  File "/mount/src/clare-mvp-public/main.py", line 12, in <module>
    from src.database.config import validate_env_vars, create_tables
  File "/mount/src/clare-mvp-public/src/database/config.py", line 7, in <module>
    from dotenv import load_dotenv
ModuleNotFoundError: No module named 'dotenv'
2025-09-21 23:13:12.565 503 GET /script-health-check (127.0.0.1) 199.60ms
2025-09-21 23:13:17.378 Uncaught app execution
Traceback (most recent call last):
  File "/home/adminuser/venv/lib/python3.12/site-packages/streamlit/runtime/scriptrunner/exec_code.py", line 128, in exec_func_with_error_handling
    result = func()
             ^^^^^^
  File "/home/adminuser/venv/lib/python3.12/site-packages/streamlit/runtime/scriptrunner/script_runner.py", line 669, in code_to_exec
    exec(code, module.__dict__)  # noqa: S102
    ^^^^^^^^^^^^^^^^^^^^^^^^^^^
  File "/mount/src/clare-mvp-public/main.py", line 12, in <module>
    from src.database.config import validate_env_vars, create_tables
  File "/mount/src/clare-mvp-public/src/database/config.py", line 7, in <module>
    from dotenv import load_dotenv
ModuleNotFoundError: No module named 'dotenv'
2025-09-21 23:13:17.615 503 GET /script-health-check (127.0.0.1) 246.13ms
2025-09-21 23:13:22.396 Uncaught app execution
Traceback (most recent call last):
  File "/home/adminuser/venv/lib/python3.12/site-packages/streamlit/runtime/scriptrunner/exec_code.py", line 128, in exec_func_with_error_handling
    result = func()
             ^^^^^^
  File "/home/adminuser/venv/lib/python3.12/site-packages/streamlit/runtime/scriptrunner/script_runner.py", line 669, in code_to_exec
    exec(code, module.__dict__)  # noqa: S102
    ^^^^^^^^^^^^^^^^^^^^^^^^^^^
  File "/mount/src/clare-mvp-public/main.py", line 12, in <module>
    from src.database.config import validate_env_vars, create_tables
  File "/mount/src/clare-mvp-public/src/database/config.py", line 7, in <module>
    from dotenv import load_dotenv
ModuleNotFoundError: No module named 'dotenv'
2025-09-21 23:13:22.656 503 GET /script-health-check (127.0.0.1) 269.68ms
2025-09-21 23:13:27.372 Uncaught app execution
Traceback (most recent call last):
  File "/home/adminuser/venv/lib/python3.12/site-packages/streamlit/runtime/scriptrunner/exec_code.py", line 128, in exec_func_with_error_handling
    result = func()
             ^^^^^^
  File "/home/adminuser/venv/lib/python3.12/site-packages/streamlit/runtime/scriptrunner/script_runner.py", line 669, in code_to_exec
    exec(code, module.__dict__)  # noqa: S102
    ^^^^^^^^^^^^^^^^^^^^^^^^^^^
  File "/mount/src/clare-mvp-public/main.py", line 12, in <module>
    from src.database.config import validate_env_vars, create_tables
  File "/mount/src/clare-mvp-public/src/database/config.py", line 7, in <module>
    from dotenv import load_dotenv
ModuleNotFoundError: No module named 'dotenv'
2025-09-21 23:13:27.551 503 GET /script-health-check (127.0.0.1) 186.81ms
2025-09-21 23:13:32.365 Uncaught app execution
Traceback (most recent call last):
  File "/home/adminuser/venv/lib/python3.12/site-packages/streamlit/runtime/scriptrunner/exec_code.py", line 128, in exec_func_with_error_handling
    result = func()
             ^^^^^^
  File "/home/adminuser/venv/lib/python3.12/site-packages/streamlit/runtime/scriptrunner/script_runner.py", line 669, in code_to_exec
    exec(code, module.__dict__)  # noqa: S102
    ^^^^^^^^^^^^^^^^^^^^^^^^^^^
  File "/mount/src/clare-mvp-public/main.py", line 12, in <module>
    from src.database.config import validate_env_vars, create_tables
  File "/mount/src/clare-mvp-public/src/database/config.py", line 7, in <module>
    from dotenv import load_dotenv
ModuleNotFoundError: No module named 'dotenv'
2025-09-21 23:13:32.597 503 GET /script-health-check (127.0.0.1) 237.99ms
2025-09-21 23:13:37.374 Uncaught app execution
Traceback (most recent call last):
  File "/home/adminuser/venv/lib/python3.12/site-packages/streamlit/runtime/scriptrunner/exec_code.py", line 128, in exec_func_with_error_handling
    result = func()
             ^^^^^^
  File "/home/adminuser/venv/lib/python3.12/site-packages/streamlit/runtime/scriptrunner/script_runner.py", line 669, in code_to_exec
    exec(code, module.__dict__)  # noqa: S102
    ^^^^^^^^^^^^^^^^^^^^^^^^^^^
  File "/mount/src/clare-mvp-public/main.py", line 12, in <module>
    from src.database.config import validate_env_vars, create_tables
  File "/mount/src/clare-mvp-public/src/database/config.py", line 7, in <module>
    from dotenv import load_dotenv
ModuleNotFoundError: No module named 'dotenv'
2025-09-21 23:13:37.597 503 GET /script-health-check (127.0.0.1) 229.15ms
2025-09-21 23:13:42.489 Uncaught app execution
Traceback (most recent call last):
  File "/home/adminuser/venv/lib/python3.12/site-packages/streamlit/runtime/scriptrunner/exec_code.py", line 128, in exec_func_with_error_handling
    result = func()
             ^^^^^^
  File "/home/adminuser/venv/lib/python3.12/site-packages/streamlit/runtime/scriptrunner/script_runner.py", line 669, in code_to_exec
    exec(code, module.__dict__)  # noqa: S102
    ^^^^^^^^^^^^^^^^^^^^^^^^^^^
  File "/mount/src/clare-mvp-public/main.py", line 12, in <module>
    from src.database.config import validate_env_vars, create_tables
  File "/mount/src/clare-mvp-public/src/database/config.py", line 7, in <module>
    from dotenv import load_dotenv
ModuleNotFoundError: No module named 'dotenv'
2025-09-21 23:13:42.656 503 GET /script-health-check (127.0.0.1) 185.90ms
2025-09-21 23:13:47.382 Uncaught app execution
Traceback (most recent call last):
  File "/home/adminuser/venv/lib/python3.12/site-packages/streamlit/runtime/scriptrunner/exec_code.py", line 128, in exec_func_with_error_handling
    result = func()
             ^^^^^^
  File "/home/adminuser/venv/lib/python3.12/site-packages/streamlit/runtime/scriptrunner/script_runner.py", line 669, in code_to_exec
    exec(code, module.__dict__)  # noqa: S102
    ^^^^^^^^^^^^^^^^^^^^^^^^^^^
  File "/mount/src/clare-mvp-public/main.py", line 12, in <module>
    from src.database.config import validate_env_vars, create_tables
  File "/mount/src/clare-mvp-public/src/database/config.py", line 7, in <module>
    from dotenv import load_dotenv
ModuleNotFoundError: No module named 'dotenv'
2025-09-21 23:13:47.584 503 GET /script-health-check (127.0.0.1) 210.50ms
2025-09-21 23:13:52.369 Uncaught app execution
Traceback (most recent call last):
  File "/home/adminuser/venv/lib/python3.12/site-packages/streamlit/runtime/scriptrunner/exec_code.py", line 128, in exec_func_with_error_handling
    result = func()
             ^^^^^^
  File "/home/adminuser/venv/lib/python3.12/site-packages/streamlit/runtime/scriptrunner/script_runner.py", line 669, in code_to_exec
    exec(code, module.__dict__)  # noqa: S102
    ^^^^^^^^^^^^^^^^^^^^^^^^^^^
  File "/mount/src/clare-mvp-public/main.py", line 12, in <module>
    from src.database.config import validate_env_vars, create_tables
  File "/mount/src/clare-mvp-public/src/database/config.py", line 7, in <module>
    from dotenv import load_dotenv
ModuleNotFoundError: No module named 'dotenv'
2025-09-21 23:13:52.600 503 GET /script-health-check (127.0.0.1) 237.41ms
2025-09-21 23:13:57.370 Uncaught app execution
Traceback (most recent call last):
  File "/home/adminuser/venv/lib/python3.12/site-packages/streamlit/runtime/scriptrunner/exec_code.py", line 128, in exec_func_with_error_handling
    result = func()
             ^^^^^^
  File "/home/adminuser/venv/lib/python3.12/site-packages/streamlit/runtime/scriptrunner/script_runner.py", line 669, in code_to_exec
    exec(code, module.__dict__)  # noqa: S102
    ^^^^^^^^^^^^^^^^^^^^^^^^^^^
  File "/mount/src/clare-mvp-public/main.py", line 12, in <module>
    from src.database.config import validate_env_vars, create_tables
  File "/mount/src/clare-mvp-public/src/database/config.py", line 7, in <module>
    from dotenv import load_dotenv
ModuleNotFoundError: No module named 'dotenv'
2025-09-21 23:13:57.550 503 GET /script-health-check (127.0.0.1) 187.80ms
2025-09-21 23:14:02.372 Uncaught app execution
Traceback (most recent call last):
  File "/home/adminuser/venv/lib/python3.12/site-packages/streamlit/runtime/scriptrunner/exec_code.py", line 128, in exec_func_with_error_handling
    result = func()
             ^^^^^^
  File "/home/adminuser/venv/lib/python3.12/site-packages/streamlit/runtime/scriptrunner/script_runner.py", line 669, in code_to_exec
    exec(code, module.__dict__)  # noqa: S102
    ^^^^^^^^^^^^^^^^^^^^^^^^^^^
  File "/mount/src/clare-mvp-public/main.py", line 12, in <module>
    from src.database.config import validate_env_vars, create_tables
  File "/mount/src/clare-mvp-public/src/database/config.py", line 7, in <module>
    from dotenv import load_dotenv
ModuleNotFoundError: No module named 'dotenv'
2025-09-21 23:14:02.554 503 GET /script-health-check (127.0.0.1) 189.75ms
2025-09-21 23:14:07.380 Uncaught app execution
Traceback (most recent call last):
  File "/home/adminuser/venv/lib/python3.12/site-packages/streamlit/runtime/scriptrunner/exec_code.py", line 128, in exec_func_with_error_handling
    result = func()
             ^^^^^^
  File "/home/adminuser/venv/lib/python3.12/site-packages/streamlit/runtime/scriptrunner/script_runner.py", line 669, in code_to_exec
    exec(code, module.__dict__)  # noqa: S102
    ^^^^^^^^^^^^^^^^^^^^^^^^^^^
  File "/mount/src/clare-mvp-public/main.py", line 12, in <module>
    from src.database.config import validate_env_vars, create_tables
  File "/mount/src/clare-mvp-public/src/database/config.py", line 7, in <module>
    from dotenv import load_dotenv
ModuleNotFoundError: No module named 'dotenv'
2025-09-21 23:14:07.567 503 GET /script-health-check (127.0.0.1) 196.58ms
2025-09-21 23:14:12.363 Uncaught app execution
Traceback (most recent call last):
  File "/home/adminuser/venv/lib/python3.12/site-packages/streamlit/runtime/scriptrunner/exec_code.py", line 128, in exec_func_with_error_handling
    result = func()
             ^^^^^^
  File "/home/adminuser/venv/lib/python3.12/site-packages/streamlit/runtime/scriptrunner/script_runner.py", line 669, in code_to_exec
    exec(code, module.__dict__)  # noqa: S102
    ^^^^^^^^^^^^^^^^^^^^^^^^^^^
  File "/mount/src/clare-mvp-public/main.py", line 12, in <module>
    from src.database.config import validate_env_vars, create_tables
  File "/mount/src/clare-mvp-public/src/database/config.py", line 7, in <module>
    from dotenv import load_dotenv
ModuleNotFoundError: No module named 'dotenv'
2025-09-21 23:14:12.550 503 GET /script-health-check (127.0.0.1) 194.01ms
2025-09-21 23:14:17.372 Uncaught app execution
Traceback (most recent call last):
  File "/home/adminuser/venv/lib/python3.12/site-packages/streamlit/runtime/scriptrunner/exec_code.py", line 128, in exec_func_with_error_handling
    result = func()
             ^^^^^^
  File "/home/adminuser/venv/lib/python3.12/site-packages/streamlit/runtime/scriptrunner/script_runner.py", line 669, in code_to_exec
    exec(code, module.__dict__)  # noqa: S102
    ^^^^^^^^^^^^^^^^^^^^^^^^^^^
  File "/mount/src/clare-mvp-public/main.py", line 12, in <module>
    from src.database.config import validate_env_vars, create_tables
  File "/mount/src/clare-mvp-public/src/database/config.py", line 7, in <module>
    from dotenv import load_dotenv
ModuleNotFoundError: No module named 'dotenv'
2025-09-21 23:14:17.556 503 GET /script-health-check (127.0.0.1) 190.65ms
2025-09-21 23:14:20.565 Uncaught app execution
Traceback (most recent call last):
  File "/home/adminuser/venv/lib/python3.12/site-packages/streamlit/runtime/scriptrunner/exec_code.py", line 128, in exec_func_with_error_handling
    result = func()
             ^^^^^^
  File "/home/adminuser/venv/lib/python3.12/site-packages/streamlit/runtime/scriptrunner/script_runner.py", line 669, in code_to_exec
    exec(code, module.__dict__)  # noqa: S102
    ^^^^^^^^^^^^^^^^^^^^^^^^^^^
  File "/mount/src/clare-mvp-public/main.py", line 12, in <module>
    from src.database.config import validate_env_vars, create_tables
  File "/mount/src/clare-mvp-public/src/database/config.py", line 7, in <module>
    from dotenv import load_dotenv
ModuleNotFoundError: No module named 'dotenv'
2025-09-21 23:14:22.364 Uncaught app execution
Traceback (most recent call last):
  File "/home/adminuser/venv/lib/python3.12/site-packages/streamlit/runtime/scriptrunner/exec_code.py", line 128, in exec_func_with_error_handling
    result = func()
             ^^^^^^
  File "/home/adminuser/venv/lib/python3.12/site-packages/streamlit/runtime/scriptrunner/script_runner.py", line 669, in code_to_exec
    exec(code, module.__dict__)  # noqa: S102
    ^^^^^^^^^^^^^^^^^^^^^^^^^^^
  File "/mount/src/clare-mvp-public/main.py", line 12, in <module>
    from src.database.config import validate_env_vars, create_tables
  File "/mount/src/clare-mvp-public/src/database/config.py", line 7, in <module>
    from dotenv import load_dotenv
ModuleNotFoundError: No module named 'dotenv'
2025-09-21 23:14:22.526 503 GET /script-health-check (127.0.0.1) 165.91ms
2025-09-21 23:14:27.365 Uncaught app execution
Traceback (most recent call last):
  File "/home/adminuser/venv/lib/python3.12/site-packages/streamlit/runtime/scriptrunner/exec_code.py", line 128, in exec_func_with_error_handling
    result = func()
             ^^^^^^
  File "/home/adminuser/venv/lib/python3.12/site-packages/streamlit/runtime/scriptrunner/script_runner.py", line 669, in code_to_exec
    exec(code, module.__dict__)  # noqa: S102
    ^^^^^^^^^^^^^^^^^^^^^^^^^^^
  File "/mount/src/clare-mvp-public/main.py", line 12, in <module>
    from src.database.config import validate_env_vars, create_tables
  File "/mount/src/clare-mvp-public/src/database/config.py", line 7, in <module>
    from dotenv import load_dotenv
ModuleNotFoundError: No module named 'dotenv'
2025-09-21 23:14:27.553 503 GET /script-health-check (127.0.0.1) 190.72ms
2025-09-21 23:14:32.412 Uncaught app execution
Traceback (most recent call last):
  File "/home/adminuser/venv/lib/python3.12/site-packages/streamlit/runtime/scriptrunner/exec_code.py", line 128, in exec_func_with_error_handling
    result = func()
             ^^^^^^
  File "/home/adminuser/venv/lib/python3.12/site-packages/streamlit/runtime/scriptrunner/script_runner.py", line 669, in code_to_exec
    exec(code, module.__dict__)  # noqa: S102
    ^^^^^^^^^^^^^^^^^^^^^^^^^^^
  File "/mount/src/clare-mvp-public/main.py", line 12, in <module>
    from src.database.config import validate_env_vars, create_tables
  File "/mount/src/clare-mvp-public/src/database/config.py", line 7, in <module>
    from dotenv import load_dotenv
ModuleNotFoundError: No module named 'dotenv'
2025-09-21 23:14:32.444 503 GET /script-health-check (127.0.0.1) 35.16ms
2025-09-21 23:14:37.365 Uncaught app execution
Traceback (most recent call last):
  File "/home/adminuser/venv/lib/python3.12/site-packages/streamlit/runtime/scriptrunner/exec_code.py", line 128, in exec_func_with_error_handling
    result = func()
             ^^^^^^
  File "/home/adminuser/venv/lib/python3.12/site-packages/streamlit/runtime/scriptrunner/script_runner.py", line 669, in code_to_exec
    exec(code, module.__dict__)  # noqa: S102
    ^^^^^^^^^^^^^^^^^^^^^^^^^^^
  File "/mount/src/clare-mvp-public/main.py", line 12, in <module>
    from src.database.config import validate_env_vars, create_tables
  File "/mount/src/clare-mvp-public/src/database/config.py", line 7, in <module>
    from dotenv import load_dotenv
ModuleNotFoundError: No module named 'dotenv'
2025-09-21 23:14:37.533 503 GET /script-health-check (127.0.0.1) 171.24ms
2025-09-21 23:14:42.370 Uncaught app execution
Traceback (most recent call last):
  File "/home/adminuser/venv/lib/python3.12/site-packages/streamlit/runtime/scriptrunner/exec_code.py", line 128, in exec_func_with_error_handling
    result = func()
             ^^^^^^
  File "/home/adminuser/venv/lib/python3.12/site-packages/streamlit/runtime/scriptrunner/script_runner.py", line 669, in code_to_exec
    exec(code, module.__dict__)  # noqa: S102
    ^^^^^^^^^^^^^^^^^^^^^^^^^^^
  File "/mount/src/clare-mvp-public/main.py", line 12, in <module>
    from src.database.config import validate_env_vars, create_tables
  File "/mount/src/clare-mvp-public/src/database/config.py", line 7, in <module>
    from dotenv import load_dotenv
ModuleNotFoundError: No module named 'dotenv'
2025-09-21 23:14:42.567 503 GET /script-health-check (127.0.0.1) 200.69ms
2025-09-21 23:14:47.372 Uncaught app execution
Traceback (most recent call last):
  File "/home/adminuser/venv/lib/python3.12/site-packages/streamlit/runtime/scriptrunner/exec_code.py", line 128, in exec_func_with_error_handling
    result = func()
             ^^^^^^
  File "/home/adminuser/venv/lib/python3.12/site-packages/streamlit/runtime/scriptrunner/script_runner.py", line 669, in code_to_exec
    exec(code, module.__dict__)  # noqa: S102
    ^^^^^^^^^^^^^^^^^^^^^^^^^^^
  File "/mount/src/clare-mvp-public/main.py", line 12, in <module>
    from src.database.config import validate_env_vars, create_tables
  File "/mount/src/clare-mvp-public/src/database/config.py", line 7, in <module>
    from dotenv import load_dotenv
ModuleNotFoundError: No module named 'dotenv'
2025-09-21 23:14:47.570 503 GET /script-health-check (127.0.0.1) 201.26ms
2025-09-21 23:14:52.376 Uncaught app execution
Traceback (most recent call last):
  File "/home/adminuser/venv/lib/python3.12/site-packages/streamlit/runtime/scriptrunner/exec_code.py", line 128, in exec_func_with_error_handling
    result = func()
             ^^^^^^
  File "/home/adminuser/venv/lib/python3.12/site-packages/streamlit/runtime/scriptrunner/script_runner.py", line 669, in code_to_exec
    exec(code, module.__dict__)  # noqa: S102
    ^^^^^^^^^^^^^^^^^^^^^^^^^^^
  File "/mount/src/clare-mvp-public/main.py", line 12, in <module>
    from src.database.config import validate_env_vars, create_tables
  File "/mount/src/clare-mvp-public/src/database/config.py", line 7, in <module>
    from dotenv import load_dotenv
ModuleNotFoundError: No module named 'dotenv'
2025-09-21 23:14:52.586 503 GET /script-health-check (127.0.0.1) 214.13ms
2025-09-21 23:14:57.370 Uncaught app execution
Traceback (most recent call last):
  File "/home/adminuser/venv/lib/python3.12/site-packages/streamlit/runtime/scriptrunner/exec_code.py", line 128, in exec_func_with_error_handling
    result = func()
             ^^^^^^
  File "/home/adminuser/venv/lib/python3.12/site-packages/streamlit/runtime/scriptrunner/script_runner.py", line 669, in code_to_exec
    exec(code, module.__dict__)  # noqa: S102
    ^^^^^^^^^^^^^^^^^^^^^^^^^^^
  File "/mount/src/clare-mvp-public/main.py", line 12, in <module>
    from src.database.config import validate_env_vars, create_tables
  File "/mount/src/clare-mvp-public/src/database/config.py", line 7, in <module>
    from dotenv import load_dotenv
ModuleNotFoundError: No module named 'dotenv'
2025-09-21 23:14:57.558 503 GET /script-health-check (127.0.0.1) 190.83ms
2025-09-21 23:15:02.365 Uncaught app execution
Traceback (most recent call last):
  File "/home/adminuser/venv/lib/python3.12/site-packages/streamlit/runtime/scriptrunner/exec_code.py", line 128, in exec_func_with_error_handling
    result = func()
             ^^^^^^
  File "/home/adminuser/venv/lib/python3.12/site-packages/streamlit/runtime/scriptrunner/script_runner.py", line 669, in code_to_exec
    exec(code, module.__dict__)  # noqa: S102
    ^^^^^^^^^^^^^^^^^^^^^^^^^^^
  File "/mount/src/clare-mvp-public/main.py", line 12, in <module>
    from src.database.config import validate_env_vars, create_tables
  File "/mount/src/clare-mvp-public/src/database/config.py", line 7, in <module>
    from dotenv import load_dotenv
ModuleNotFoundError: No module named 'dotenv'
2025-09-21 23:15:02.538 503 GET /script-health-check (127.0.0.1) 175.67ms
2025-09-21 23:15:07.370 Uncaught app execution
Traceback (most recent call last):
  File "/home/adminuser/venv/lib/python3.12/site-packages/streamlit/runtime/scriptrunner/exec_code.py", line 128, in exec_func_with_error_handling
    result = func()
             ^^^^^^
  File "/home/adminuser/venv/lib/python3.12/site-packages/streamlit/runtime/scriptrunner/script_runner.py", line 669, in code_to_exec
    exec(code, module.__dict__)  # noqa: S102
    ^^^^^^^^^^^^^^^^^^^^^^^^^^^
  File "/mount/src/clare-mvp-public/main.py", line 12, in <module>
    from src.database.config import validate_env_vars, create_tables
  File "/mount/src/clare-mvp-public/src/database/config.py", line 7, in <module>
    from dotenv import load_dotenv
ModuleNotFoundError: No module named 'dotenv'
2025-09-21 23:15:07.568 503 GET /script-health-check (127.0.0.1) 201.54ms
2025-09-21 23:15:12.364 Uncaught app execution
Traceback (most recent call last):
  File "/home/adminuser/venv/lib/python3.12/site-packages/streamlit/runtime/scriptrunner/exec_code.py", line 128, in exec_func_with_error_handling
    result = func()
             ^^^^^^
  File "/home/adminuser/venv/lib/python3.12/site-packages/streamlit/runtime/scriptrunner/script_runner.py", line 669, in code_to_exec
    exec(code, module.__dict__)  # noqa: S102
    ^^^^^^^^^^^^^^^^^^^^^^^^^^^
  File "/mount/src/clare-mvp-public/main.py", line 12, in <module>
    from src.database.config import validate_env_vars, create_tables
  File "/mount/src/clare-mvp-public/src/database/config.py", line 7, in <module>
    from dotenv import load_dotenv
ModuleNotFoundError: No module named 'dotenv'
2025-09-21 23:15:12.543 503 GET /script-health-check (127.0.0.1) 182.92ms
2025-09-21 23:15:17.370 Uncaught app execution
Traceback (most recent call last):
  File "/home/adminuser/venv/lib/python3.12/site-packages/streamlit/runtime/scriptrunner/exec_code.py", line 128, in exec_func_with_error_handling
    result = func()
             ^^^^^^
  File "/home/adminuser/venv/lib/python3.12/site-packages/streamlit/runtime/scriptrunner/script_runner.py", line 669, in code_to_exec
    exec(code, module.__dict__)  # noqa: S102
    ^^^^^^^^^^^^^^^^^^^^^^^^^^^
  File "/mount/src/clare-mvp-public/main.py", line 12, in <module>
    from src.database.config import validate_env_vars, create_tables
  File "/mount/src/clare-mvp-public/src/database/config.py", line 7, in <module>
    from dotenv import load_dotenv
ModuleNotFoundError: No module named 'dotenv'
2025-09-21 23:15:17.557 503 GET /script-health-check (127.0.0.1) 190.35ms
2025-09-21 23:15:22.386 Uncaught app execution
Traceback (most recent call last):
  File "/home/adminuser/venv/lib/python3.12/site-packages/streamlit/runtime/scriptrunner/exec_code.py", line 128, in exec_func_with_error_handling
    result = func()
             ^^^^^^
  File "/home/adminuser/venv/lib/python3.12/site-packages/streamlit/runtime/scriptrunner/script_runner.py", line 669, in code_to_exec
    exec(code, module.__dict__)  # noqa: S102
    ^^^^^^^^^^^^^^^^^^^^^^^^^^^
  File "/mount/src/clare-mvp-public/main.py", line 12, in <module>
    from src.database.config import validate_env_vars, create_tables
  File "/mount/src/clare-mvp-public/src/database/config.py", line 7, in <module>
    from dotenv import load_dotenv
ModuleNotFoundError: No module named 'dotenv'
2025-09-21 23:15:22.596 503 GET /script-health-check (127.0.0.1) 212.78ms
2025-09-21 23:15:27.362 Uncaught app execution
Traceback (most recent call last):
  File "/home/adminuser/venv/lib/python3.12/site-packages/streamlit/runtime/scriptrunner/exec_code.py", line 128, in exec_func_with_error_handling
    result = func()
             ^^^^^^
  File "/home/adminuser/venv/lib/python3.12/site-packages/streamlit/runtime/scriptrunner/script_runner.py", line 669, in code_to_exec
    exec(code, module.__dict__)  # noqa: S102
    ^^^^^^^^^^^^^^^^^^^^^^^^^^^
  File "/mount/src/clare-mvp-public/main.py", line 12, in <module>
    from src.database.config import validate_env_vars, create_tables
  File "/mount/src/clare-mvp-public/src/database/config.py", line 7, in <module>
    from dotenv import load_dotenv
ModuleNotFoundError: No module named 'dotenv'
2025-09-21 23:15:27.540 503 GET /script-health-check (127.0.0.1) 181.48ms
2025-09-21 23:15:32.401 Uncaught app execution
Traceback (most recent call last):
  File "/home/adminuser/venv/lib/python3.12/site-packages/streamlit/runtime/scriptrunner/exec_code.py", line 128, in exec_func_with_error_handling
    result = func()
             ^^^^^^
  File "/home/adminuser/venv/lib/python3.12/site-packages/streamlit/runtime/scriptrunner/script_runner.py", line 669, in code_to_exec
    exec(code, module.__dict__)  # noqa: S102
    ^^^^^^^^^^^^^^^^^^^^^^^^^^^
  File "/mount/src/clare-mvp-public/main.py", line 12, in <module>
    from src.database.config import validate_env_vars, create_tables
  File "/mount/src/clare-mvp-public/src/database/config.py", line 7, in <module>
    from dotenv import load_dotenv
ModuleNotFoundError: No module named 'dotenv'
2025-09-21 23:15:32.432 503 GET /script-health-check (127.0.0.1) 35.57ms
2025-09-21 23:15:37.364 Uncaught app execution
Traceback (most recent call last):
  File "/home/adminuser/venv/lib/python3.12/site-packages/streamlit/runtime/scriptrunner/exec_code.py", line 128, in exec_func_with_error_handling
    result = func()
             ^^^^^^
  File "/home/adminuser/venv/lib/python3.12/site-packages/streamlit/runtime/scriptrunner/script_runner.py", line 669, in code_to_exec
    exec(code, module.__dict__)  # noqa: S102
    ^^^^^^^^^^^^^^^^^^^^^^^^^^^
  File "/mount/src/clare-mvp-public/main.py", line 12, in <module>
    from src.database.config import validate_env_vars, create_tables
  File "/mount/src/clare-mvp-public/src/database/config.py", line 7, in <module>
    from dotenv import load_dotenv
ModuleNotFoundError: No module named 'dotenv'
2025-09-21 23:15:37.550 503 GET /script-health-check (127.0.0.1) 189.71ms
2025-09-21 23:15:42.369 Uncaught app execution
Traceback (most recent call last):
  File "/home/adminuser/venv/lib/python3.12/site-packages/streamlit/runtime/scriptrunner/exec_code.py", line 128, in exec_func_with_error_handling
    result = func()
             ^^^^^^
  File "/home/adminuser/venv/lib/python3.12/site-packages/streamlit/runtime/scriptrunner/script_runner.py", line 669, in code_to_exec
    exec(code, module.__dict__)  # noqa: S102
    ^^^^^^^^^^^^^^^^^^^^^^^^^^^
  File "/mount/src/clare-mvp-public/main.py", line 12, in <module>
    from src.database.config import validate_env_vars, create_tables
  File "/mount/src/clare-mvp-public/src/database/config.py", line 7, in <module>
    from dotenv import load_dotenv
ModuleNotFoundError: No module named 'dotenv'
2025-09-21 23:15:42.533 503 GET /script-health-check (127.0.0.1) 167.55ms
2025-09-21 23:15:47.376 Uncaught app execution
Traceback (most recent call last):
  File "/home/adminuser/venv/lib/python3.12/site-packages/streamlit/runtime/scriptrunner/exec_code.py", line 128, in exec_func_with_error_handling
    result = func()
             ^^^^^^
  File "/home/adminuser/venv/lib/python3.12/site-packages/streamlit/runtime/scriptrunner/script_runner.py", line 669, in code_to_exec
    exec(code, module.__dict__)  # noqa: S102
    ^^^^^^^^^^^^^^^^^^^^^^^^^^^
  File "/mount/src/clare-mvp-public/main.py", line 12, in <module>
    from src.database.config import validate_env_vars, create_tables
  File "/mount/src/clare-mvp-public/src/database/config.py", line 7, in <module>
    from dotenv import load_dotenv
ModuleNotFoundError: No module named 'dotenv'
2025-09-21 23:15:47.538 503 GET /script-health-check (127.0.0.1) 166.15ms
2025-09-21 23:15:52.370 Uncaught app execution
Traceback (most recent call last):
  File "/home/adminuser/venv/lib/python3.12/site-packages/streamlit/runtime/scriptrunner/exec_code.py", line 128, in exec_func_with_error_handling
    result = func()
             ^^^^^^
  File "/home/adminuser/venv/lib/python3.12/site-packages/streamlit/runtime/scriptrunner/script_runner.py", line 669, in code_to_exec
    exec(code, module.__dict__)  # noqa: S102
    ^^^^^^^^^^^^^^^^^^^^^^^^^^^
  File "/mount/src/clare-mvp-public/main.py", line 12, in <module>
    from src.database.config import validate_env_vars, create_tables
  File "/mount/src/clare-mvp-public/src/database/config.py", line 7, in <module>
    from dotenv import load_dotenv
ModuleNotFoundError: No module named 'dotenv'
2025-09-21 23:15:52.562 503 GET /script-health-check (127.0.0.1) 195.35ms
2025-09-21 23:15:57.369 Uncaught app execution
Traceback (most recent call last):
  File "/home/adminuser/venv/lib/python3.12/site-packages/streamlit/runtime/scriptrunner/exec_code.py", line 128, in exec_func_with_error_handling
    result = func()
             ^^^^^^
  File "/home/adminuser/venv/lib/python3.12/site-packages/streamlit/runtime/scriptrunner/script_runner.py", line 669, in code_to_exec
    exec(code, module.__dict__)  # noqa: S102
    ^^^^^^^^^^^^^^^^^^^^^^^^^^^
  File "/mount/src/clare-mvp-public/main.py", line 12, in <module>
    from src.database.config import validate_env_vars, create_tables
  File "/mount/src/clare-mvp-public/src/database/config.py", line 7, in <module>
    from dotenv import load_dotenv
ModuleNotFoundError: No module named 'dotenv'
2025-09-21 23:15:57.536 503 GET /script-health-check (127.0.0.1) 171.28ms
2025-09-21 23:16:02.365 Uncaught app execution
Traceback (most recent call last):
  File "/home/adminuser/venv/lib/python3.12/site-packages/streamlit/runtime/scriptrunner/exec_code.py", line 128, in exec_func_with_error_handling
    result = func()
             ^^^^^^
  File "/home/adminuser/venv/lib/python3.12/site-packages/streamlit/runtime/scriptrunner/script_runner.py", line 669, in code_to_exec
    exec(code, module.__dict__)  # noqa: S102
    ^^^^^^^^^^^^^^^^^^^^^^^^^^^
  File "/mount/src/clare-mvp-public/main.py", line 12, in <module>
    from src.database.config import validate_env_vars, create_tables
  File "/mount/src/clare-mvp-public/src/database/config.py", line 7, in <module>
    from dotenv import load_dotenv
ModuleNotFoundError: No module named 'dotenv'
2025-09-21 23:16:02.557 503 GET /script-health-check (127.0.0.1) 194.87ms
2025-09-21 23:16:07.373 Uncaught app execution
Traceback (most recent call last):
  File "/home/adminuser/venv/lib/python3.12/site-packages/streamlit/runtime/scriptrunner/exec_code.py", line 128, in exec_func_with_error_handling
    result = func()
             ^^^^^^
  File "/home/adminuser/venv/lib/python3.12/site-packages/streamlit/runtime/scriptrunner/script_runner.py", line 669, in code_to_exec
    exec(code, module.__dict__)  # noqa: S102
    ^^^^^^^^^^^^^^^^^^^^^^^^^^^
  File "/mount/src/clare-mvp-public/main.py", line 12, in <module>
    from src.database.config import validate_env_vars, create_tables
  File "/mount/src/clare-mvp-public/src/database/config.py", line 7, in <module>
    from dotenv import load_dotenv
ModuleNotFoundError: No module named 'dotenv'
2025-09-21 23:16:07.542 503 GET /script-health-check (127.0.0.1) 172.64ms
2025-09-21 23:16:12.372 Uncaught app execution
Traceback (most recent call last):
  File "/home/adminuser/venv/lib/python3.12/site-packages/streamlit/runtime/scriptrunner/exec_code.py", line 128, in exec_func_with_error_handling
    result = func()
             ^^^^^^
  File "/home/adminuser/venv/lib/python3.12/site-packages/streamlit/runtime/scriptrunner/script_runner.py", line 669, in code_to_exec
    exec(code, module.__dict__)  # noqa: S102
    ^^^^^^^^^^^^^^^^^^^^^^^^^^^
  File "/mount/src/clare-mvp-public/main.py", line 12, in <module>
    from src.database.config import validate_env_vars, create_tables
  File "/mount/src/clare-mvp-public/src/database/config.py", line 7, in <module>
    from dotenv import load_dotenv
ModuleNotFoundError: No module named 'dotenv'
2025-09-21 23:16:12.532 503 GET /script-health-check (127.0.0.1) 163.72ms
2025-09-21 23:16:17.365 Uncaught app execution
Traceback (most recent call last):
  File "/home/adminuser/venv/lib/python3.12/site-packages/streamlit/runtime/scriptrunner/exec_code.py", line 128, in exec_func_with_error_handling
    result = func()
             ^^^^^^
  File "/home/adminuser/venv/lib/python3.12/site-packages/streamlit/runtime/scriptrunner/script_runner.py", line 669, in code_to_exec
    exec(code, module.__dict__)  # noqa: S102
    ^^^^^^^^^^^^^^^^^^^^^^^^^^^
  File "/mount/src/clare-mvp-public/main.py", line 12, in <module>
    from src.database.config import validate_env_vars, create_tables
  File "/mount/src/clare-mvp-public/src/database/config.py", line 7, in <module>
    from dotenv import load_dotenv
ModuleNotFoundError: No module named 'dotenv'
2025-09-21 23:16:17.555 503 GET /script-health-check (127.0.0.1) 192.82ms
2025-09-21 23:16:22.369 Uncaught app execution
Traceback (most recent call last):
  File "/home/adminuser/venv/lib/python3.12/site-packages/streamlit/runtime/scriptrunner/exec_code.py", line 128, in exec_func_with_error_handling
    result = func()
             ^^^^^^
  File "/home/adminuser/venv/lib/python3.12/site-packages/streamlit/runtime/scriptrunner/script_runner.py", line 669, in code_to_exec
    exec(code, module.__dict__)  # noqa: S102
    ^^^^^^^^^^^^^^^^^^^^^^^^^^^
  File "/mount/src/clare-mvp-public/main.py", line 12, in <module>
    from src.database.config import validate_env_vars, create_tables
  File "/mount/src/clare-mvp-public/src/database/config.py", line 7, in <module>
    from dotenv import load_dotenv
ModuleNotFoundError: No module named 'dotenv'
2025-09-21 23:16:22.527 503 GET /script-health-check (127.0.0.1) 160.90ms
2025-09-21 23:16:27.380 Uncaught app execution
Traceback (most recent call last):
  File "/home/adminuser/venv/lib/python3.12/site-packages/streamlit/runtime/scriptrunner/exec_code.py", line 128, in exec_func_with_error_handling
    result = func()
             ^^^^^^
  File "/home/adminuser/venv/lib/python3.12/site-packages/streamlit/runtime/scriptrunner/script_runner.py", line 669, in code_to_exec
    exec(code, module.__dict__)  # noqa: S102
    ^^^^^^^^^^^^^^^^^^^^^^^^^^^
  File "/mount/src/clare-mvp-public/main.py", line 12, in <module>
    from src.database.config import validate_env_vars, create_tables
  File "/mount/src/clare-mvp-public/src/database/config.py", line 7, in <module>
    from dotenv import load_dotenv
ModuleNotFoundError: No module named 'dotenv'
2025-09-21 23:16:27.567 503 GET /script-health-check (127.0.0.1) 190.24ms
2025-09-21 23:16:32.383 Uncaught app execution
Traceback (most recent call last):
  File "/home/adminuser/venv/lib/python3.12/site-packages/streamlit/runtime/scriptrunner/exec_code.py", line 128, in exec_func_with_error_handling
    result = func()
             ^^^^^^
  File "/home/adminuser/venv/lib/python3.12/site-packages/streamlit/runtime/scriptrunner/script_runner.py", line 669, in code_to_exec
    exec(code, module.__dict__)  # noqa: S102
    ^^^^^^^^^^^^^^^^^^^^^^^^^^^
  File "/mount/src/clare-mvp-public/main.py", line 12, in <module>
    from src.database.config import validate_env_vars, create_tables
  File "/mount/src/clare-mvp-public/src/database/config.py", line 7, in <module>
    from dotenv import load_dotenv
ModuleNotFoundError: No module named 'dotenv'
2025-09-21 23:16:32.554 503 GET /script-health-check (127.0.0.1) 174.32ms
2025-09-21 23:16:37.370 Uncaught app execution
Traceback (most recent call last):
  File "/home/adminuser/venv/lib/python3.12/site-packages/streamlit/runtime/scriptrunner/exec_code.py", line 128, in exec_func_with_error_handling
    result = func()
             ^^^^^^
  File "/home/adminuser/venv/lib/python3.12/site-packages/streamlit/runtime/scriptrunner/script_runner.py", line 669, in code_to_exec
    exec(code, module.__dict__)  # noqa: S102
    ^^^^^^^^^^^^^^^^^^^^^^^^^^^
  File "/mount/src/clare-mvp-public/main.py", line 12, in <module>
    from src.database.config import validate_env_vars, create_tables
  File "/mount/src/clare-mvp-public/src/database/config.py", line 7, in <module>
    from dotenv import load_dotenv
ModuleNotFoundError: No module named 'dotenv'
2025-09-21 23:16:37.546 503 GET /script-health-check (127.0.0.1) 179.10ms
2025-09-21 23:16:42.388 Uncaught app execution
Traceback (most recent call last):
  File "/home/adminuser/venv/lib/python3.12/site-packages/streamlit/runtime/scriptrunner/exec_code.py", line 128, in exec_func_with_error_handling
    result = func()
             ^^^^^^
  File "/home/adminuser/venv/lib/python3.12/site-packages/streamlit/runtime/scriptrunner/script_runner.py", line 669, in code_to_exec
    exec(code, module.__dict__)  # noqa: S102
    ^^^^^^^^^^^^^^^^^^^^^^^^^^^
  File "/mount/src/clare-mvp-public/main.py", line 12, in <module>
    from src.database.config import validate_env_vars, create_tables
  File "/mount/src/clare-mvp-public/src/database/config.py", line 7, in <module>
    from dotenv import load_dotenv
ModuleNotFoundError: No module named 'dotenv'
2025-09-21 23:16:42.544 503 GET /script-health-check (127.0.0.1) 160.25ms
2025-09-21 23:16:47.398 Uncaught app execution
Traceback (most recent call last):
  File "/home/adminuser/venv/lib/python3.12/site-packages/streamlit/runtime/scriptrunner/exec_code.py", line 128, in exec_func_with_error_handling
    result = func()
             ^^^^^^
  File "/home/adminuser/venv/lib/python3.12/site-packages/streamlit/runtime/scriptrunner/script_runner.py", line 669, in code_to_exec
    exec(code, module.__dict__)  # noqa: S102
    ^^^^^^^^^^^^^^^^^^^^^^^^^^^
  File "/mount/src/clare-mvp-public/main.py", line 12, in <module>
    from src.database.config import validate_env_vars, create_tables
  File "/mount/src/clare-mvp-public/src/database/config.py", line 7, in <module>
    from dotenv import load_dotenv
ModuleNotFoundError: No module named 'dotenv'
2025-09-21 23:16:47.438 503 GET /script-health-check (127.0.0.1) 43.26ms
2025-09-21 23:16:52.382 Uncaught app execution
Traceback (most recent call last):
  File "/home/adminuser/venv/lib/python3.12/site-packages/streamlit/runtime/scriptrunner/exec_code.py", line 128, in exec_func_with_error_handling
    result = func()
             ^^^^^^
  File "/home/adminuser/venv/lib/python3.12/site-packages/streamlit/runtime/scriptrunner/script_runner.py", line 669, in code_to_exec
    exec(code, module.__dict__)  # noqa: S102
    ^^^^^^^^^^^^^^^^^^^^^^^^^^^
  File "/mount/src/clare-mvp-public/main.py", line 12, in <module>
    from src.database.config import validate_env_vars, create_tables
  File "/mount/src/clare-mvp-public/src/database/config.py", line 7, in <module>
    from dotenv import load_dotenv
ModuleNotFoundError: No module named 'dotenv'
2025-09-21 23:16:52.547 503 GET /script-health-check (127.0.0.1) 168.64ms
2025-09-21 23:16:57.367 Uncaught app execution
Traceback (most recent call last):
  File "/home/adminuser/venv/lib/python3.12/site-packages/streamlit/runtime/scriptrunner/exec_code.py", line 128, in exec_func_with_error_handling
    result = func()
             ^^^^^^
  File "/home/adminuser/venv/lib/python3.12/site-packages/streamlit/runtime/scriptrunner/script_runner.py", line 669, in code_to_exec
    exec(code, module.__dict__)  # noqa: S102
    ^^^^^^^^^^^^^^^^^^^^^^^^^^^
  File "/mount/src/clare-mvp-public/main.py", line 12, in <module>
    from src.database.config import validate_env_vars, create_tables
  File "/mount/src/clare-mvp-public/src/database/config.py", line 7, in <module>
    from dotenv import load_dotenv
ModuleNotFoundError: No module named 'dotenv'
2025-09-21 23:16:57.558 503 GET /script-health-check (127.0.0.1) 194.04ms
2025-09-21 23:17:02.383 Uncaught app execution
Traceback (most recent call last):
  File "/home/adminuser/venv/lib/python3.12/site-packages/streamlit/runtime/scriptrunner/exec_code.py", line 128, in exec_func_with_error_handling
    result = func()
             ^^^^^^
  File "/home/adminuser/venv/lib/python3.12/site-packages/streamlit/runtime/scriptrunner/script_runner.py", line 669, in code_to_exec
    exec(code, module.__dict__)  # noqa: S102
    ^^^^^^^^^^^^^^^^^^^^^^^^^^^
  File "/mount/src/clare-mvp-public/main.py", line 12, in <module>
    from src.database.config import validate_env_vars, create_tables
  File "/mount/src/clare-mvp-public/src/database/config.py", line 7, in <module>
    from dotenv import load_dotenv
ModuleNotFoundError: No module named 'dotenv'
2025-09-21 23:17:02.538 503 GET /script-health-check (127.0.0.1) 158.44ms
2025-09-21 23:17:07.370 Uncaught app execution
Traceback (most recent call last):
  File "/home/adminuser/venv/lib/python3.12/site-packages/streamlit/runtime/scriptrunner/exec_code.py", line 128, in exec_func_with_error_handling
    result = func()
             ^^^^^^
  File "/home/adminuser/venv/lib/python3.12/site-packages/streamlit/runtime/scriptrunner/script_runner.py", line 669, in code_to_exec
    exec(code, module.__dict__)  # noqa: S102
    ^^^^^^^^^^^^^^^^^^^^^^^^^^^
  File "/mount/src/clare-mvp-public/main.py", line 12, in <module>
    from src.database.config import validate_env_vars, create_tables
  File "/mount/src/clare-mvp-public/src/database/config.py", line 7, in <module>
    from dotenv import load_dotenv
ModuleNotFoundError: No module named 'dotenv'
2025-09-21 23:17:07.575 503 GET /script-health-check (127.0.0.1) 207.79ms
2025-09-21 23:17:12.374 Uncaught app execution
Traceback (most recent call last):
  File "/home/adminuser/venv/lib/python3.12/site-packages/streamlit/runtime/scriptrunner/exec_code.py", line 128, in exec_func_with_error_handling
    result = func()
             ^^^^^^
  File "/home/adminuser/venv/lib/python3.12/site-packages/streamlit/runtime/scriptrunner/script_runner.py", line 669, in code_to_exec
    exec(code, module.__dict__)  # noqa: S102
    ^^^^^^^^^^^^^^^^^^^^^^^^^^^
  File "/mount/src/clare-mvp-public/main.py", line 12, in <module>
    from src.database.config import validate_env_vars, create_tables
  File "/mount/src/clare-mvp-public/src/database/config.py", line 7, in <module>
    from dotenv import load_dotenv
ModuleNotFoundError: No module named 'dotenv'
2025-09-21 23:17:12.586 503 GET /script-health-check (127.0.0.1) 215.75ms
2025-09-21 23:17:17.365 Uncaught app execution
Traceback (most recent call last):
  File "/home/adminuser/venv/lib/python3.12/site-packages/streamlit/runtime/scriptrunner/exec_code.py", line 128, in exec_func_with_error_handling
    result = func()
             ^^^^^^
  File "/home/adminuser/venv/lib/python3.12/site-packages/streamlit/runtime/scriptrunner/script_runner.py", line 669, in code_to_exec
    exec(code, module.__dict__)  # noqa: S102
    ^^^^^^^^^^^^^^^^^^^^^^^^^^^
  File "/mount/src/clare-mvp-public/main.py", line 12, in <module>
    from src.database.config import validate_env_vars, create_tables
  File "/mount/src/clare-mvp-public/src/database/config.py", line 7, in <module>
    from dotenv import load_dotenv
ModuleNotFoundError: No module named 'dotenv'
2025-09-21 23:17:17.564 503 GET /script-health-check (127.0.0.1) 202.78ms
2025-09-21 23:17:22.380 Uncaught app execution
Traceback (most recent call last):
  File "/home/adminuser/venv/lib/python3.12/site-packages/streamlit/runtime/scriptrunner/exec_code.py", line 128, in exec_func_with_error_handling
    result = func()
             ^^^^^^
  File "/home/adminuser/venv/lib/python3.12/site-packages/streamlit/runtime/scriptrunner/script_runner.py", line 669, in code_to_exec
    exec(code, module.__dict__)  # noqa: S102
    ^^^^^^^^^^^^^^^^^^^^^^^^^^^
  File "/mount/src/clare-mvp-public/main.py", line 12, in <module>
    from src.database.config import validate_env_vars, create_tables
  File "/mount/src/clare-mvp-public/src/database/config.py", line 7, in <module>
    from dotenv import load_dotenv
ModuleNotFoundError: No module named 'dotenv'
2025-09-21 23:17:22.542 503 GET /script-health-check (127.0.0.1) 164.80ms
2025-09-21 23:17:27.364 Uncaught app execution
Traceback (most recent call last):
  File "/home/adminuser/venv/lib/python3.12/site-packages/streamlit/runtime/scriptrunner/exec_code.py", line 128, in exec_func_with_error_handling
    result = func()
             ^^^^^^
  File "/home/adminuser/venv/lib/python3.12/site-packages/streamlit/runtime/scriptrunner/script_runner.py", line 669, in code_to_exec
    exec(code, module.__dict__)  # noqa: S102
    ^^^^^^^^^^^^^^^^^^^^^^^^^^^
  File "/mount/src/clare-mvp-public/main.py", line 12, in <module>
    from src.database.config import validate_env_vars, create_tables
  File "/mount/src/clare-mvp-public/src/database/config.py", line 7, in <module>
    from dotenv import load_dotenv
ModuleNotFoundError: No module named 'dotenv'
2025-09-21 23:17:27.546 503 GET /script-health-check (127.0.0.1) 185.38ms
2025-09-21 23:17:32.415 Uncaught app execution
Traceback (most recent call last):
  File "/home/adminuser/venv/lib/python3.12/site-packages/streamlit/runtime/scriptrunner/exec_code.py", line 128, in exec_func_with_error_handling
    result = func()
             ^^^^^^
  File "/home/adminuser/venv/lib/python3.12/site-packages/streamlit/runtime/scriptrunner/script_runner.py", line 669, in code_to_exec
    exec(code, module.__dict__)  # noqa: S102
    ^^^^^^^^^^^^^^^^^^^^^^^^^^^
  File "/mount/src/clare-mvp-public/main.py", line 12, in <module>
    from src.database.config import validate_env_vars, create_tables
  File "/mount/src/clare-mvp-public/src/database/config.py", line 7, in <module>
    from dotenv import load_dotenv
ModuleNotFoundError: No module named 'dotenv'
2025-09-21 23:17:32.612 503 GET /script-health-check (127.0.0.1) 202.84ms
2025-09-21 23:17:37.364 Uncaught app execution
Traceback (most recent call last):
  File "/home/adminuser/venv/lib/python3.12/site-packages/streamlit/runtime/scriptrunner/exec_code.py", line 128, in exec_func_with_error_handling
    result = func()
             ^^^^^^
  File "/home/adminuser/venv/lib/python3.12/site-packages/streamlit/runtime/scriptrunner/script_runner.py", line 669, in code_to_exec
    exec(code, module.__dict__)  # noqa: S102
    ^^^^^^^^^^^^^^^^^^^^^^^^^^^
  File "/mount/src/clare-mvp-public/main.py", line 12, in <module>
    from src.database.config import validate_env_vars, create_tables
  File "/mount/src/clare-mvp-public/src/database/config.py", line 7, in <module>
    from dotenv import load_dotenv
ModuleNotFoundError: No module named 'dotenv'
2025-09-21 23:17:37.566 503 GET /script-health-check (127.0.0.1) 204.80ms
2025-09-21 23:17:42.387 Uncaught app execution
Traceback (most recent call last):
  File "/home/adminuser/venv/lib/python3.12/site-packages/streamlit/runtime/scriptrunner/exec_code.py", line 128, in exec_func_with_error_handling
    result = func()
             ^^^^^^
  File "/home/adminuser/venv/lib/python3.12/site-packages/streamlit/runtime/scriptrunner/script_runner.py", line 669, in code_to_exec
    exec(code, module.__dict__)  # noqa: S102
    ^^^^^^^^^^^^^^^^^^^^^^^^^^^
  File "/mount/src/clare-mvp-public/main.py", line 12, in <module>
    from src.database.config import validate_env_vars, create_tables
  File "/mount/src/clare-mvp-public/src/database/config.py", line 7, in <module>
    from dotenv import load_dotenv
ModuleNotFoundError: No module named 'dotenv'
2025-09-21 23:17:42.556 503 GET /script-health-check (127.0.0.1) 172.44ms
2025-09-21 23:17:47.368 Uncaught app execution
Traceback (most recent call last):
  File "/home/adminuser/venv/lib/python3.12/site-packages/streamlit/runtime/scriptrunner/exec_code.py", line 128, in exec_func_with_error_handling
    result = func()
             ^^^^^^
  File "/home/adminuser/venv/lib/python3.12/site-packages/streamlit/runtime/scriptrunner/script_runner.py", line 669, in code_to_exec
    exec(code, module.__dict__)  # noqa: S102
    ^^^^^^^^^^^^^^^^^^^^^^^^^^^
  File "/mount/src/clare-mvp-public/main.py", line 12, in <module>
    from src.database.config import validate_env_vars, create_tables
  File "/mount/src/clare-mvp-public/src/database/config.py", line 7, in <module>
    from dotenv import load_dotenv
ModuleNotFoundError: No module named 'dotenv'
2025-09-21 23:17:47.543 503 GET /script-health-check (127.0.0.1) 178.47ms
2025-09-21 23:17:52.375 Uncaught app execution
Traceback (most recent call last):
  File "/home/adminuser/venv/lib/python3.12/site-packages/streamlit/runtime/scriptrunner/exec_code.py", line 128, in exec_func_with_error_handling
    result = func()
             ^^^^^^
  File "/home/adminuser/venv/lib/python3.12/site-packages/streamlit/runtime/scriptrunner/script_runner.py", line 669, in code_to_exec
    exec(code, module.__dict__)  # noqa: S102
    ^^^^^^^^^^^^^^^^^^^^^^^^^^^
  File "/mount/src/clare-mvp-public/main.py", line 12, in <module>
    from src.database.config import validate_env_vars, create_tables
  File "/mount/src/clare-mvp-public/src/database/config.py", line 7, in <module>
    from dotenv import load_dotenv
ModuleNotFoundError: No module named 'dotenv'
2025-09-21 23:17:52.574 503 GET /script-health-check (127.0.0.1) 202.68ms
2025-09-21 23:17:57.369 Uncaught app execution
Traceback (most recent call last):
  File "/home/adminuser/venv/lib/python3.12/site-packages/streamlit/runtime/scriptrunner/exec_code.py", line 128, in exec_func_with_error_handling
    result = func()
             ^^^^^^
  File "/home/adminuser/venv/lib/python3.12/site-packages/streamlit/runtime/scriptrunner/script_runner.py", line 669, in code_to_exec
    exec(code, module.__dict__)  # noqa: S102
    ^^^^^^^^^^^^^^^^^^^^^^^^^^^
  File "/mount/src/clare-mvp-public/main.py", line 12, in <module>
    from src.database.config import validate_env_vars, create_tables
  File "/mount/src/clare-mvp-public/src/database/config.py", line 7, in <module>
    from dotenv import load_dotenv
ModuleNotFoundError: No module named 'dotenv'
2025-09-21 23:17:57.575 503 GET /script-health-check (127.0.0.1) 208.82ms
2025-09-21 23:18:02.394 Uncaught app execution
Traceback (most recent call last):
  File "/home/adminuser/venv/lib/python3.12/site-packages/streamlit/runtime/scriptrunner/exec_code.py", line 128, in exec_func_with_error_handling
    result = func()
             ^^^^^^
  File "/home/adminuser/venv/lib/python3.12/site-packages/streamlit/runtime/scriptrunner/script_runner.py", line 669, in code_to_exec
    exec(code, module.__dict__)  # noqa: S102
    ^^^^^^^^^^^^^^^^^^^^^^^^^^^
  File "/mount/src/clare-mvp-public/main.py", line 12, in <module>
    from src.database.config import validate_env_vars, create_tables
  File "/mount/src/clare-mvp-public/src/database/config.py", line 7, in <module>
    from dotenv import load_dotenv
ModuleNotFoundError: No module named 'dotenv'
2025-09-21 23:18:02.565 503 GET /script-health-check (127.0.0.1) 175.42ms
[23:18:02] üêô Pulling code changes from Github...
[23:18:04] üì¶ Processing dependencies...
[23:18:04] üì¶ Processed dependencies!
[23:18:05] üîÑ Updated app!
2025-09-21 23:18:06.995 Uncaught app execution
Traceback (most recent call last):
  File "/home/adminuser/venv/lib/python3.12/site-packages/streamlit/runtime/scriptrunner/exec_code.py", line 128, in exec_func_with_error_handling
    result = func()
             ^^^^^^
  File "/home/adminuser/venv/lib/python3.12/site-packages/streamlit/runtime/scriptrunner/script_runner.py", line 669, in code_to_exec
    exec(code, module.__dict__)  # noqa: S102
    ^^^^^^^^^^^^^^^^^^^^^^^^^^^
  File "/mount/src/clare-mvp-public/main.py", line 12, in <module>
    from src.database.config import validate_env_vars, create_tables
  File "/mount/src/clare-mvp-public/src/database/config.py", line 7, in <module>
    from sqlalchemy import create_engine, Table, Column, String, Text, MetaData, DateTime
ModuleNotFoundError: No module named 'sqlalchemy'
2025-09-21 23:18:07.380 Uncaught app execution
Traceback (most recent call last):
  File "/home/adminuser/venv/lib/python3.12/site-packages/streamlit/runtime/scriptrunner/exec_code.py", line 128, in exec_func_with_error_handling
    result = func()
             ^^^^^^
  File "/home/adminuser/venv/lib/python3.12/site-packages/streamlit/runtime/scriptrunner/script_runner.py", line 669, in code_to_exec
    exec(code, module.__dict__)  # noqa: S102
    ^^^^^^^^^^^^^^^^^^^^^^^^^^^
  File "/mount/src/clare-mvp-public/main.py", line 12, in <module>
    from src.database.config import validate_env_vars, create_tables
  File "/mount/src/clare-mvp-public/src/database/config.py", line 7, in <module>
    from sqlalchemy import create_engine, Table, Column, String, Text, MetaData, DateTime
ModuleNotFoundError: No module named 'sqlalchemy'
2025-09-21 23:18:07.560 503 GET /script-health-check (127.0.0.1) 184.59ms
2025-09-21 23:18:12.385 Uncaught app execution
Traceback (most recent call last):
  File "/home/adminuser/venv/lib/python3.12/site-packages/streamlit/runtime/scriptrunner/exec_code.py", line 128, in exec_func_with_error_handling
    result = func()
             ^^^^^^
  File "/home/adminuser/venv/lib/python3.12/site-packages/streamlit/runtime/scriptrunner/script_runner.py", line 669, in code_to_exec
    exec(code, module.__dict__)  # noqa: S102
    ^^^^^^^^^^^^^^^^^^^^^^^^^^^
  File "/mount/src/clare-mvp-public/main.py", line 12, in <module>
    from src.database.config import validate_env_vars, create_tables
  File "/mount/src/clare-mvp-public/src/database/config.py", line 7, in <module>
    from sqlalchemy import create_engine, Table, Column, String, Text, MetaData, DateTime
ModuleNotFoundError: No module named 'sqlalchemy'
2025-09-21 23:18:12.576 503 GET /script-health-check (127.0.0.1) 194.28ms
2025-09-21 23:18:17.380 Uncaught app execution
Traceback (most recent call last):
  File "/home/adminuser/venv/lib/python3.12/site-packages/streamlit/runtime/scriptrunner/exec_code.py", line 128, in exec_func_with_error_handling
    result = func()
             ^^^^^^
  File "/home/adminuser/venv/lib/python3.12/site-packages/streamlit/runtime/scriptrunner/script_runner.py", line 669, in code_to_exec
    exec(code, module.__dict__)  # noqa: S102
    ^^^^^^^^^^^^^^^^^^^^^^^^^^^
  File "/mount/src/clare-mvp-public/main.py", line 12, in <module>
    from src.database.config import validate_env_vars, create_tables
  File "/mount/src/clare-mvp-public/src/database/config.py", line 7, in <module>
    from sqlalchemy import create_engine, Table, Column, String, Text, MetaData, DateTime
ModuleNotFoundError: No module named 'sqlalchemy'
2025-09-21 23:18:17.582 503 GET /script-health-check (127.0.0.1) 205.98ms
2025-09-21 23:18:22.407 Uncaught app execution
Traceback (most recent call last):
  File "/home/adminuser/venv/lib/python3.12/site-packages/streamlit/runtime/scriptrunner/exec_code.py", line 128, in exec_func_with_error_handling
    result = func()
             ^^^^^^
  File "/home/adminuser/venv/lib/python3.12/site-packages/streamlit/runtime/scriptrunner/script_runner.py", line 669, in code_to_exec
    exec(code, module.__dict__)  # noqa: S102
    ^^^^^^^^^^^^^^^^^^^^^^^^^^^
  File "/mount/src/clare-mvp-public/main.py", line 12, in <module>
    from src.database.config import validate_env_vars, create_tables
  File "/mount/src/clare-mvp-public/src/database/config.py", line 7, in <module>
    from sqlalchemy import create_engine, Table, Column, String, Text, MetaData, DateTime
ModuleNotFoundError: No module named 'sqlalchemy'
2025-09-21 23:18:22.625 503 GET /script-health-check (127.0.0.1) 221.14ms
2025-09-21 23:18:27.368 Uncaught app execution
Traceback (most recent call last):
  File "/home/adminuser/venv/lib/python3.12/site-packages/streamlit/runtime/scriptrunner/exec_code.py", line 128, in exec_func_with_error_handling
    result = func()
             ^^^^^^
  File "/home/adminuser/venv/lib/python3.12/site-packages/streamlit/runtime/scriptrunner/script_runner.py", line 669, in code_to_exec
    exec(code, module.__dict__)  # noqa: S102
    ^^^^^^^^^^^^^^^^^^^^^^^^^^^
  File "/mount/src/clare-mvp-public/main.py", line 12, in <module>
    from src.database.config import validate_env_vars, create_tables
  File "/mount/src/clare-mvp-public/src/database/config.py", line 7, in <module>
    from sqlalchemy import create_engine, Table, Column, String, Text, MetaData, DateTime
ModuleNotFoundError: No module named 'sqlalchemy'
2025-09-21 23:18:27.555 503 GET /script-health-check (127.0.0.1) 190.58ms
2025-09-21 23:18:32.383 Uncaught app execution
Traceback (most recent call last):
  File "/home/adminuser/venv/lib/python3.12/site-packages/streamlit/runtime/scriptrunner/exec_code.py", line 128, in exec_func_with_error_handling
    result = func()
             ^^^^^^
  File "/home/adminuser/venv/lib/python3.12/site-packages/streamlit/runtime/scriptrunner/script_runner.py", line 669, in code_to_exec
    exec(code, module.__dict__)  # noqa: S102
    ^^^^^^^^^^^^^^^^^^^^^^^^^^^
  File "/mount/src/clare-mvp-public/main.py", line 12, in <module>
    from src.database.config import validate_env_vars, create_tables
  File "/mount/src/clare-mvp-public/src/database/config.py", line 7, in <module>
    from sqlalchemy import create_engine, Table, Column, String, Text, MetaData, DateTime
ModuleNotFoundError: No module named 'sqlalchemy'
2025-09-21 23:18:32.566 503 GET /script-health-check (127.0.0.1) 185.73ms
2025-09-21 23:18:37.371 Uncaught app execution
Traceback (most recent call last):
  File "/home/adminuser/venv/lib/python3.12/site-packages/streamlit/runtime/scriptrunner/exec_code.py", line 128, in exec_func_with_error_handling
    result = func()
             ^^^^^^
  File "/home/adminuser/venv/lib/python3.12/site-packages/streamlit/runtime/scriptrunner/script_runner.py", line 669, in code_to_exec
    exec(code, module.__dict__)  # noqa: S102
    ^^^^^^^^^^^^^^^^^^^^^^^^^^^
  File "/mount/src/clare-mvp-public/main.py", line 12, in <module>
    from src.database.config import validate_env_vars, create_tables
  File "/mount/src/clare-mvp-public/src/database/config.py", line 7, in <module>
    from sqlalchemy import create_engine, Table, Column, String, Text, MetaData, DateTime
ModuleNotFoundError: No module named 'sqlalchemy'
2025-09-21 23:18:37.537 503 GET /script-health-check (127.0.0.1) 168.53ms
2025-09-21 23:18:42.407 Uncaught app execution
Traceback (most recent call last):
  File "/home/adminuser/venv/lib/python3.12/site-packages/streamlit/runtime/scriptrunner/exec_code.py", line 128, in exec_func_with_error_handling
    result = func()
             ^^^^^^
  File "/home/adminuser/venv/lib/python3.12/site-packages/streamlit/runtime/scriptrunner/script_runner.py", line 669, in code_to_exec
    exec(code, module.__dict__)  # noqa: S102
    ^^^^^^^^^^^^^^^^^^^^^^^^^^^
  File "/mount/src/clare-mvp-public/main.py", line 12, in <module>
    from src.database.config import validate_env_vars, create_tables
  File "/mount/src/clare-mvp-public/src/database/config.py", line 7, in <module>
    from sqlalchemy import create_engine, Table, Column, String, Text, MetaData, DateTime
ModuleNotFoundError: No module named 'sqlalchemy'
2025-09-21 23:18:42.575 503 GET /script-health-check (127.0.0.1) 171.51ms
2025-09-21 23:18:47.383 Uncaught app execution
Traceback (most recent call last):
  File "/home/adminuser/venv/lib/python3.12/site-packages/streamlit/runtime/scriptrunner/exec_code.py", line 128, in exec_func_with_error_handling
    result = func()
             ^^^^^^
  File "/home/adminuser/venv/lib/python3.12/site-packages/streamlit/runtime/scriptrunner/script_runner.py", line 669, in code_to_exec
    exec(code, module.__dict__)  # noqa: S102
    ^^^^^^^^^^^^^^^^^^^^^^^^^^^
  File "/mount/src/clare-mvp-public/main.py", line 12, in <module>
    from src.database.config import validate_env_vars, create_tables
  File "/mount/src/clare-mvp-public/src/database/config.py", line 7, in <module>
    from sqlalchemy import create_engine, Table, Column, String, Text, MetaData, DateTime
ModuleNotFoundError: No module named 'sqlalchemy'
2025-09-21 23:18:47.592 503 GET /script-health-check (127.0.0.1) 212.35ms
2025-09-21 23:18:52.430 Uncaught app execution
Traceback (most recent call last):
  File "/home/adminuser/venv/lib/python3.12/site-packages/streamlit/runtime/scriptrunner/exec_code.py", line 128, in exec_func_with_error_handling
    result = func()
             ^^^^^^
  File "/home/adminuser/venv/lib/python3.12/site-packages/streamlit/runtime/scriptrunner/script_runner.py", line 669, in code_to_exec
    exec(code, module.__dict__)  # noqa: S102
    ^^^^^^^^^^^^^^^^^^^^^^^^^^^
  File "/mount/src/clare-mvp-public/main.py", line 12, in <module>
    from src.database.config import validate_env_vars, create_tables
  File "/mount/src/clare-mvp-public/src/database/config.py", line 7, in <module>
    from sqlalchemy import create_engine, Table, Column, String, Text, MetaData, DateTime
ModuleNotFoundError: No module named 'sqlalchemy'
2025-09-21 23:18:52.605 503 GET /script-health-check (127.0.0.1) 179.35ms
2025-09-21 23:18:57.369 Uncaught app execution
Traceback (most recent call last):
  File "/home/adminuser/venv/lib/python3.12/site-packages/streamlit/runtime/scriptrunner/exec_code.py", line 128, in exec_func_with_error_handling
    result = func()
             ^^^^^^
  File "/home/adminuser/venv/lib/python3.12/site-packages/streamlit/runtime/scriptrunner/script_runner.py", line 669, in code_to_exec
    exec(code, module.__dict__)  # noqa: S102
    ^^^^^^^^^^^^^^^^^^^^^^^^^^^
  File "/mount/src/clare-mvp-public/main.py", line 12, in <module>
    from src.database.config import validate_env_vars, create_tables
  File "/mount/src/clare-mvp-public/src/database/config.py", line 7, in <module>
    from sqlalchemy import create_engine, Table, Column, String, Text, MetaData, DateTime
ModuleNotFoundError: No module named 'sqlalchemy'
2025-09-21 23:18:57.551 503 GET /script-health-check (127.0.0.1) 185.46ms
2025-09-21 23:19:02.381 Uncaught app execution
Traceback (most recent call last):
  File "/home/adminuser/venv/lib/python3.12/site-packages/streamlit/runtime/scriptrunner/exec_code.py", line 128, in exec_func_with_error_handling
    result = func()
             ^^^^^^
  File "/home/adminuser/venv/lib/python3.12/site-packages/streamlit/runtime/scriptrunner/script_runner.py", line 669, in code_to_exec
    exec(code, module.__dict__)  # noqa: S102
    ^^^^^^^^^^^^^^^^^^^^^^^^^^^
  File "/mount/src/clare-mvp-public/main.py", line 12, in <module>
    from src.database.config import validate_env_vars, create_tables
  File "/mount/src/clare-mvp-public/src/database/config.py", line 7, in <module>
    from sqlalchemy import create_engine, Table, Column, String, Text, MetaData, DateTime
ModuleNotFoundError: No module named 'sqlalchemy'
2025-09-21 23:19:02.622 503 GET /script-health-check (127.0.0.1) 244.55ms
[23:19:02] üêô Pulling code changes from Github...
[23:19:04] üì¶ Processing dependencies...

‚îÄ‚îÄ‚îÄ‚îÄ‚îÄ‚îÄ‚îÄ‚îÄ‚îÄ‚îÄ‚îÄ‚îÄ‚îÄ‚îÄ‚îÄ‚îÄ‚îÄ‚îÄ‚îÄ‚îÄ‚îÄ‚îÄ‚îÄ‚îÄ‚îÄ‚îÄ‚îÄ‚îÄ‚îÄ‚îÄ‚îÄ‚îÄ‚îÄ‚îÄ‚îÄ‚îÄ‚îÄ‚îÄ‚îÄ‚îÄ uv ‚îÄ‚îÄ‚îÄ‚îÄ‚îÄ‚îÄ‚îÄ‚îÄ‚îÄ‚îÄ‚îÄ‚îÄ‚îÄ‚îÄ‚îÄ‚îÄ‚îÄ‚îÄ‚îÄ‚îÄ‚îÄ‚îÄ‚îÄ‚îÄ‚îÄ‚îÄ‚îÄ‚îÄ‚îÄ‚îÄ‚îÄ‚îÄ‚îÄ‚îÄ‚îÄ‚îÄ‚îÄ‚îÄ‚îÄ‚îÄ‚îÄ‚îÄ‚îÄ

Using uv pip install.
Using Python 3.12.11 environment at /home/adminuser/venv
  √ó No solution found when resolving dependencies:
  ‚ï∞‚îÄ‚ñ∂ Because grpcio-status==1.70.0 depends on protobuf>=5.26.1,<6.0.dev0
      and you require grpcio-status==1.70.0, we can conclude that you require
      protobuf>=5.26.1,<6.0.dev0.
      And because you require protobuf==4.25.8, we can conclude that your
      requirements are unsatisfiable.
Checking if Streamlit is installed
2025-09-21 23:19:07.371 Uncaught app execution
Traceback (most recent call last):
  File "/home/adminuser/venv/lib/python3.12/site-packages/streamlit/runtime/scriptrunner/exec_code.py", line 128, in exec_func_with_error_handling
    result = func()
             ^^^^^^
  File "/home/adminuser/venv/lib/python3.12/site-packages/streamlit/runtime/scriptrunner/script_runner.py", line 669, in code_to_exec
    exec(code, module.__dict__)  # noqa: S102
    ^^^^^^^^^^^^^^^^^^^^^^^^^^^
  File "/mount/src/clare-mvp-public/main.py", line 12, in <module>
    from src.database.config import validate_env_vars, create_tables
  File "/mount/src/clare-mvp-public/src/database/config.py", line 7, in <module>
    from sqlalchemy import create_engine, Table, Column, String, Text, MetaData, DateTime
ModuleNotFoundError: No module named 'sqlalchemy'
2025-09-21 23:19:07.534 503 GET /script-health-check (127.0.0.1) 170.98ms
Found Streamlit version 1.49.1 in the environment
Installing rich for an improved exception logging
Using uv pip install.
Using Python 3.12.11 environment at /home/adminuser/venv
Resolved 4 packages in 47ms
Prepared 4 packages in 154ms
Installed 4 packages in 18ms
 + markdown-it-py==4.0.0[2025-09-21 23:19:08.177766] 
 + mdurl==0.1.2
 + pygments==2.19.2
 + rich==14.1.0

‚îÄ‚îÄ‚îÄ‚îÄ‚îÄ‚îÄ‚îÄ‚îÄ‚îÄ‚îÄ‚îÄ‚îÄ‚îÄ‚îÄ‚îÄ‚îÄ‚îÄ‚îÄ‚îÄ‚îÄ‚îÄ‚îÄ‚îÄ‚îÄ‚îÄ‚îÄ‚îÄ‚îÄ‚îÄ‚îÄ‚îÄ‚îÄ‚îÄ‚îÄ‚îÄ‚îÄ‚îÄ‚îÄ‚îÄ‚îÄ‚îÄ‚îÄ‚îÄ‚îÄ‚îÄ‚îÄ‚îÄ‚îÄ‚îÄ‚îÄ‚îÄ‚îÄ‚îÄ‚îÄ‚îÄ‚îÄ‚îÄ‚îÄ‚îÄ‚îÄ‚îÄ‚îÄ‚îÄ‚îÄ‚îÄ‚îÄ‚îÄ‚îÄ‚îÄ‚îÄ‚îÄ‚îÄ‚îÄ‚îÄ‚îÄ‚îÄ‚îÄ‚îÄ‚îÄ‚îÄ‚îÄ‚îÄ‚îÄ‚îÄ‚îÄ‚îÄ‚îÄ‚îÄ


‚îÄ‚îÄ‚îÄ‚îÄ‚îÄ‚îÄ‚îÄ‚îÄ‚îÄ‚îÄ‚îÄ‚îÄ‚îÄ‚îÄ‚îÄ‚îÄ‚îÄ‚îÄ‚îÄ‚îÄ‚îÄ‚îÄ‚îÄ‚îÄ‚îÄ‚îÄ‚îÄ‚îÄ‚îÄ‚îÄ‚îÄ‚îÄ‚îÄ‚îÄ‚îÄ‚îÄ‚îÄ‚îÄ‚îÄ‚îÄ pip ‚îÄ‚îÄ‚îÄ‚îÄ‚îÄ‚îÄ‚îÄ‚îÄ‚îÄ‚îÄ‚îÄ‚îÄ‚îÄ‚îÄ‚îÄ‚îÄ‚îÄ‚îÄ‚îÄ‚îÄ‚îÄ‚îÄ‚îÄ‚îÄ‚îÄ‚îÄ‚îÄ‚îÄ‚îÄ‚îÄ‚îÄ‚îÄ‚îÄ‚îÄ‚îÄ‚îÄ‚îÄ‚îÄ‚îÄ‚îÄ‚îÄ‚îÄ‚îÄ

Using standard pip install.
Collecting absl-py==2.1.0 (from -r /mount/src/clare-mvp-public/requirements.txt (line 1))
  Downloading absl_py-2.1.0-py3-none-any.whl.metadata (2.3 kB)
Collecting aiohappyeyeballs==2.6.1 (from -r /mount/src/clare-mvp-public/requirements.txt (line 2))
  Downloading aiohappyeyeballs-2.6.1-py3-none-any.whl.metadata (5.9 kB)
Collecting aiohttp==3.12.15 (from -r /mount/src/clare-mvp-public/requirements.txt (line 3))
  Downloading aiohttp-3.12.15-cp312-cp312-manylinux_2_17_x86_64.manylinux2014_x86_64.whl.metadata (7.7 kB)
Collecting aiosignal==1.4.0 (from -r /mount/src/clare-mvp-public/requirements.txt (line 4))
  Downloading aiosignal-1.4.0-py3-none-any.whl.metadata (3.7 kB)
Collecting altair==5.5.0 (from -r /mount/src/clare-mvp-public/requirements.txt (line 5))
  Downloading altair-5.5.0-py3-none-any.whl.metadata (11 kB)
Collecting annotated-types==0.7.0 (from -r /mount/src/clare-mvp-public/requirements.txt (line 6))
  Downloading annotated_types-0.7.0-py3-none-any.whl.metadata (15 kB)
Collecting anyio==4.8.0 (from -r /mount/src/clare-mvp-public/requirements.txt (line 7))
  Downloading anyio-4.8.0-py3-none-any.whl.metadata (4.6 kB)
Collecting argon2-cffi==23.1.0 (from -r /mount/src/clare-mvp-public/requirements.txt (line 8))
  Downloading argon2_cffi-23.1.0-py3-none-any.whl.metadata (5.2 kB)
Collecting argon2-cffi-bindings==21.2.0 (from -r /mount/src/clare-mvp-public/requirements.txt (line 9))
  Downloading argon2_cffi_bindings-21.2.0-cp36-abi3-manylinux_2_17_x86_64.manylinux2014_x86_64.whl.metadata (6.7 kB)
Collecting arrow==1.3.0 (from -r /mount/src/clare-mvp-public/requirements.txt (line 10))
  Downloading arrow-1.3.0-py3-none-any.whl.metadata (7.5 kB)
Collecting asttokens==3.0.0 (from -r /mount/src/clare-mvp-public/requirements.txt (line 11))
  Downloading asttokens-3.0.0-py3-none-any.whl.metadata (4.7 kB)
Collecting async-lru==2.0.4 (from -r /mount/src/clare-mvp-public/requirements.txt (line 12))
  Downloading async_lru-2.0.4-py3-none-any.whl.metadata (4.5 kB)
Collecting async-timeout==4.0.3 (from -r /mount/src/clare-mvp-public/requirements.txt (line 13))
  Downloading async_timeout-4.0.3-py3-none-any.whl.metadata (4.2 kB)
Collecting asyncpg==0.30.0 (from -r /mount/src/clare-mvp-public/requirements.txt (line 14))
  Downloading asyncpg-0.30.0-cp312-cp312-manylinux_2_17_x86_64.manylinux2014_x86_64.whl.metadata (5.0 kB)
Collecting attrs==25.1.0 (from -r /mount/src/clare-mvp-public/requirements.txt (line 15))
  Downloading attrs-25.1.0-py3-none-any.whl.metadata (10 kB)
Collecting babel==2.17.0 (from -r /mount/src/clare-mvp-public/requirements.txt (line 16))
  Downloading babel-2.17.0-py3-none-any.whl.metadata (2.0 kB)
Collecting beautifulsoup4==4.13.3 (from -r /mount/src/clare-mvp-public/requirements.txt (line 17))
  Downloading beautifulsoup4-4.13.3-py3-none-any.whl.metadata (3.8 kB)
Collecting bleach==6.2.0 (from -r /mount/src/clare-mvp-public/requirements.txt (line 18))
  Downloading bleach-6.2.0-py3-none-any.whl.metadata (30 kB)
Collecting blinker==1.9.0 (from -r /mount/src/clare-mvp-public/requirements.txt (line 19))
  Downloading blinker-1.9.0-py3-none-any.whl.metadata (1.6 kB)
Collecting cachetools==5.5.1 (from -r /mount/src/clare-mvp-public/requirements.txt (line 20))
  Downloading cachetools-5.5.1-py3-none-any.whl.metadata (5.4 kB)
Collecting certifi==2024.12.14 (from -r /mount/src/clare-mvp-public/requirements.txt (line 21))
  Downloading certifi-2024.12.14-py3-none-any.whl.metadata (2.3 kB)
Collecting cffi==1.17.1 (from -r /mount/src/clare-mvp-public/requirements.txt (line 22))
  Downloading cffi-1.17.1-cp312-cp312-manylinux_2_17_x86_64.manylinux2014_x86_64.whl.metadata (1.5 kB)
Collecting charset-normalizer==3.4.1 (from -r /mount/src/clare-mvp-public/requirements.txt (line 23))
  Downloading charset_normalizer-3.4.1-cp312-cp312-manylinux_2_17_x86_64.manylinux2014_x86_64.whl.metadata (35 kB)
‚îÄ‚îÄ‚îÄ‚îÄ‚îÄ‚îÄ‚îÄ‚îÄ‚îÄ‚îÄ‚îÄ‚îÄ‚îÄ‚îÄ‚îÄ‚îÄ‚îÄ‚îÄ‚îÄ‚îÄ‚îÄ‚îÄ Traceback (most recent call last) ‚îÄ‚îÄ‚îÄ‚îÄ‚îÄ‚îÄ‚îÄ‚îÄ‚îÄ‚îÄ‚îÄ‚îÄ‚îÄ‚îÄ‚îÄ‚îÄ‚îÄ‚îÄ‚îÄ‚îÄ‚îÄ‚îÄ‚îÄ
  /home/adminuser/venv/lib/python3.12/site-packages/streamlit/runtime/scriptru  
  nner/exec_code.py:128 in exec_func_with_error_handling                        
                                                                                
  /home/adminuser/venv/lib/python3.12/site-packages/streamlit/runtime/scriptru  
  nner/script_runner.py:669 in code_to_exec                                     
                                                                                
  /mount/src/clare-mvp-public/main.py:12 in <module>                            
                                                                                
      9 from functools import partial                                           
     10                                                                         
     11 # Import our modular components                                         
  ‚ù±  12 from src.database.config import validate_env_vars, create_tables        
     13 from src.auth.authentication import (                                   
     14 ‚îÇ   initialize_session_state,                                           
     15 ‚îÇ   handle_sign_in,                                                     
                                                                                
  /mount/src/clare-mvp-public/src/database/config.py:7 in <module>              
                                                                                
     4 """                                                                      
     5                                                                          
     6 import os                                                                
  ‚ù±  7 from sqlalchemy import create_engine, Table, Column, String, Text, Meta  
     8 from sqlalchemy.dialects.postgresql import UUID as PGUUID, JSONB         
     9 from datetime import datetime, timezone                                  
    10 import uuid                                                              
‚îÄ‚îÄ‚îÄ‚îÄ‚îÄ‚îÄ‚îÄ‚îÄ‚îÄ‚îÄ‚îÄ‚îÄ‚îÄ‚îÄ‚îÄ‚îÄ‚îÄ‚îÄ‚îÄ‚îÄ‚îÄ‚îÄ‚îÄ‚îÄ‚îÄ‚îÄ‚îÄ‚îÄ‚îÄ‚îÄ‚îÄ‚îÄ‚îÄ‚îÄ‚îÄ‚îÄ‚îÄ‚îÄ‚îÄ‚îÄ‚îÄ‚îÄ‚îÄ‚îÄ‚îÄ‚îÄ‚îÄ‚îÄ‚îÄ‚îÄ‚îÄ‚îÄ‚îÄ‚îÄ‚îÄ‚îÄ‚îÄ‚îÄ‚îÄ‚îÄ‚îÄ‚îÄ‚îÄ‚îÄ‚îÄ‚îÄ‚îÄ‚îÄ‚îÄ‚îÄ‚îÄ‚îÄ‚îÄ‚îÄ‚îÄ‚îÄ‚îÄ‚îÄ‚îÄ‚îÄ
ModuleNotFoundError: No module named 'sqlalchemy'
Collecting click==8.1.8 (from -r /mount/src/clare-mvp-public/requirements.txt (line 24))
  Downloading click-8.1.8-py3-none-any.whl.metadata (2.3 kB)
Collecting colorama==0.4.6 (from -r /mount/src/clare-mvp-public/requirements.txt (line 25))
  Downloading colorama-0.4.6-py2.py3-none-any.whl.metadata (17 kB)
Collecting comm==0.2.2 (from -r /mount/src/clare-mvp-public/requirements.txt (line 26))
  Downloading comm-0.2.2-py3-none-any.whl.metadata (3.7 kB)
Collecting dataclasses-json==0.6.7 (from -r /mount/src/clare-mvp-public/requirements.txt (line 27))
  Downloading dataclasses_json-0.6.7-py3-none-any.whl.metadata (25 kB)
2025-09-21 23:19:12.833 503 GET /script-health-check (127.0.0.1) 451.82ms
Collecting debugpy==1.8.12 (from -r /mount/src/clare-mvp-public/requirements.txt (line 28))
  Downloading debugpy-1.8.12-cp312-cp312-manylinux_2_5_x86_64.manylinux1_x86_64.manylinux_2_17_x86_64.manylinux2014_x86_64.whl.metadata (1.3 kB)
Collecting decorator==5.1.1 (from -r /mount/src/clare-mvp-public/requirements.txt (line 29))
  Downloading decorator-5.1.1-py3-none-any.whl.metadata (4.0 kB)
Collecting defusedxml==0.7.1 (from -r /mount/src/clare-mvp-public/requirements.txt (line 30))
  Downloading defusedxml-0.7.1-py2.py3-none-any.whl.metadata (32 kB)
Collecting Deprecated==1.2.18 (from -r /mount/src/clare-mvp-public/requirements.txt (line 31))
  Downloading Deprecated-1.2.18-py2.py3-none-any.whl.metadata (5.7 kB)
Collecting dirtyjson==1.0.8 (from -r /mount/src/clare-mvp-public/requirements.txt (line 32))
  Downloading dirtyjson-1.0.8-py3-none-any.whl.metadata (11 kB)
Collecting distro==1.9.0 (from -r /mount/src/clare-mvp-public/requirements.txt (line 33))
  Downloading distro-1.9.0-py3-none-any.whl.metadata (6.8 kB)
Collecting exceptiongroup==1.2.2 (from -r /mount/src/clare-mvp-public/requirements.txt (line 34))
  Downloading exceptiongroup-1.2.2-py3-none-any.whl.metadata (6.6 kB)
Collecting executing==2.2.0 (from -r /mount/src/clare-mvp-public/requirements.txt (line 35))
  Downloading executing-2.2.0-py2.py3-none-any.whl.metadata (8.9 kB)
Collecting fastjsonschema==2.21.1 (from -r /mount/src/clare-mvp-public/requirements.txt (line 36))
  Downloading fastjsonschema-2.21.1-py3-none-any.whl.metadata (2.2 kB)
Collecting filelock==3.17.0 (from -r /mount/src/clare-mvp-public/requirements.txt (line 37))
  Downloading filelock-3.17.0-py3-none-any.whl.metadata (2.9 kB)
Collecting filetype==1.2.0 (from -r /mount/src/clare-mvp-public/requirements.txt (line 38))
  Downloading filetype-1.2.0-py2.py3-none-any.whl.metadata (6.5 kB)
Collecting firecrawl-py==1.13.5 (from -r /mount/src/clare-mvp-public/requirements.txt (line 39))
  Downloading firecrawl_py-1.13.5-py3-none-any.whl.metadata (10 kB)
Collecting fqdn==1.5.1 (from -r /mount/src/clare-mvp-public/requirements.txt (line 40))
  Downloading fqdn-1.5.1-py3-none-any.whl.metadata (1.4 kB)
Collecting frozenlist==1.5.0 (from -r /mount/src/clare-mvp-public/requirements.txt (line 41))
  Downloading frozenlist-1.5.0-cp312-cp312-manylinux_2_5_x86_64.manylinux1_x86_64.manylinux_2_17_x86_64.manylinux2014_x86_64.whl.metadata (13 kB)
Collecting fsspec==2025.2.0 (from -r /mount/src/clare-mvp-public/requirements.txt (line 42))
  Downloading fsspec-2025.2.0-py3-none-any.whl.metadata (11 kB)
Collecting gitdb==4.0.12 (from -r /mount/src/clare-mvp-public/requirements.txt (line 43))
  Downloading gitdb-4.0.12-py3-none-any.whl.metadata (1.2 kB)
Collecting GitPython==3.1.44 (from -r /mount/src/clare-mvp-public/requirements.txt (line 44))
  Downloading GitPython-3.1.44-py3-none-any.whl.metadata (13 kB)
Collecting google-ai-generativelanguage==0.6.15 (from -r /mount/src/clare-mvp-public/requirements.txt (line 45))
  Downloading google_ai_generativelanguage-0.6.15-py3-none-any.whl.metadata (5.7 kB)
Collecting google-api-core==2.24.1 (from -r /mount/src/clare-mvp-public/requirements.txt (line 46))
  Downloading google_api_core-2.24.1-py3-none-any.whl.metadata (3.0 kB)
Collecting google-api-python-client==2.160.0 (from -r /mount/src/clare-mvp-public/requirements.txt (line 47))
  Downloading google_api_python_client-2.160.0-py2.py3-none-any.whl.metadata (6.7 kB)
Collecting google-auth==2.38.0 (from -r /mount/src/clare-mvp-public/requirements.txt (line 48))
  Downloading google_auth-2.38.0-py2.py3-none-any.whl.metadata (4.8 kB)
Collecting google-auth-httplib2==0.2.0 (from -r /mount/src/clare-mvp-public/requirements.txt (line 49))
  Downloading google_auth_httplib2-0.2.0-py2.py3-none-any.whl.metadata (2.2 kB)
Collecting google-generativeai==0.8.5 (from -r /mount/src/clare-mvp-public/requirements.txt (line 50))
  Downloading google_generativeai-0.8.5-py3-none-any.whl.metadata (3.9 kB)
Collecting googleapis-common-protos==1.67.0rc1 (from -r /mount/src/clare-mvp-public/requirements.txt (line 51))
  Downloading googleapis_common_protos-1.67.0rc1-py2.py3-none-any.whl.metadata (5.1 kB)
Collecting greenlet==3.1.1 (from -r /mount/src/clare-mvp-public/requirements.txt (line 52))
  Downloading greenlet-3.1.1-cp312-cp312-manylinux_2_24_x86_64.manylinux_2_28_x86_64.whl.metadata (3.8 kB)
Collecting grpcio==1.70.0 (from -r /mount/src/clare-mvp-public/requirements.txt (line 53))
  Downloading grpcio-1.70.0-cp312-cp312-manylinux_2_17_x86_64.manylinux2014_x86_64.whl.metadata (3.9 kB)
Collecting grpcio-status==1.70.0 (from -r /mount/src/clare-mvp-public/requirements.txt (line 54))
  Downloading grpcio_status-1.70.0-py3-none-any.whl.metadata (1.1 kB)
Collecting h11==0.14.0 (from -r /mount/src/clare-mvp-public/requirements.txt (line 55))
  Downloading h11-0.14.0-py3-none-any.whl.metadata (8.2 kB)
Collecting httpcore==1.0.7 (from -r /mount/src/clare-mvp-public/requirements.txt (line 56))
  Downloading httpcore-1.0.7-py3-none-any.whl.metadata (21 kB)
Collecting httplib2==0.22.0 (from -r /mount/src/clare-mvp-public/requirements.txt (line 57))
  Downloading httplib2-0.22.0-py3-none-any.whl.metadata (2.6 kB)
Collecting httpx==0.28.1 (from -r /mount/src/clare-mvp-public/requirements.txt (line 58))
  Downloading httpx-0.28.1-py3-none-any.whl.metadata (7.1 kB)
Collecting httpx-sse==0.4.0 (from -r /mount/src/clare-mvp-public/requirements.txt (line 59))
  Downloading httpx_sse-0.4.0-py3-none-any.whl.metadata (9.0 kB)
Collecting huggingface-hub==0.28.1 (from -r /mount/src/clare-mvp-public/requirements.txt (line 60))
  Downloading huggingface_hub-0.28.1-py3-none-any.whl.metadata (13 kB)
Collecting idna==3.10 (from -r /mount/src/clare-mvp-public/requirements.txt (line 61))
  Downloading idna-3.10-py3-none-any.whl.metadata (10 kB)
Collecting importlib-metadata==6.11.0 (from -r /mount/src/clare-mvp-public/requirements.txt (line 62))
  Downloading importlib_metadata-6.11.0-py3-none-any.whl.metadata (4.9 kB)
Collecting ipykernel==6.29.5 (from -r /mount/src/clare-mvp-public/requirements.txt (line 63))
  Downloading ipykernel-6.29.5-py3-none-any.whl.metadata (6.3 kB)
Collecting ipython==8.31.0 (from -r /mount/src/clare-mvp-public/requirements.txt (line 64))
  Downloading ipython-8.31.0-py3-none-any.whl.metadata (4.9 kB)
Collecting ipywidgets==8.1.5 (from -r /mount/src/clare-mvp-public/requirements.txt (line 65))
  Downloading ipywidgets-8.1.5-py3-none-any.whl.metadata (2.3 kB)
Collecting isoduration==20.11.0 (from -r /mount/src/clare-mvp-public/requirements.txt (line 66))
  Downloading isoduration-20.11.0-py3-none-any.whl.metadata (5.7 kB)
Collecting jedi==0.19.2 (from -r /mount/src/clare-mvp-public/requirements.txt (line 67))
  Downloading jedi-0.19.2-py2.py3-none-any.whl.metadata (22 kB)
Collecting Jinja2==3.1.5 (from -r /mount/src/clare-mvp-public/requirements.txt (line 68))
  Downloading jinja2-3.1.5-py3-none-any.whl.metadata (2.6 kB)
Collecting jiter==0.8.2 (from -r /mount/src/clare-mvp-public/requirements.txt (line 69))
  Downloading jiter-0.8.2-cp312-cp312-manylinux_2_17_x86_64.manylinux2014_x86_64.whl.metadata (5.2 kB)
Collecting joblib==1.4.2 (from -r /mount/src/clare-mvp-public/requirements.txt (line 70))
  Downloading joblib-1.4.2-py3-none-any.whl.metadata (5.4 kB)
Collecting json5==0.10.0 (from -r /mount/src/clare-mvp-public/requirements.txt (line 71))
  Downloading json5-0.10.0-py3-none-any.whl.metadata (34 kB)
Collecting jsonpatch==1.33 (from -r /mount/src/clare-mvp-public/requirements.txt (line 72))
  Downloading jsonpatch-1.33-py2.py3-none-any.whl.metadata (3.0 kB)
Collecting jsonpointer==3.0.0 (from -r /mount/src/clare-mvp-public/requirements.txt (line 73))
  Downloading jsonpointer-3.0.0-py2.py3-none-any.whl.metadata (2.3 kB)
Collecting jsonschema==4.23.0 (from -r /mount/src/clare-mvp-public/requirements.txt (line 74))
  Downloading jsonschema-4.23.0-py3-none-any.whl.metadata (7.9 kB)
Collecting jsonschema-specifications==2024.10.1 (from -r /mount/src/clare-mvp-public/requirements.txt (line 75))
  Downloading jsonschema_specifications-2024.10.1-py3-none-any.whl.metadata (3.0 kB)
Collecting jupyter==1.1.1 (from -r /mount/src/clare-mvp-public/requirements.txt (line 76))
  Downloading jupyter-1.1.1-py2.py3-none-any.whl.metadata (2.0 kB)
Collecting jupyter-console==6.6.3 (from -r /mount/src/clare-mvp-public/requirements.txt (line 77))
  Downloading jupyter_console-6.6.3-py3-none-any.whl.metadata (5.8 kB)
Collecting jupyter-events==0.12.0 (from -r /mount/src/clare-mvp-public/requirements.txt (line 78))
  Downloading jupyter_events-0.12.0-py3-none-any.whl.metadata (5.8 kB)
Collecting jupyter-lsp==2.2.5 (from -r /mount/src/clare-mvp-public/requirements.txt (line 79))
  Downloading jupyter_lsp-2.2.5-py3-none-any.whl.metadata (1.8 kB)
‚îÄ‚îÄ‚îÄ‚îÄ‚îÄ‚îÄ‚îÄ‚îÄ‚îÄ‚îÄ‚îÄ‚îÄ‚îÄ‚îÄ‚îÄ‚îÄ‚îÄ‚îÄ‚îÄ‚îÄ‚îÄ‚îÄ Traceback (most recent call last) ‚îÄ‚îÄ‚îÄ‚îÄ‚îÄ‚îÄ‚îÄ‚îÄ‚îÄ‚îÄ‚îÄ‚îÄ‚îÄ‚îÄ‚îÄ‚îÄ‚îÄ‚îÄ‚îÄ‚îÄ‚îÄ‚îÄ‚îÄ
  /home/adminuser/venv/lib/python3.12/site-packages/streamlit/runtime/scriptru  
  nner/exec_code.py:128 in exec_func_with_error_handling                        
                                                                                
  /home/adminuser/venv/lib/python3.12/site-packages/streamlit/runtime/scriptru  
  nner/script_runner.py:669 in code_to_exec                                     
                                                                                
  /mount/src/clare-mvp-public/main.py:12 in <module>                            
                                                                                
      9 from functools import partial                                           
     10                                                                         
     11 # Import our modular components                                         
  ‚ù±  12 from src.database.config import validate_env_vars, create_tables        
     13 from src.auth.authentication import (                                   
     14 ‚îÇ   initialize_session_state,                                           
     15 ‚îÇ   handle_sign_in,                                                     
                                                                                
  /mount/src/clare-mvp-public/src/database/config.py:7 in <module>              
                                                                                
     4 """                                                                      
     5                                                                          
     6 import os                                                                
  ‚ù±  7 from sqlalchemy import create_engine, Table, Column, String, Text, Meta  
     8 from sqlalchemy.dialects.postgresql import UUID as PGUUID, JSONB         
     9 from datetime import datetime, timezone                                  
    10 import uuid                                                              
‚îÄ‚îÄ‚îÄ‚îÄ‚îÄ‚îÄ‚îÄ‚îÄ‚îÄ‚îÄ‚îÄ‚îÄ‚îÄ‚îÄ‚îÄ‚îÄ‚îÄ‚îÄ‚îÄ‚îÄ‚îÄ‚îÄ‚îÄ‚îÄ‚îÄ‚îÄ‚îÄ‚îÄ‚îÄ‚îÄ‚îÄ‚îÄ‚îÄ‚îÄ‚îÄ‚îÄ‚îÄ‚îÄ‚îÄ‚îÄ‚îÄ‚îÄ‚îÄ‚îÄ‚îÄ‚îÄ‚îÄ‚îÄ‚îÄ‚îÄ‚îÄ‚îÄ‚îÄ‚îÄ‚îÄ‚îÄ‚îÄ‚îÄ‚îÄ‚îÄ‚îÄ‚îÄ‚îÄ‚îÄ‚îÄ‚îÄ‚îÄ‚îÄ‚îÄ‚îÄ‚îÄ‚îÄ‚îÄ‚îÄ‚îÄ‚îÄ‚îÄ‚îÄ‚îÄ‚îÄ
ModuleNotFoundError: No module named 'sqlalchemy'
Collecting jupyter_client==8.6.3 (from -r /mount/src/clare-mvp-public/requirements.txt (line 80))
  Downloading jupyter_client-8.6.3-py3-none-any.whl.metadata (8.3 kB)
Collecting jupyter_core==5.7.2 (from -r /mount/src/clare-mvp-public/requirements.txt (line 81))
  Downloading jupyter_core-5.7.2-py3-none-any.whl.metadata (3.4 kB)
2025-09-21 23:19:17.600 503 GET /script-health-check (127.0.0.1) 193.54ms
Collecting jupyter_server==2.15.0 (from -r /mount/src/clare-mvp-public/requirements.txt (line 82))
  Downloading jupyter_server-2.15.0-py3-none-any.whl.metadata (8.4 kB)
Collecting jupyter_server_terminals==0.5.3 (from -r /mount/src/clare-mvp-public/requirements.txt (line 83))
  Downloading jupyter_server_terminals-0.5.3-py3-none-any.whl.metadata (5.6 kB)
Collecting jupyterlab==4.3.5 (from -r /mount/src/clare-mvp-public/requirements.txt (line 84))
  Downloading jupyterlab-4.3.5-py3-none-any.whl.metadata (16 kB)
Collecting jupyterlab_pygments==0.3.0 (from -r /mount/src/clare-mvp-public/requirements.txt (line 85))
  Downloading jupyterlab_pygments-0.3.0-py3-none-any.whl.metadata (4.4 kB)
Collecting jupyterlab_server==2.27.3 (from -r /mount/src/clare-mvp-public/requirements.txt (line 86))
  Downloading jupyterlab_server-2.27.3-py3-none-any.whl.metadata (5.9 kB)
Collecting jupyterlab_widgets==3.0.13 (from -r /mount/src/clare-mvp-public/requirements.txt (line 87))
  Downloading jupyterlab_widgets-3.0.13-py3-none-any.whl.metadata (4.1 kB)
Collecting langchain==0.3.27 (from -r /mount/src/clare-mvp-public/requirements.txt (line 88))
  Downloading langchain-0.3.27-py3-none-any.whl.metadata (7.8 kB)
Collecting langchain-community==0.3.29 (from -r /mount/src/clare-mvp-public/requirements.txt (line 89))
  Downloading langchain_community-0.3.29-py3-none-any.whl.metadata (2.9 kB)
Collecting langchain-core==0.3.76 (from -r /mount/src/clare-mvp-public/requirements.txt (line 90))
  Downloading langchain_core-0.3.76-py3-none-any.whl.metadata (3.7 kB)
Collecting langchain-experimental==0.3.4 (from -r /mount/src/clare-mvp-public/requirements.txt (line 91))
  Downloading langchain_experimental-0.3.4-py3-none-any.whl.metadata (1.7 kB)
Collecting langchain-google-genai==2.0.9 (from -r /mount/src/clare-mvp-public/requirements.txt (line 92))
  Downloading langchain_google_genai-2.0.9-py3-none-any.whl.metadata (3.6 kB)
Collecting langchain-huggingface==0.1.2 (from -r /mount/src/clare-mvp-public/requirements.txt (line 93))
  Downloading langchain_huggingface-0.1.2-py3-none-any.whl.metadata (1.3 kB)
Collecting langchain-ollama==0.2.3 (from -r /mount/src/clare-mvp-public/requirements.txt (line 94))
  Downloading langchain_ollama-0.2.3-py3-none-any.whl.metadata (1.9 kB)
Collecting langchain-openai==0.3.33 (from -r /mount/src/clare-mvp-public/requirements.txt (line 95))
  Downloading langchain_openai-0.3.33-py3-none-any.whl.metadata (2.4 kB)
Collecting langchain-postgres==0.0.15 (from -r /mount/src/clare-mvp-public/requirements.txt (line 96))
  Downloading langchain_postgres-0.0.15-py3-none-any.whl.metadata (6.6 kB)
Collecting langchain-pymupdf4llm==0.2.0 (from -r /mount/src/clare-mvp-public/requirements.txt (line 97))
  Downloading langchain_pymupdf4llm-0.2.0-py3-none-any.whl.metadata (6.5 kB)
Collecting langchain-tavily==0.2.11 (from -r /mount/src/clare-mvp-public/requirements.txt (line 98))
  Downloading langchain_tavily-0.2.11-py3-none-any.whl.metadata (22 kB)
Collecting langchain-text-splitters==0.3.11 (from -r /mount/src/clare-mvp-public/requirements.txt (line 99))
  Downloading langchain_text_splitters-0.3.11-py3-none-any.whl.metadata (1.8 kB)
Collecting langchain-together==0.3.0 (from -r /mount/src/clare-mvp-public/requirements.txt (line 100))
  Downloading langchain_together-0.3.0-py3-none-any.whl.metadata (1.9 kB)
Collecting langgraph==0.6.7 (from -r /mount/src/clare-mvp-public/requirements.txt (line 101))
  Downloading langgraph-0.6.7-py3-none-any.whl.metadata (6.8 kB)
Collecting langgraph-checkpoint==2.1.1 (from -r /mount/src/clare-mvp-public/requirements.txt (line 102))
  Downloading langgraph_checkpoint-2.1.1-py3-none-any.whl.metadata (4.2 kB)
Collecting langgraph-prebuilt==0.6.4 (from -r /mount/src/clare-mvp-public/requirements.txt (line 103))
  Downloading langgraph_prebuilt-0.6.4-py3-none-any.whl.metadata (4.5 kB)
Collecting langgraph-sdk==0.2.9 (from -r /mount/src/clare-mvp-public/requirements.txt (line 104))
  Downloading langgraph_sdk-0.2.9-py3-none-any.whl.metadata (1.5 kB)
Collecting langsmith==0.4.29 (from -r /mount/src/clare-mvp-public/requirements.txt (line 105))
  Downloading langsmith-0.4.29-py3-none-any.whl.metadata (14 kB)
Collecting llama-cloud==0.1.14 (from -r /mount/src/clare-mvp-public/requirements.txt (line 106))
  Downloading llama_cloud-0.1.14-py3-none-any.whl.metadata (902 bytes)
Collecting llama-cloud-services==0.6.5 (from -r /mount/src/clare-mvp-public/requirements.txt (line 107))
  Downloading llama_cloud_services-0.6.5-py3-none-any.whl.metadata (2.9 kB)
Collecting llama-index==0.12.23 (from -r /mount/src/clare-mvp-public/requirements.txt (line 108))
  Downloading llama_index-0.12.23-py3-none-any.whl.metadata (12 kB)
Collecting llama-index-agent-openai==0.4.6 (from -r /mount/src/clare-mvp-public/requirements.txt (line 109))
  Downloading llama_index_agent_openai-0.4.6-py3-none-any.whl.metadata (727 bytes)
Collecting llama-index-cli==0.4.1 (from -r /mount/src/clare-mvp-public/requirements.txt (line 110))
  Downloading llama_index_cli-0.4.1-py3-none-any.whl.metadata (1.5 kB)
Collecting llama-index-core==0.12.23.post2 (from -r /mount/src/clare-mvp-public/requirements.txt (line 111))
  Downloading llama_index_core-0.12.23.post2-py3-none-any.whl.metadata (2.5 kB)
Collecting llama-index-embeddings-openai==0.3.1 (from -r /mount/src/clare-mvp-public/requirements.txt (line 112))
  Downloading llama_index_embeddings_openai-0.3.1-py3-none-any.whl.metadata (684 bytes)
Collecting llama-index-indices-managed-llama-cloud==0.6.8 (from -r /mount/src/clare-mvp-public/requirements.txt (line 113))
  Downloading llama_index_indices_managed_llama_cloud-0.6.8-py3-none-any.whl.metadata (3.6 kB)
Collecting llama-index-llms-openai==0.3.22 (from -r /mount/src/clare-mvp-public/requirements.txt (line 114))
  Downloading llama_index_llms_openai-0.3.22-py3-none-any.whl.metadata (3.3 kB)
Collecting llama-index-multi-modal-llms-openai==0.4.3 (from -r /mount/src/clare-mvp-public/requirements.txt (line 115))
  Downloading llama_index_multi_modal_llms_openai-0.4.3-py3-none-any.whl.metadata (726 bytes)
Collecting llama-index-program-openai==0.3.1 (from -r /mount/src/clare-mvp-public/requirements.txt (line 116))
  Downloading llama_index_program_openai-0.3.1-py3-none-any.whl.metadata (764 bytes)
Collecting llama-index-question-gen-openai==0.3.0 (from -r /mount/src/clare-mvp-public/requirements.txt (line 117))
  Downloading llama_index_question_gen_openai-0.3.0-py3-none-any.whl.metadata (783 bytes)
Collecting llama-index-readers-file==0.4.5 (from -r /mount/src/clare-mvp-public/requirements.txt (line 118))
  Downloading llama_index_readers_file-0.4.5-py3-none-any.whl.metadata (5.4 kB)
Collecting llama-index-readers-llama-parse==0.4.0 (from -r /mount/src/clare-mvp-public/requirements.txt (line 119))
  Downloading llama_index_readers_llama_parse-0.4.0-py3-none-any.whl.metadata (3.6 kB)
Collecting llama-parse==0.6.2 (from -r /mount/src/clare-mvp-public/requirements.txt (line 120))
  Downloading llama_parse-0.6.2-py3-none-any.whl.metadata (6.9 kB)
Collecting Markdown==3.7 (from -r /mount/src/clare-mvp-public/requirements.txt (line 121))
  Downloading Markdown-3.7-py3-none-any.whl.metadata (7.0 kB)
Collecting markdown-it-py==3.0.0 (from -r /mount/src/clare-mvp-public/requirements.txt (line 122))
  Downloading markdown_it_py-3.0.0-py3-none-any.whl.metadata (6.9 kB)
Collecting MarkupSafe==3.0.2 (from -r /mount/src/clare-mvp-public/requirements.txt (line 123))
  Downloading MarkupSafe-3.0.2-cp312-cp312-manylinux_2_17_x86_64.manylinux2014_x86_64.whl.metadata (4.0 kB)
Collecting marshmallow==3.26.0 (from -r /mount/src/clare-mvp-public/requirements.txt (line 124))
  Downloading marshmallow-3.26.0-py3-none-any.whl.metadata (7.3 kB)
Collecting matplotlib-inline==0.1.7 (from -r /mount/src/clare-mvp-public/requirements.txt (line 125))
  Downloading matplotlib_inline-0.1.7-py3-none-any.whl.metadata (3.9 kB)
Collecting mdurl==0.1.2 (from -r /mount/src/clare-mvp-public/requirements.txt (line 126))
  Downloading mdurl-0.1.2-py3-none-any.whl.metadata (1.6 kB)
Collecting mistune==3.1.1 (from -r /mount/src/clare-mvp-public/requirements.txt (line 127))
  Downloading mistune-3.1.1-py3-none-any.whl.metadata (1.7 kB)
Collecting mpmath==1.3.0 (from -r /mount/src/clare-mvp-public/requirements.txt (line 128))
  Downloading mpmath-1.3.0-py3-none-any.whl.metadata (8.6 kB)
Collecting msgpack==1.1.0 (from -r /mount/src/clare-mvp-public/requirements.txt (line 129))
  Downloading msgpack-1.1.0-cp312-cp312-manylinux_2_17_x86_64.manylinux2014_x86_64.whl.metadata (8.4 kB)
‚îÄ‚îÄ‚îÄ‚îÄ‚îÄ‚îÄ‚îÄ‚îÄ‚îÄ‚îÄ‚îÄ‚îÄ‚îÄ‚îÄ‚îÄ‚îÄ‚îÄ‚îÄ‚îÄ‚îÄ‚îÄ‚îÄ Traceback (most recent call last) ‚îÄ‚îÄ‚îÄ‚îÄ‚îÄ‚îÄ‚îÄ‚îÄ‚îÄ‚îÄ‚îÄ‚îÄ‚îÄ‚îÄ‚îÄ‚îÄ‚îÄ‚îÄ‚îÄ‚îÄ‚îÄ‚îÄ‚îÄ
  /home/adminuser/venv/lib/python3.12/site-packages/streamlit/runtime/scriptru  
  nner/exec_code.py:128 in exec_func_with_error_handling                        
                                                                                
  /home/adminuser/venv/lib/python3.12/site-packages/streamlit/runtime/scriptru  
  nner/script_runner.py:669 in code_to_exec                                     
                                                                                
  /mount/src/clare-mvp-public/main.py:12 in <module>                            
                                                                                
      9 from functools import partial                                           
     10                                                                         
     11 # Import our modular components                                         
  ‚ù±  12 from src.database.config import validate_env_vars, create_tables        
     13 from src.auth.authentication import (                                   
     14 ‚îÇ   initialize_session_state,                                           
     15 ‚îÇ   handle_sign_in,                                                     
                                                                                
  /mount/src/clare-mvp-public/src/database/config.py:7 in <module>              
                                                                                
     4 """                                                                      
     5                                                                          
     6 import os                                                                
  ‚ù±  7 from sqlalchemy import create_engine, Table, Column, String, Text, Meta  
     8 from sqlalchemy.dialects.postgresql import UUID as PGUUID, JSONB         
     9 from datetime import datetime, timezone                                  
    10 import uuid                                                              
‚îÄ‚îÄ‚îÄ‚îÄ‚îÄ‚îÄ‚îÄ‚îÄ‚îÄ‚îÄ‚îÄ‚îÄ‚îÄ‚îÄ‚îÄ‚îÄ‚îÄ‚îÄ‚îÄ‚îÄ‚îÄ‚îÄ‚îÄ‚îÄ‚îÄ‚îÄ‚îÄ‚îÄ‚îÄ‚îÄ‚îÄ‚îÄ‚îÄ‚îÄ‚îÄ‚îÄ‚îÄ‚îÄ‚îÄ‚îÄ‚îÄ‚îÄ‚îÄ‚îÄ‚îÄ‚îÄ‚îÄ‚îÄ‚îÄ‚îÄ‚îÄ‚îÄ‚îÄ‚îÄ‚îÄ‚îÄ‚îÄ‚îÄ‚îÄ‚îÄ‚îÄ‚îÄ‚îÄ‚îÄ‚îÄ‚îÄ‚îÄ‚îÄ‚îÄ‚îÄ‚îÄ‚îÄ‚îÄ‚îÄ‚îÄ‚îÄ‚îÄ‚îÄ‚îÄ‚îÄ
ModuleNotFoundError: No module named 'sqlalchemy'
2025-09-21 23:19:22.575 503 GET /script-health-check (127.0.0.1) 197.98ms
Collecting multidict==6.1.0 (from -r /mount/src/clare-mvp-public/requirements.txt (line 130))
  Downloading multidict-6.1.0-cp312-cp312-manylinux_2_17_x86_64.manylinux2014_x86_64.whl.metadata (5.0 kB)
Collecting mypy-extensions==1.0.0 (from -r /mount/src/clare-mvp-public/requirements.txt (line 131))
  Downloading mypy_extensions-1.0.0-py3-none-any.whl.metadata (1.1 kB)
Collecting narwhals==1.28.0 (from -r /mount/src/clare-mvp-public/requirements.txt (line 132))
  Downloading narwhals-1.28.0-py3-none-any.whl.metadata (10 kB)
Collecting nbclient==0.10.2 (from -r /mount/src/clare-mvp-public/requirements.txt (line 133))
  Downloading nbclient-0.10.2-py3-none-any.whl.metadata (8.3 kB)
Collecting nbconvert==7.16.6 (from -r /mount/src/clare-mvp-public/requirements.txt (line 134))
  Downloading nbconvert-7.16.6-py3-none-any.whl.metadata (8.5 kB)
Collecting nbformat==5.10.4 (from -r /mount/src/clare-mvp-public/requirements.txt (line 135))
  Downloading nbformat-5.10.4-py3-none-any.whl.metadata (3.6 kB)
Collecting nest-asyncio==1.6.0 (from -r /mount/src/clare-mvp-public/requirements.txt (line 136))
  Downloading nest_asyncio-1.6.0-py3-none-any.whl.metadata (2.8 kB)
Collecting networkx==3.4.2 (from -r /mount/src/clare-mvp-public/requirements.txt (line 137))
  Downloading networkx-3.4.2-py3-none-any.whl.metadata (6.3 kB)
Collecting nltk==3.9.1 (from -r /mount/src/clare-mvp-public/requirements.txt (line 138))
  Downloading nltk-3.9.1-py3-none-any.whl.metadata (2.9 kB)
Collecting notebook==7.3.2 (from -r /mount/src/clare-mvp-public/requirements.txt (line 139))
  Downloading notebook-7.3.2-py3-none-any.whl.metadata (10 kB)
Collecting notebook_shim==0.2.4 (from -r /mount/src/clare-mvp-public/requirements.txt (line 140))
  Downloading notebook_shim-0.2.4-py3-none-any.whl.metadata (4.0 kB)
Collecting numpy==1.26.4 (from -r /mount/src/clare-mvp-public/requirements.txt (line 141))
  Downloading numpy-1.26.4-cp312-cp312-manylinux_2_17_x86_64.manylinux2014_x86_64.whl.metadata (61 kB)
     ‚îÅ‚îÅ‚îÅ‚îÅ‚îÅ‚îÅ‚îÅ‚îÅ‚îÅ‚îÅ‚îÅ‚îÅ‚îÅ‚îÅ‚îÅ‚îÅ‚îÅ‚îÅ‚îÅ‚îÅ‚îÅ‚îÅ‚îÅ‚îÅ‚îÅ‚îÅ‚îÅ‚îÅ‚îÅ‚îÅ‚îÅ‚îÅ‚îÅ‚îÅ‚îÅ‚îÅ‚îÅ‚îÅ‚îÅ 61.0/61.0 kB 190.5 MB/s eta 0:00:00[2025-09-21 23:19:23.814591] 
Collecting ollama==0.4.7 (from -r /mount/src/clare-mvp-public/requirements.txt (line 142))
  Downloading ollama-0.4.7-py3-none-any.whl.metadata (4.7 kB)
Collecting openai==1.108.1 (from -r /mount/src/clare-mvp-public/requirements.txt (line 143))
  Downloading openai-1.108.1-py3-none-any.whl.metadata (29 kB)
Collecting orjson==3.10.15 (from -r /mount/src/clare-mvp-public/requirements.txt (line 144))
  Downloading orjson-3.10.15-cp312-cp312-manylinux_2_17_x86_64.manylinux2014_x86_64.whl.metadata (41 kB)
     ‚îÅ‚îÅ‚îÅ‚îÅ‚îÅ‚îÅ‚îÅ‚îÅ‚îÅ‚îÅ‚îÅ‚îÅ‚îÅ‚îÅ‚îÅ‚îÅ‚îÅ‚îÅ‚îÅ‚îÅ‚îÅ‚îÅ‚îÅ‚îÅ‚îÅ‚îÅ‚îÅ‚îÅ‚îÅ‚îÅ‚îÅ‚îÅ‚îÅ‚îÅ‚îÅ‚îÅ‚îÅ‚îÅ‚îÅ 41.8/41.8 kB 110.6 MB/s eta 0:00:00[2025-09-21 23:19:24.440807] 
Collecting ormsgpack==1.10.0 (from -r /mount/src/clare-mvp-public/requirements.txt (line 145))
  Downloading ormsgpack-1.10.0-cp312-cp312-manylinux_2_17_x86_64.manylinux2014_x86_64.whl.metadata (43 kB)
     ‚îÅ‚îÅ‚îÅ‚îÅ‚îÅ‚îÅ‚îÅ‚îÅ‚îÅ‚îÅ‚îÅ‚îÅ‚îÅ‚îÅ‚îÅ‚îÅ‚îÅ‚îÅ‚îÅ‚îÅ‚îÅ‚îÅ‚îÅ‚îÅ‚îÅ‚îÅ‚îÅ‚îÅ‚îÅ‚îÅ‚îÅ‚îÅ‚îÅ‚îÅ‚îÅ‚îÅ‚îÅ‚îÅ‚îÅ 43.7/43.7 kB 113.6 MB/s eta 0:00:00[2025-09-21 23:19:24.533094] 
Collecting outcome==1.3.0.post0 (from -r /mount/src/clare-mvp-public/requirements.txt (line 146))
  Downloading outcome-1.3.0.post0-py2.py3-none-any.whl.metadata (2.6 kB)
Collecting overrides==7.7.0 (from -r /mount/src/clare-mvp-public/requirements.txt (line 147))
  Downloading overrides-7.7.0-py3-none-any.whl.metadata (5.8 kB)
Collecting packaging==23.2 (from -r /mount/src/clare-mvp-public/requirements.txt (line 148))
  Downloading packaging-23.2-py3-none-any.whl.metadata (3.2 kB)
Collecting pandas==2.2.3 (from -r /mount/src/clare-mvp-public/requirements.txt (line 149))
  Downloading pandas-2.2.3-cp312-cp312-manylinux_2_17_x86_64.manylinux2014_x86_64.whl.metadata (89 kB)
     ‚îÅ‚îÅ‚îÅ‚îÅ‚îÅ‚îÅ‚îÅ‚îÅ‚îÅ‚îÅ‚îÅ‚îÅ‚îÅ‚îÅ‚îÅ‚îÅ‚îÅ‚îÅ‚îÅ‚îÅ‚îÅ‚îÅ‚îÅ‚îÅ‚îÅ‚îÅ‚îÅ‚îÅ‚îÅ‚îÅ‚îÅ‚îÅ‚îÅ‚îÅ‚îÅ‚îÅ‚îÅ‚îÅ‚îÅ 89.9/89.9 kB 197.2 MB/s eta 0:00:00[2025-09-21 23:19:25.020890] 
‚îÄ‚îÄ‚îÄ‚îÄ‚îÄ‚îÄ‚îÄ‚îÄ‚îÄ‚îÄ‚îÄ‚îÄ‚îÄ‚îÄ‚îÄ‚îÄ‚îÄ‚îÄ‚îÄ‚îÄ‚îÄ‚îÄ Traceback (most recent call last) ‚îÄ‚îÄ‚îÄ‚îÄ‚îÄ‚îÄ‚îÄ‚îÄ‚îÄ‚îÄ‚îÄ‚îÄ‚îÄ‚îÄ‚îÄ‚îÄ‚îÄ‚îÄ‚îÄ‚îÄ‚îÄ‚îÄ‚îÄ
  /home/adminuser/venv/lib/python3.12/site-packages/streamlit/runtime/scriptru  
  nner/exec_code.py:128 in exec_func_with_error_handling                        
                                                                                
  /home/adminuser/venv/lib/python3.12/site-packages/streamlit/runtime/scriptru  
  nner/script_runner.py:669 in code_to_exec                                     
                                                                                
  /mount/src/clare-mvp-public/main.py:12 in <module>                            
                                                                                
      9 from functools import partial                                           
     10                                                                         
     11 # Import our modular components                                         
  ‚ù±  12 from src.database.config import validate_env_vars, create_tables        
     13 from src.auth.authentication import (                                   
     14 ‚îÇ   initialize_session_state,                                           
     15 ‚îÇ   handle_sign_in,                                                     
                                                                                
  /mount/src/clare-mvp-public/src/database/config.py:7 in <module>              
                                                                                
     4 """                                                                      
     5                                                                          
     6 import os                                                                
  ‚ù±  7 from sqlalchemy import create_engine, Table, Column, String, Text, Meta  
     8 from sqlalchemy.dialects.postgresql import UUID as PGUUID, JSONB         
     9 from datetime import datetime, timezone                                  
    10 import uuid                                                              
‚îÄ‚îÄ‚îÄ‚îÄ‚îÄ‚îÄ‚îÄ‚îÄ‚îÄ‚îÄ‚îÄ‚îÄ‚îÄ‚îÄ‚îÄ‚îÄ‚îÄ‚îÄ‚îÄ‚îÄ‚îÄ‚îÄ‚îÄ‚îÄ‚îÄ‚îÄ‚îÄ‚îÄ‚îÄ‚îÄ‚îÄ‚îÄ‚îÄ‚îÄ‚îÄ‚îÄ‚îÄ‚îÄ‚îÄ‚îÄ‚îÄ‚îÄ‚îÄ‚îÄ‚îÄ‚îÄ‚îÄ‚îÄ‚îÄ‚îÄ‚îÄ‚îÄ‚îÄ‚îÄ‚îÄ‚îÄ‚îÄ‚îÄ‚îÄ‚îÄ‚îÄ‚îÄ‚îÄ‚îÄ‚îÄ‚îÄ‚îÄ‚îÄ‚îÄ‚îÄ‚îÄ‚îÄ‚îÄ‚îÄ‚îÄ‚îÄ‚îÄ‚îÄ‚îÄ‚îÄ
ModuleNotFoundError: No module named 'sqlalchemy'
Collecting pandocfilters==1.5.1 (from -r /mount/src/clare-mvp-public/requirements.txt (line 150))
  Downloading pandocfilters-1.5.1-py2.py3-none-any.whl.metadata (9.0 kB)
Collecting parso==0.8.4 (from -r /mount/src/clare-mvp-public/requirements.txt (line 151))
  Downloading parso-0.8.4-py2.py3-none-any.whl.metadata (7.7 kB)
Collecting pgvector==0.4.1 (from -r /mount/src/clare-mvp-public/requirements.txt (line 152))
  Downloading pgvector-0.4.1-py3-none-any.whl.metadata (18 kB)
Collecting pillow==10.4.0 (from -r /mount/src/clare-mvp-public/requirements.txt (line 153))
  Downloading pillow-10.4.0-cp312-cp312-manylinux_2_28_x86_64.whl.metadata (9.2 kB)
Collecting platformdirs==4.3.6 (from -r /mount/src/clare-mvp-public/requirements.txt (line 154))
  Downloading platformdirs-4.3.6-py3-none-any.whl.metadata (11 kB)
Collecting postgres==4.0 (from -r /mount/src/clare-mvp-public/requirements.txt (line 155))
  Downloading postgres-4.0-py2.py3-none-any.whl.metadata (1.1 kB)
Collecting prometheus_client==0.21.1 (from -r /mount/src/clare-mvp-public/requirements.txt (line 156))
  Downloading prometheus_client-0.21.1-py3-none-any.whl.metadata (1.8 kB)
Collecting prompt_toolkit==3.0.50 (from -r /mount/src/clare-mvp-public/requirements.txt (line 157))
  Downloading prompt_toolkit-3.0.50-py3-none-any.whl.metadata (6.6 kB)
Collecting propcache==0.2.1 (from -r /mount/src/clare-mvp-public/requirements.txt (line 158))
  Downloading propcache-0.2.1-cp312-cp312-manylinux_2_17_x86_64.manylinux2014_x86_64.whl.metadata (9.2 kB)
Collecting proto-plus==1.26.0 (from -r /mount/src/clare-mvp-public/requirements.txt (line 159))
  Downloading proto_plus-1.26.0-py3-none-any.whl.metadata (2.2 kB)
Collecting protobuf==4.25.8 (from -r /mount/src/clare-mvp-public/requirements.txt (line 160))
  Downloading protobuf-4.25.8-cp37-abi3-manylinux2014_x86_64.whl.metadata (541 bytes)
Collecting psutil==6.1.1 (from -r /mount/src/clare-mvp-public/requirements.txt (line 161))
  Downloading psutil-6.1.1-cp36-abi3-manylinux_2_12_x86_64.manylinux2010_x86_64.manylinux_2_17_x86_64.manylinux2014_x86_64.whl.metadata (22 kB)
Collecting psycopg==3.2.10 (from -r /mount/src/clare-mvp-public/requirements.txt (line 162))
  Downloading psycopg-3.2.10-py3-none-any.whl.metadata (4.6 kB)
Collecting psycopg-binary==3.2.10 (from -r /mount/src/clare-mvp-public/requirements.txt (line 163))
  Downloading psycopg_binary-3.2.10-cp312-cp312-manylinux2014_x86_64.manylinux_2_17_x86_64.whl.metadata (3.0 kB)
Collecting psycopg-pool==3.2.6 (from -r /mount/src/clare-mvp-public/requirements.txt (line 164))
  Downloading psycopg_pool-3.2.6-py3-none-any.whl.metadata (2.6 kB)
Collecting psycopg2-binary==2.9.10 (from -r /mount/src/clare-mvp-public/requirements.txt (line 165))
  Downloading psycopg2_binary-2.9.10-cp312-cp312-manylinux_2_17_x86_64.manylinux2014_x86_64.whl.metadata (4.9 kB)
Collecting psycopg2-pool==1.2 (from -r /mount/src/clare-mvp-public/requirements.txt (line 166))
  Downloading psycopg2_pool-1.2-py2.py3-none-any.whl.metadata (1.3 kB)
Collecting pure_eval==0.2.3 (from -r /mount/src/clare-mvp-public/requirements.txt (line 167))
  Downloading pure_eval-0.2.3-py3-none-any.whl.metadata (6.3 kB)
Collecting pyarrow==19.0.1 (from -r /mount/src/clare-mvp-public/requirements.txt (line 168))
  Downloading pyarrow-19.0.1-cp312-cp312-manylinux_2_28_x86_64.whl.metadata (3.3 kB)
Collecting pyasn1==0.6.1 (from -r /mount/src/clare-mvp-public/requirements.txt (line 169))
  Downloading pyasn1-0.6.1-py3-none-any.whl.metadata (8.4 kB)
Collecting pyasn1_modules==0.4.1 (from -r /mount/src/clare-mvp-public/requirements.txt (line 170))
  Downloading pyasn1_modules-0.4.1-py3-none-any.whl.metadata (3.5 kB)
Collecting pycparser==2.22 (from -r /mount/src/clare-mvp-public/requirements.txt (line 171))
  Downloading pycparser-2.22-py3-none-any.whl.metadata (943 bytes)
Collecting pydantic==2.11.9 (from -r /mount/src/clare-mvp-public/requirements.txt (line 172))
  Downloading pydantic-2.11.9-py3-none-any.whl.metadata (68 kB)
     ‚îÅ‚îÅ‚îÅ‚îÅ‚îÅ‚îÅ‚îÅ‚îÅ‚îÅ‚îÅ‚îÅ‚îÅ‚îÅ‚îÅ‚îÅ‚îÅ‚îÅ‚îÅ‚îÅ‚îÅ‚îÅ‚îÅ‚îÅ‚îÅ‚îÅ‚îÅ‚îÅ‚îÅ‚îÅ‚îÅ‚îÅ‚îÅ‚îÅ‚îÅ‚îÅ‚îÅ‚îÅ‚îÅ‚îÅ 68.4/68.4 kB 164.7 MB/s eta 0:00:00[2025-09-21 23:19:27.339865] 
‚îÄ‚îÄ‚îÄ‚îÄ‚îÄ‚îÄ‚îÄ‚îÄ‚îÄ‚îÄ‚îÄ‚îÄ‚îÄ‚îÄ‚îÄ‚îÄ‚îÄ‚îÄ‚îÄ‚îÄ‚îÄ‚îÄ Traceback (most recent call last) ‚îÄ‚îÄ‚îÄ‚îÄ‚îÄ‚îÄ‚îÄ‚îÄ‚îÄ‚îÄ‚îÄ‚îÄ‚îÄ‚îÄ‚îÄ‚îÄ‚îÄ‚îÄ‚îÄ‚îÄ‚îÄ‚îÄ‚îÄ
  /home/adminuser/venv/lib/python3.12/site-packages/streamlit/runtime/scriptru  
  nner/exec_code.py:128 in exec_func_with_error_handling                        
                                                                                
  /home/adminuser/venv/lib/python3.12/site-packages/streamlit/runtime/scriptru  
  nner/script_runner.py:669 in code_to_exec                                     
                                                                                
  /mount/src/clare-mvp-public/main.py:12 in <module>                            
                                                                                
      9 from functools import partial                                           
     10                                                                         
     11 # Import our modular components                                         
  ‚ù±  12 from src.database.config import validate_env_vars, create_tables        
     13 from src.auth.authentication import (                                   
     14 ‚îÇ   initialize_session_state,                                           
     15 ‚îÇ   handle_sign_in,                                                     
                                                                                
  /mount/src/clare-mvp-public/src/database/config.py:7 in <module>              
                                                                                
     4 """                                                                      
     5                                                                          
     6 import os                                                                
  ‚ù±  7 from sqlalchemy import create_engine, Table, Column, String, Text, Meta  
     8 from sqlalchemy.dialects.postgresql import UUID as PGUUID, JSONB         
     9 from datetime import datetime, timezone                                  
    10 import uuid                                                              
‚îÄ‚îÄ‚îÄ‚îÄ‚îÄ‚îÄ‚îÄ‚îÄ‚îÄ‚îÄ‚îÄ‚îÄ‚îÄ‚îÄ‚îÄ‚îÄ‚îÄ‚îÄ‚îÄ‚îÄ‚îÄ‚îÄ‚îÄ‚îÄ‚îÄ‚îÄ‚îÄ‚îÄ‚îÄ‚îÄ‚îÄ‚îÄ‚îÄ‚îÄ‚îÄ‚îÄ‚îÄ‚îÄ‚îÄ‚îÄ‚îÄ‚îÄ‚îÄ‚îÄ‚îÄ‚îÄ‚îÄ‚îÄ‚îÄ‚îÄ‚îÄ‚îÄ‚îÄ‚îÄ‚îÄ‚îÄ‚îÄ‚îÄ‚îÄ‚îÄ‚îÄ‚îÄ‚îÄ‚îÄ‚îÄ‚îÄ‚îÄ‚îÄ‚îÄ‚îÄ‚îÄ‚îÄ‚îÄ‚îÄ‚îÄ‚îÄ‚îÄ‚îÄ‚îÄ‚îÄ
ModuleNotFoundError: No module named 'sqlalchemy'
Collecting pydantic-settings==2.10.1 (from -r /mount/src/clare-mvp-public/requirements.txt (line 173))
  Downloading pydantic_settings-2.10.1-py3-none-any.whl.metadata (3.4 kB)
2025-09-21 23:19:27.581 503 GET /script-health-check (127.0.0.1) 216.42ms
Collecting pydantic_core==2.33.2 (from -r /mount/src/clare-mvp-public/requirements.txt (line 174))
  Downloading pydantic_core-2.33.2-cp312-cp312-manylinux_2_17_x86_64.manylinux2014_x86_64.whl.metadata (6.8 kB)
Collecting pydeck==0.9.1 (from -r /mount/src/clare-mvp-public/requirements.txt (line 175))
  Downloading pydeck-0.9.1-py2.py3-none-any.whl.metadata (4.1 kB)
Collecting Pygments==2.19.1 (from -r /mount/src/clare-mvp-public/requirements.txt (line 176))
  Downloading pygments-2.19.1-py3-none-any.whl.metadata (2.5 kB)
Collecting PyMuPDF==1.25.3 (from -r /mount/src/clare-mvp-public/requirements.txt (line 177))
  Downloading pymupdf-1.25.3-cp39-abi3-manylinux2014_x86_64.manylinux_2_17_x86_64.whl.metadata (3.4 kB)
Collecting pymupdf4llm==0.0.17 (from -r /mount/src/clare-mvp-public/requirements.txt (line 178))
  Downloading pymupdf4llm-0.0.17-py3-none-any.whl.metadata (4.1 kB)
Collecting pyparsing==3.2.1 (from -r /mount/src/clare-mvp-public/requirements.txt (line 179))
  Downloading pyparsing-3.2.1-py3-none-any.whl.metadata (5.0 kB)
Collecting pypdf==5.3.0 (from -r /mount/src/clare-mvp-public/requirements.txt (line 180))
  Downloading pypdf-5.3.0-py3-none-any.whl.metadata (7.2 kB)
Collecting PySocks==1.7.1 (from -r /mount/src/clare-mvp-public/requirements.txt (line 181))
  Downloading PySocks-1.7.1-py3-none-any.whl.metadata (13 kB)
Collecting python-dateutil==2.9.0.post0 (from -r /mount/src/clare-mvp-public/requirements.txt (line 182))
  Downloading python_dateutil-2.9.0.post0-py2.py3-none-any.whl.metadata (8.4 kB)
Collecting python-dotenv==1.0.1 (from -r /mount/src/clare-mvp-public/requirements.txt (line 183))
  Downloading python_dotenv-1.0.1-py3-none-any.whl.metadata (23 kB)
Collecting python-json-logger==3.2.1 (from -r /mount/src/clare-mvp-public/requirements.txt (line 184))
  Downloading python_json_logger-3.2.1-py3-none-any.whl.metadata (4.1 kB)
Collecting pytz==2025.1 (from -r /mount/src/clare-mvp-public/requirements.txt (line 185))
  Downloading pytz-2025.1-py2.py3-none-any.whl.metadata (22 kB)
ERROR: Ignored the following versions that require a different python version: 0.0.1 Requires-Python >=3.8.1,<3.12; 0.0.2 Requires-Python >=3.8.1,<3.12; 0.0.2a0 Requires-Python >=3.8.1,<3.12; 0.0.3 Requires-Python >=3.8.1,<3.12; 0.0.4 Requires-Python >=3.8.1,<3.12; 0.0.5 Requires-Python >=3.8.1,<3.12; 0.0.6 Requires-Python >=3.8.1,<3.12; 0.0.7 Requires-Python >=3.8.1,<3.12; 0.0.8 Requires-Python >=3.8.1,<3.12; 0.1.0 Requires-Python <3.12,>=3.9.0; 0.1.0 Requires-Python >=3.8.1,<3.12; 0.1.1 Requires-Python <3.12,>=3.9.0; 0.1.1 Requires-Python >=3.8.1,<3.12; 0.1.2 Requires-Python <3.12,>=3.9.0; 0.1.2 Requires-Python >=3.8.1,<3.12; 0.1.3 Requires-Python >=3.8.1,<3.12; 0.1.4 Requires-Python >=3.8.1,<3.12; 0.10.0 Requires-Python >=3.8.1,<3.12; 0.10.1 Requires-Python >=3.8.1,<3.12; 0.10.11 Requires-Python >=3.8.1,<3.12; 0.10.12 Requires-Python >=3.8.1,<3.12; 0.10.3 Requires-Python >=3.8.1,<3.12; 0.10.4 Requires-Python >=3.8.1,<3.12; 0.5.12 Requires-Python >=3.7,<3.12; 0.5.13 Requires-Python >=3.7,<3.12; 0.8.43 Requires-Python >=3.8.1,<3.12; 0.8.43.post1 Requires-Python >=3.8.1,<3.12; 0.8.44 Requires-Python >=3.8.1,<3.12; 0.8.45 Requires-Python >=3.8.1,<3.12; 0.8.45.post1 Requires-Python >=3.8.1,<3.12; 0.8.46 Requires-Python >=3.8.1,<3.12; 0.8.47 Requires-Python >=3.8.1,<3.12; 0.8.48 Requires-Python >=3.8.1,<3.12; 0.8.49 Requires-Python >=3.8.1,<3.12; 0.8.50 Requires-Python >=3.8.1,<3.12; 0.8.51 Requires-Python >=3.8.1,<3.12; 0.8.51.post1 Requires-Python >=3.8.1,<3.12; 0.8.52 Requires-Python >=3.8.1,<3.12; 0.8.53 Requires-Python >=3.8.1,<3.12; 0.8.53.post3 Requires-Python >=3.8.1,<3.12; 0.8.54 Requires-Python >=3.8.1,<3.12; 0.8.55 Requires-Python >=3.8.1,<3.12; 0.8.56 Requires-Python >=3.8.1,<3.12; 0.8.57 Requires-Python >=3.8.1,<3.12; 0.8.58 Requires-Python >=3.8.1,<3.12; 0.8.59 Requires-Python >=3.8.1,<3.12; 0.8.61 Requires-Python >=3.8.1,<3.12; 0.8.62 Requires-Python >=3.8.1,<3.12; 0.8.63.post1 Requires-Python >=3.8.1,<3.12; 0.8.63.post2 Requires-Python >=3.8.1,<3.12; 0.8.64 Requires-Python >=3.8.1,<3.12; 0.8.64.post1 Requires-Python >=3.8.1,<3.12; 0.8.65 Requires-Python >=3.8.1,<3.12; 0.8.66 Requires-Python >=3.8.1,<3.12; 0.8.67 Requires-Python >=3.8.1,<3.12; 0.8.68 Requires-Python >=3.8.1,<3.12; 0.8.69 Requires-Python >=3.8.1,<3.12; 0.8.69.post1 Requires-Python >=3.8.1,<3.12; 0.8.69.post2 Requires-Python >=3.8.1,<3.12; 0.9.0 Requires-Python >=3.8.1,<3.12; 0.9.0.post1 Requires-Python >=3.8.1,<3.12; 0.9.0a1 Requires-Python >=3.8.1,<3.12; 0.9.0a2 Requires-Python >=3.8.1,<3.12; 0.9.0a3 Requires-Python >=3.8.1,<3.12; 0.9.1 Requires-Python >=3.8.1,<3.12; 0.9.10 Requires-Python >=3.8.1,<3.12; 0.9.10a1 Requires-Python >=3.8.1,<3.12; 0.9.10a2 Requires-Python >=3.8.1,<3.12; 0.9.11 Requires-Python >=3.8.1,<3.12; 0.9.11.post1 Requires-Python >=3.8.1,<3.12; 0.9.2 Requires-Python >=3.8.1,<3.12; 0.9.3 Requires-Python >=3.8.1,<3.12; 0.9.3.post1 Requires-Python >=3.8.1,<3.12; 0.9.4 Requires-Python >=3.8.1,<3.12; 0.9.5 Requires-Python >=3.8.1,<3.12; 0.9.6 Requires-Python >=3.8.1,<3.12; 0.9.6.post1 Requires-Python >=3.8.1,<3.12; 0.9.6.post2 Requires-Python >=3.8.1,<3.12; 0.9.7 Requires-Python >=3.8.1,<3.12; 0.9.8 Requires-Python >=3.8.1,<3.12; 0.9.8.post1 Requires-Python >=3.8.1,<3.12; 0.9.9 Requires-Python >=3.8.1,<3.12; 1.21.2 Requires-Python >=3.7,<3.11; 1.21.3 Requires-Python >=3.7,<3.11; 1.21.4 Requires-Python >=3.7,<3.11; 1.21.5 Requires-Python >=3.7,<3.11; 1.21.6 Requires-Python >=3.7,<3.11
ERROR: Could not find a version that satisfies the requirement pywin32==308 (from versions: none)
ERROR: No matching distribution found for pywin32==308

[notice] A new release of pip is available: 24.0 -> 25.2
[notice] To update, run: pip install --upgrade pip
Checking if Streamlit is installed
Found Streamlit version 1.49.1 in the environment
Installing rich for an improved exception logging
Using standard pip install.
‚îÄ‚îÄ‚îÄ‚îÄ‚îÄ‚îÄ‚îÄ‚îÄ‚îÄ‚îÄ‚îÄ‚îÄ‚îÄ‚îÄ‚îÄ‚îÄ‚îÄ‚îÄ‚îÄ‚îÄ‚îÄ‚îÄ Traceback (most recent call last) ‚îÄ‚îÄ‚îÄ‚îÄ‚îÄ‚îÄ‚îÄ‚îÄ‚îÄ‚îÄ‚îÄ‚îÄ‚îÄ‚îÄ‚îÄ‚îÄ‚îÄ‚îÄ‚îÄ‚îÄ‚îÄ‚îÄ‚îÄ
  /home/adminuser/venv/lib/python3.12/site-packages/streamlit/runtime/scriptru  
  nner/exec_code.py:128 in exec_func_with_error_handling                        
                                                                                
  /home/adminuser/venv/lib/python3.12/site-packages/streamlit/runtime/scriptru  
  nner/script_runner.py:669 in code_to_exec                                     
                                                                                
  /mount/src/clare-mvp-public/main.py:12 in <module>                            
                                                                                
      9 from functools import partial                                           
     10                                                                         
     11 # Import our modular components                                         
  ‚ù±  12 from src.database.config import validate_env_vars, create_tables        
     13 from src.auth.authentication import (                                   
     14 ‚îÇ   initialize_session_state,                                           
     15 ‚îÇ   handle_sign_in,                                                     
                                                                                
  /mount/src/clare-mvp-public/src/database/config.py:7 in <module>              
                                                                                
     4 """                                                                      
     5                                                                          
     6 import os                                                                
  ‚ù±  7 from sqlalchemy import create_engine, Table, Column, String, Text, Meta  
     8 from sqlalchemy.dialects.postgresql import UUID as PGUUID, JSONB         
     9 from datetime import datetime, timezone                                  
    10 import uuid                                                              
‚îÄ‚îÄ‚îÄ‚îÄ‚îÄ‚îÄ‚îÄ‚îÄ‚îÄ‚îÄ‚îÄ‚îÄ‚îÄ‚îÄ‚îÄ‚îÄ‚îÄ‚îÄ‚îÄ‚îÄ‚îÄ‚îÄ‚îÄ‚îÄ‚îÄ‚îÄ‚îÄ‚îÄ‚îÄ‚îÄ‚îÄ‚îÄ‚îÄ‚îÄ‚îÄ‚îÄ‚îÄ‚îÄ‚îÄ‚îÄ‚îÄ‚îÄ‚îÄ‚îÄ‚îÄ‚îÄ‚îÄ‚îÄ‚îÄ‚îÄ‚îÄ‚îÄ‚îÄ‚îÄ‚îÄ‚îÄ‚îÄ‚îÄ‚îÄ‚îÄ‚îÄ‚îÄ‚îÄ‚îÄ‚îÄ‚îÄ‚îÄ‚îÄ‚îÄ‚îÄ‚îÄ‚îÄ‚îÄ‚îÄ‚îÄ‚îÄ‚îÄ‚îÄ‚îÄ‚îÄ
ModuleNotFoundError: No module named 'sqlalchemy'
2025-09-21 23:19:32.645 503 GET /script-health-check (127.0.0.1) 221.83ms
Collecting rich>=10.14.0
  Downloading rich-14.1.0-py3-none-any.whl.metadata (18 kB)
Collecting markdown-it-py>=2.2.0 (from rich>=10.14.0)
  Downloading markdown_it_py-4.0.0-py3-none-any.whl.metadata (7.3 kB)
Collecting pygments<3.0.0,>=2.13.0 (from rich>=10.14.0)
  Downloading pygments-2.19.2-py3-none-any.whl.metadata (2.5 kB)
Collecting mdurl~=0.1 (from markdown-it-py>=2.2.0->rich>=10.14.0)
  Downloading mdurl-0.1.2-py3-none-any.whl.metadata (1.6 kB)
Downloading rich-14.1.0-py3-none-any.whl (243 kB)
   ‚îÅ‚îÅ‚îÅ‚îÅ‚îÅ‚îÅ‚îÅ‚îÅ‚îÅ‚îÅ‚îÅ‚îÅ‚îÅ‚îÅ‚îÅ‚îÅ‚îÅ‚îÅ‚îÅ‚îÅ‚îÅ‚îÅ‚îÅ‚îÅ‚îÅ‚îÅ‚îÅ‚îÅ‚îÅ‚îÅ‚îÅ‚îÅ‚îÅ‚îÅ‚îÅ‚îÅ‚îÅ‚îÅ‚îÅ‚îÅ 243.4/243.4 kB 13.7 MB/s eta 0:00:00
Downloading markdown_it_py-4.0.0-py3-none-any.whl (87 kB)
   ‚îÅ‚îÅ‚îÅ‚îÅ‚îÅ‚îÅ‚îÅ‚îÅ‚îÅ‚îÅ‚îÅ‚îÅ‚îÅ‚îÅ‚îÅ‚îÅ‚îÅ‚îÅ‚îÅ‚îÅ‚îÅ‚îÅ‚îÅ‚îÅ‚îÅ‚îÅ‚îÅ‚îÅ‚îÅ‚îÅ‚îÅ‚îÅ‚îÅ‚îÅ‚îÅ‚îÅ‚îÅ‚îÅ‚îÅ‚îÅ 87.3/87.3 kB 200.2 MB/s eta 0:00:00[2025-09-21 23:19:33.499890] 
Downloading pygments-2.19.2-py3-none-any.whl (1.2 MB)
   ‚îÅ‚îÅ‚îÅ‚îÅ‚îÅ‚îÅ‚îÅ‚îÅ‚îÅ‚îÅ‚îÅ‚îÅ‚îÅ‚îÅ‚îÅ‚îÅ‚îÅ‚îÅ‚îÅ‚îÅ‚îÅ‚îÅ‚îÅ‚îÅ‚îÅ‚îÅ‚îÅ‚îÅ‚îÅ‚îÅ‚îÅ‚îÅ‚îÅ‚îÅ‚îÅ‚îÅ‚îÅ‚îÅ‚îÅ‚îÅ 1.2/1.2 MB 74.0 MB/s eta 0:00:00[2025-09-21 23:19:33.528306] 
Downloading mdurl-0.1.2-py3-none-any.whl (10.0 kB)
Installing collected packages: pygments, mdurl, markdown-it-py, rich
  Attempting uninstall: pygments
    Found existing installation: Pygments 2.19.2
    Uninstalling Pygments-2.19.2:
      Successfully uninstalled Pygments-2.19.2
  Attempting uninstall: mdurl
    Found existing installation: mdurl 0.1.2
    Uninstalling mdurl-0.1.2:
      Successfully uninstalled mdurl-0.1.2
  Attempting uninstall: markdown-it-py
    Found existing installation: markdown-it-py 4.0.0
    Uninstalling markdown-it-py-4.0.0:
      Successfully uninstalled markdown-it-py-4.0.0
  Attempting uninstall: rich
    Found existing installation: rich 14.1.0
    Uninstalling rich-14.1.0:
      Successfully uninstalled rich-14.1.0
Successfully installed markdown-it-py-4.0.0 mdurl-0.1.2 pygments-2.19.2 rich-14.1.0

[notice] A new release of pip is available: 24.0 -> 25.2
[notice] To update, run: pip install --upgrade pip

‚îÄ‚îÄ‚îÄ‚îÄ‚îÄ‚îÄ‚îÄ‚îÄ‚îÄ‚îÄ‚îÄ‚îÄ‚îÄ‚îÄ‚îÄ‚îÄ‚îÄ‚îÄ‚îÄ‚îÄ‚îÄ‚îÄ‚îÄ‚îÄ‚îÄ‚îÄ‚îÄ‚îÄ‚îÄ‚îÄ‚îÄ‚îÄ‚îÄ‚îÄ‚îÄ‚îÄ‚îÄ‚îÄ‚îÄ‚îÄ‚îÄ‚îÄ‚îÄ‚îÄ‚îÄ‚îÄ‚îÄ‚îÄ‚îÄ‚îÄ‚îÄ‚îÄ‚îÄ‚îÄ‚îÄ‚îÄ‚îÄ‚îÄ‚îÄ‚îÄ‚îÄ‚îÄ‚îÄ‚îÄ‚îÄ‚îÄ‚îÄ‚îÄ‚îÄ‚îÄ‚îÄ‚îÄ‚îÄ‚îÄ‚îÄ‚îÄ‚îÄ‚îÄ‚îÄ‚îÄ‚îÄ‚îÄ‚îÄ‚îÄ‚îÄ‚îÄ‚îÄ‚îÄ

[23:19:35] ‚ùóÔ∏è installer returned a non-zero exit code